[3.063s] Invoking command in '/home/flejv/bc_ws/src/parser_pkg': PYTHONPATH=/home/flejv/bc_ws/build/parser_pkg/prefix_override:/home/flejv/bc_ws/install/parser_pkg/lib/python3.10/site-packages:${PYTHONPATH} /usr/bin/python3 setup.py egg_info --egg-base ../../build/parser_pkg build --build-base /home/flejv/bc_ws/build/parser_pkg/build install --record /home/flejv/bc_ws/build/parser_pkg/install.log --single-version-externally-managed
[3.585s] running egg_info
[3.613s] writing ../../build/parser_pkg/parser_pkg.egg-info/PKG-INFO
[3.615s] writing dependency_links to ../../build/parser_pkg/parser_pkg.egg-info/dependency_links.txt
[3.615s] writing entry points to ../../build/parser_pkg/parser_pkg.egg-info/entry_points.txt
[3.616s] writing requirements to ../../build/parser_pkg/parser_pkg.egg-info/requires.txt
[3.616s] writing top-level names to ../../build/parser_pkg/parser_pkg.egg-info/top_level.txt
[3.677s] reading manifest file '../../build/parser_pkg/parser_pkg.egg-info/SOURCES.txt'
[3.704s] adding license file 'LICENSE'
[3.704s] writing manifest file '../../build/parser_pkg/parser_pkg.egg-info/SOURCES.txt'
[3.704s] running build
[3.704s] running build_py
[3.704s] copying parser_pkg/__init__.py -> /home/flejv/bc_ws/build/parser_pkg/build/lib/parser_pkg
[3.705s] copying parser_pkg/parser.py -> /home/flejv/bc_ws/build/parser_pkg/build/lib/parser_pkg
[3.705s] running install
[3.722s] /home/flejv/.local/lib/python3.10/site-packages/setuptools/_distutils/cmd.py:66: SetuptoolsDeprecationWarning: setup.py install is deprecated.
[3.722s] !!
[3.722s] 
[3.722s]         ********************************************************************************
[3.722s]         Please avoid running ``setup.py`` directly.
[3.722s]         Instead, use pypa/build, pypa/installer or other
[3.722s]         standards-based tools.
[3.723s] 
[3.723s]         See https://blog.ganssle.io/articles/2021/10/setup-py-deprecated.html for details.
[3.723s]         ********************************************************************************
[3.723s] 
[3.723s] !!
[3.723s]   self.initialize_options()
[3.738s] running install_lib
[3.770s] running install_data
[3.801s] copying resource/parser_pkg -> /home/flejv/bc_ws/install/parser_pkg/share/ament_index/resource_index/packages
[3.802s] copying package.xml -> /home/flejv/bc_ws/install/parser_pkg/share/parser_pkg
[3.802s] running install_egg_info
[3.839s] removing '/home/flejv/bc_ws/install/parser_pkg/lib/python3.10/site-packages/parser_pkg-0.0.0-py3.10.egg-info' (and everything under it)
[3.840s] Copying ../../build/parser_pkg/parser_pkg.egg-info to /home/flejv/bc_ws/install/parser_pkg/lib/python3.10/site-packages/parser_pkg-0.0.0-py3.10.egg-info
[3.859s] running install_scripts
[4.188s] Installing parser script to /home/flejv/bc_ws/install/parser_pkg/lib/parser_pkg
[4.189s] writing list of installed files to '/home/flejv/bc_ws/build/parser_pkg/install.log'
[4.292s] Invoked command in '/home/flejv/bc_ws/src/parser_pkg' returned '0': PYTHONPATH=/home/flejv/bc_ws/build/parser_pkg/prefix_override:/home/flejv/bc_ws/install/parser_pkg/lib/python3.10/site-packages:${PYTHONPATH} /usr/bin/python3 setup.py egg_info --egg-base ../../build/parser_pkg build --build-base /home/flejv/bc_ws/build/parser_pkg/build install --record /home/flejv/bc_ws/build/parser_pkg/install.log --single-version-externally-managed
