[2.455s] Invoking command in '/home/flejv/bc_ws/src/parser_pkg': PYTHONPATH=/home/flejv/bc_ws/build/parser_pkg/prefix_override:/home/flejv/bc_ws/install/parser_pkg/lib/python3.10/site-packages:${PYTHONPATH} /usr/bin/python3 setup.py egg_info --egg-base ../../build/parser_pkg build --build-base /home/flejv/bc_ws/build/parser_pkg/build install --record /home/flejv/bc_ws/build/parser_pkg/install.log --single-version-externally-managed
[2.949s] running egg_info
[2.975s] writing ../../build/parser_pkg/parser_pkg.egg-info/PKG-INFO
[2.976s] writing dependency_links to ../../build/parser_pkg/parser_pkg.egg-info/dependency_links.txt
[2.977s] writing entry points to ../../build/parser_pkg/parser_pkg.egg-info/entry_points.txt
[2.977s] writing requirements to ../../build/parser_pkg/parser_pkg.egg-info/requires.txt
[2.978s] writing top-level names to ../../build/parser_pkg/parser_pkg.egg-info/top_level.txt
[3.037s] reading manifest file '../../build/parser_pkg/parser_pkg.egg-info/SOURCES.txt'
[3.038s] adding license file 'LICENSE'
[3.039s] writing manifest file '../../build/parser_pkg/parser_pkg.egg-info/SOURCES.txt'
[3.039s] running build
[3.039s] running build_py
[3.039s] copying parser_pkg/__init__.py -> /home/flejv/bc_ws/build/parser_pkg/build/lib/parser_pkg
[3.040s] copying parser_pkg/parser.py -> /home/flejv/bc_ws/build/parser_pkg/build/lib/parser_pkg
[3.040s] running install
[3.041s] /home/flejv/.local/lib/python3.10/site-packages/setuptools/_distutils/cmd.py:66: SetuptoolsDeprecationWarning: setup.py install is deprecated.
[3.041s] !!
[3.041s] 
[3.041s]         ********************************************************************************
[3.041s]         Please avoid running ``setup.py`` directly.
[3.041s]         Instead, use pypa/build, pypa/installer or other
[3.041s]         standards-based tools.
[3.041s] 
[3.042s]         See https://blog.ganssle.io/articles/2021/10/setup-py-deprecated.html for details.
[3.042s]         ********************************************************************************
[3.042s] 
[3.042s] !!
[3.042s]   self.initialize_options()
[3.050s] running install_lib
[3.082s] copying /home/flejv/bc_ws/build/parser_pkg/build/lib/parser_pkg/parser.py -> /home/flejv/bc_ws/install/parser_pkg/lib/python3.10/site-packages/parser_pkg
[3.083s] byte-compiling /home/flejv/bc_ws/install/parser_pkg/lib/python3.10/site-packages/parser_pkg/parser.py to parser.cpython-310.pyc
[3.086s] running install_data
[3.118s] copying resource/parser_pkg -> /home/flejv/bc_ws/install/parser_pkg/share/ament_index/resource_index/packages
[3.119s] copying package.xml -> /home/flejv/bc_ws/install/parser_pkg/share/parser_pkg
[3.120s] running install_egg_info
[3.150s] removing '/home/flejv/bc_ws/install/parser_pkg/lib/python3.10/site-packages/parser_pkg-0.0.0-py3.10.egg-info' (and everything under it)
[3.151s] Copying ../../build/parser_pkg/parser_pkg.egg-info to /home/flejv/bc_ws/install/parser_pkg/lib/python3.10/site-packages/parser_pkg-0.0.0-py3.10.egg-info
[3.153s] running install_scripts
[3.535s] Installing parser script to /home/flejv/bc_ws/install/parser_pkg/lib/parser_pkg
[3.537s] writing list of installed files to '/home/flejv/bc_ws/build/parser_pkg/install.log'
[3.654s] Invoked command in '/home/flejv/bc_ws/src/parser_pkg' returned '0': PYTHONPATH=/home/flejv/bc_ws/build/parser_pkg/prefix_override:/home/flejv/bc_ws/install/parser_pkg/lib/python3.10/site-packages:${PYTHONPATH} /usr/bin/python3 setup.py egg_info --egg-base ../../build/parser_pkg build --build-base /home/flejv/bc_ws/build/parser_pkg/build install --record /home/flejv/bc_ws/build/parser_pkg/install.log --single-version-externally-managed
