[0.131s] Invoking command in '/home/flejv/bc_ws/build/leap_gesture_interface': CMAKE_PREFIX_PATH=${CMAKE_PREFIX_PATH}:/opt/ros/humble /usr/bin/cmake --build /home/flejv/bc_ws/build/leap_gesture_interface -- -j8 -l8
[0.202s] [ 11%] Built target libExampleConnection
[0.248s] [ 55%] Built target leap_example_node
[0.254s] [ 55%] Built target gesture_interface_node
[0.257s] [ 77%] Built target rpy
[0.332s] [100%] Built target carth
[0.366s] Invoked command in '/home/flejv/bc_ws/build/leap_gesture_interface' returned '0': CMAKE_PREFIX_PATH=${CMAKE_PREFIX_PATH}:/opt/ros/humble /usr/bin/cmake --build /home/flejv/bc_ws/build/leap_gesture_interface -- -j8 -l8
[0.445s] Invoking command in '/home/flejv/bc_ws/build/leap_gesture_interface': CMAKE_PREFIX_PATH=${CMAKE_PREFIX_PATH}:/opt/ros/humble /usr/bin/cmake --install /home/flejv/bc_ws/build/leap_gesture_interface
[0.458s] -- Install configuration: ""
[0.458s] -- Up-to-date: /home/flejv/bc_ws/install/leap_gesture_interface/lib/leap_gesture_interface/gesture_interface_node
[0.459s] -- Up-to-date: /home/flejv/bc_ws/install/leap_gesture_interface/lib/leap_gesture_interface/leap_example_node
[0.460s] -- Up-to-date: /home/flejv/bc_ws/install/leap_gesture_interface/lib/leap_gesture_interface/carth
[0.460s] -- Up-to-date: /home/flejv/bc_ws/install/leap_gesture_interface/lib/leap_gesture_interface/rpy
[0.461s] -- Up-to-date: /home/flejv/bc_ws/install/leap_gesture_interface/share/ament_index/resource_index/package_run_dependencies/leap_gesture_interface
[0.461s] -- Up-to-date: /home/flejv/bc_ws/install/leap_gesture_interface/share/ament_index/resource_index/parent_prefix_path/leap_gesture_interface
[0.462s] -- Up-to-date: /home/flejv/bc_ws/install/leap_gesture_interface/share/leap_gesture_interface/environment/ament_prefix_path.sh
[0.462s] -- Up-to-date: /home/flejv/bc_ws/install/leap_gesture_interface/share/leap_gesture_interface/environment/ament_prefix_path.dsv
[0.463s] -- Up-to-date: /home/flejv/bc_ws/install/leap_gesture_interface/share/leap_gesture_interface/environment/path.sh
[0.463s] -- Up-to-date: /home/flejv/bc_ws/install/leap_gesture_interface/share/leap_gesture_interface/environment/path.dsv
[0.463s] -- Up-to-date: /home/flejv/bc_ws/install/leap_gesture_interface/share/leap_gesture_interface/local_setup.bash
[0.464s] -- Up-to-date: /home/flejv/bc_ws/install/leap_gesture_interface/share/leap_gesture_interface/local_setup.sh
[0.465s] -- Up-to-date: /home/flejv/bc_ws/install/leap_gesture_interface/share/leap_gesture_interface/local_setup.zsh
[0.466s] -- Up-to-date: /home/flejv/bc_ws/install/leap_gesture_interface/share/leap_gesture_interface/local_setup.dsv
[0.467s] -- Installing: /home/flejv/bc_ws/install/leap_gesture_interface/share/leap_gesture_interface/package.dsv
[0.467s] -- Up-to-date: /home/flejv/bc_ws/install/leap_gesture_interface/share/ament_index/resource_index/packages/leap_gesture_interface
[0.467s] -- Up-to-date: /home/flejv/bc_ws/install/leap_gesture_interface/share/leap_gesture_interface/cmake/leap_gesture_interfaceConfig.cmake
[0.468s] -- Up-to-date: /home/flejv/bc_ws/install/leap_gesture_interface/share/leap_gesture_interface/cmake/leap_gesture_interfaceConfig-version.cmake
[0.473s] -- Up-to-date: /home/flejv/bc_ws/install/leap_gesture_interface/share/leap_gesture_interface/package.xml
[0.478s] Invoked command in '/home/flejv/bc_ws/build/leap_gesture_interface' returned '0': CMAKE_PREFIX_PATH=${CMAKE_PREFIX_PATH}:/opt/ros/humble /usr/bin/cmake --install /home/flejv/bc_ws/build/leap_gesture_interface
