[1.080s] DEBUG:colcon:Command line arguments: ['/usr/bin/colcon', 'build']
[1.080s] DEBUG:colcon:Parsed command line arguments: Namespace(log_base=None, log_level=None, verb_name='build', build_base='build', install_base='install', merge_install=False, symlink_install=False, test_result_base=None, continue_on_error=False, executor='parallel', parallel_workers=8, event_handlers=None, ignore_user_meta=False, metas=['./colcon.meta'], base_paths=['.'], packages_ignore=None, packages_ignore_regex=None, paths=None, packages_up_to=None, packages_up_to_regex=None, packages_above=None, packages_above_and_dependencies=None, packages_above_depth=None, packages_select_by_dep=None, packages_skip_by_dep=None, packages_skip_up_to=None, packages_select_build_failed=False, packages_skip_build_finished=False, packages_select_test_failures=False, packages_skip_test_passed=False, packages_select=None, packages_skip=None, packages_select_regex=None, packages_skip_regex=None, packages_start=None, packages_end=None, allow_overriding=[], cmake_args=None, cmake_target=None, cmake_target_skip_unavailable=False, cmake_clean_cache=False, cmake_clean_first=False, cmake_force_configure=False, ament_cmake_args=None, catkin_cmake_args=None, catkin_skip_building_tests=False, verb_parser=<colcon_defaults.argument_parser.defaults.DefaultArgumentsDecorator object at 0x74b5475f8100>, verb_extension=<colcon_core.verb.build.BuildVerb object at 0x74b5477b9d50>, main=<bound method BuildVerb.main of <colcon_core.verb.build.BuildVerb object at 0x74b5477b9d50>>)
[1.154s] Level 1:colcon.colcon_core.package_discovery:discover_packages(colcon_meta) check parameters
[1.154s] Level 1:colcon.colcon_core.package_discovery:discover_packages(recursive) check parameters
[1.154s] Level 1:colcon.colcon_core.package_discovery:discover_packages(ignore) check parameters
[1.154s] Level 1:colcon.colcon_core.package_discovery:discover_packages(path) check parameters
[1.154s] Level 1:colcon.colcon_core.package_discovery:discover_packages(colcon_meta) discover
[1.154s] Level 1:colcon.colcon_core.package_discovery:discover_packages(recursive) discover
[1.154s] INFO:colcon.colcon_core.package_discovery:Crawling recursively for packages in '/home/flejv/bc_ws'
[1.154s] Level 1:colcon.colcon_core.package_identification:_identify(.) by extensions ['ignore', 'ignore_ament_install']
[1.155s] Level 1:colcon.colcon_core.package_identification:_identify(.) by extension 'ignore'
[1.155s] Level 1:colcon.colcon_core.package_identification:_identify(.) by extension 'ignore_ament_install'
[1.155s] Level 1:colcon.colcon_core.package_identification:_identify(.) by extensions ['colcon_pkg']
[1.155s] Level 1:colcon.colcon_core.package_identification:_identify(.) by extension 'colcon_pkg'
[1.155s] Level 1:colcon.colcon_core.package_identification:_identify(.) by extensions ['colcon_meta']
[1.155s] Level 1:colcon.colcon_core.package_identification:_identify(.) by extension 'colcon_meta'
[1.155s] Level 1:colcon.colcon_core.package_identification:_identify(.) by extensions ['ros']
[1.155s] Level 1:colcon.colcon_core.package_identification:_identify(.) by extension 'ros'
[1.174s] Level 1:colcon.colcon_core.package_identification:_identify(.) by extensions ['cmake', 'python']
[1.175s] Level 1:colcon.colcon_core.package_identification:_identify(.) by extension 'cmake'
[1.175s] Level 1:colcon.colcon_core.package_identification:_identify(.) by extension 'python'
[1.175s] Level 1:colcon.colcon_core.package_identification:_identify(.) by extensions ['python_setup_py']
[1.175s] Level 1:colcon.colcon_core.package_identification:_identify(.) by extension 'python_setup_py'
[1.175s] Level 1:colcon.colcon_core.package_identification:_identify(build) by extensions ['ignore', 'ignore_ament_install']
[1.175s] Level 1:colcon.colcon_core.package_identification:_identify(build) by extension 'ignore'
[1.175s] Level 1:colcon.colcon_core.package_identification:_identify(build) ignored
[1.175s] Level 1:colcon.colcon_core.package_identification:_identify(install) by extensions ['ignore', 'ignore_ament_install']
[1.176s] Level 1:colcon.colcon_core.package_identification:_identify(install) by extension 'ignore'
[1.176s] Level 1:colcon.colcon_core.package_identification:_identify(install) ignored
[1.176s] Level 1:colcon.colcon_core.package_identification:_identify(log) by extensions ['ignore', 'ignore_ament_install']
[1.176s] Level 1:colcon.colcon_core.package_identification:_identify(log) by extension 'ignore'
[1.176s] Level 1:colcon.colcon_core.package_identification:_identify(log) ignored
[1.176s] Level 1:colcon.colcon_core.package_identification:_identify(src) by extensions ['ignore', 'ignore_ament_install']
[1.176s] Level 1:colcon.colcon_core.package_identification:_identify(src) by extension 'ignore'
[1.176s] Level 1:colcon.colcon_core.package_identification:_identify(src) by extension 'ignore_ament_install'
[1.176s] Level 1:colcon.colcon_core.package_identification:_identify(src) by extensions ['colcon_pkg']
[1.176s] Level 1:colcon.colcon_core.package_identification:_identify(src) by extension 'colcon_pkg'
[1.177s] Level 1:colcon.colcon_core.package_identification:_identify(src) by extensions ['colcon_meta']
[1.177s] Level 1:colcon.colcon_core.package_identification:_identify(src) by extension 'colcon_meta'
[1.177s] Level 1:colcon.colcon_core.package_identification:_identify(src) by extensions ['ros']
[1.177s] Level 1:colcon.colcon_core.package_identification:_identify(src) by extension 'ros'
[1.177s] Level 1:colcon.colcon_core.package_identification:_identify(src) by extensions ['cmake', 'python']
[1.177s] Level 1:colcon.colcon_core.package_identification:_identify(src) by extension 'cmake'
[1.177s] Level 1:colcon.colcon_core.package_identification:_identify(src) by extension 'python'
[1.177s] Level 1:colcon.colcon_core.package_identification:_identify(src) by extensions ['python_setup_py']
[1.177s] Level 1:colcon.colcon_core.package_identification:_identify(src) by extension 'python_setup_py'
[1.177s] Level 1:colcon.colcon_core.package_identification:_identify(src/bc_pkg) by extensions ['ignore', 'ignore_ament_install']
[1.177s] Level 1:colcon.colcon_core.package_identification:_identify(src/bc_pkg) by extension 'ignore'
[1.177s] Level 1:colcon.colcon_core.package_identification:_identify(src/bc_pkg) by extension 'ignore_ament_install'
[1.177s] Level 1:colcon.colcon_core.package_identification:_identify(src/bc_pkg) by extensions ['colcon_pkg']
[1.177s] Level 1:colcon.colcon_core.package_identification:_identify(src/bc_pkg) by extension 'colcon_pkg'
[1.178s] Level 1:colcon.colcon_core.package_identification:_identify(src/bc_pkg) by extensions ['colcon_meta']
[1.178s] Level 1:colcon.colcon_core.package_identification:_identify(src/bc_pkg) by extension 'colcon_meta'
[1.178s] Level 1:colcon.colcon_core.package_identification:_identify(src/bc_pkg) by extensions ['ros']
[1.178s] Level 1:colcon.colcon_core.package_identification:_identify(src/bc_pkg) by extension 'ros'
[1.183s] DEBUG:colcon.colcon_core.package_identification:Package 'src/bc_pkg' with type 'ros.ament_cmake' and name 'bc_pkg'
[1.183s] Level 1:colcon.colcon_core.package_identification:_identify(src/leap_gesture_interface) by extensions ['ignore', 'ignore_ament_install']
[1.183s] Level 1:colcon.colcon_core.package_identification:_identify(src/leap_gesture_interface) by extension 'ignore'
[1.183s] Level 1:colcon.colcon_core.package_identification:_identify(src/leap_gesture_interface) by extension 'ignore_ament_install'
[1.183s] Level 1:colcon.colcon_core.package_identification:_identify(src/leap_gesture_interface) by extensions ['colcon_pkg']
[1.183s] Level 1:colcon.colcon_core.package_identification:_identify(src/leap_gesture_interface) by extension 'colcon_pkg'
[1.183s] Level 1:colcon.colcon_core.package_identification:_identify(src/leap_gesture_interface) by extensions ['colcon_meta']
[1.183s] Level 1:colcon.colcon_core.package_identification:_identify(src/leap_gesture_interface) by extension 'colcon_meta'
[1.183s] Level 1:colcon.colcon_core.package_identification:_identify(src/leap_gesture_interface) by extensions ['ros']
[1.183s] Level 1:colcon.colcon_core.package_identification:_identify(src/leap_gesture_interface) by extension 'ros'
[1.185s] DEBUG:colcon.colcon_core.package_identification:Package 'src/leap_gesture_interface' with type 'ros.ament_cmake' and name 'leap_gesture_interface'
[1.185s] Level 1:colcon.colcon_core.package_identification:_identify(src/px4_msgs) by extensions ['ignore', 'ignore_ament_install']
[1.185s] Level 1:colcon.colcon_core.package_identification:_identify(src/px4_msgs) by extension 'ignore'
[1.185s] Level 1:colcon.colcon_core.package_identification:_identify(src/px4_msgs) by extension 'ignore_ament_install'
[1.185s] Level 1:colcon.colcon_core.package_identification:_identify(src/px4_msgs) by extensions ['colcon_pkg']
[1.185s] Level 1:colcon.colcon_core.package_identification:_identify(src/px4_msgs) by extension 'colcon_pkg'
[1.185s] Level 1:colcon.colcon_core.package_identification:_identify(src/px4_msgs) by extensions ['colcon_meta']
[1.185s] Level 1:colcon.colcon_core.package_identification:_identify(src/px4_msgs) by extension 'colcon_meta'
[1.185s] Level 1:colcon.colcon_core.package_identification:_identify(src/px4_msgs) by extensions ['ros']
[1.185s] Level 1:colcon.colcon_core.package_identification:_identify(src/px4_msgs) by extension 'ros'
[1.186s] DEBUG:colcon.colcon_core.package_identification:Package 'src/px4_msgs' with type 'ros.ament_cmake' and name 'px4_msgs'
[1.186s] Level 1:colcon.colcon_core.package_discovery:discover_packages(recursive) using defaults
[1.186s] Level 1:colcon.colcon_core.package_discovery:discover_packages(ignore) discover
[1.186s] Level 1:colcon.colcon_core.package_discovery:discover_packages(ignore) using defaults
[1.186s] Level 1:colcon.colcon_core.package_discovery:discover_packages(path) discover
[1.186s] Level 1:colcon.colcon_core.package_discovery:discover_packages(path) using defaults
[1.317s] Level 1:colcon.colcon_core.package_discovery:discover_packages(prefix_path) check parameters
[1.317s] Level 1:colcon.colcon_core.package_discovery:discover_packages(prefix_path) discover
[1.359s] DEBUG:colcon.colcon_installed_package_information.package_discovery:Found 3 installed packages in /home/flejv/bc_ws/install
[1.381s] DEBUG:colcon.colcon_installed_package_information.package_discovery:Found 270 installed packages in /opt/ros/humble
[1.384s] Level 1:colcon.colcon_core.package_discovery:discover_packages(prefix_path) using defaults
[1.492s] Level 5:colcon.colcon_core.verb:set package 'leap_gesture_interface' build argument 'cmake_args' from command line to 'None'
[1.492s] Level 5:colcon.colcon_core.verb:set package 'leap_gesture_interface' build argument 'cmake_target' from command line to 'None'
[1.492s] Level 5:colcon.colcon_core.verb:set package 'leap_gesture_interface' build argument 'cmake_target_skip_unavailable' from command line to 'False'
[1.492s] Level 5:colcon.colcon_core.verb:set package 'leap_gesture_interface' build argument 'cmake_clean_cache' from command line to 'False'
[1.492s] Level 5:colcon.colcon_core.verb:set package 'leap_gesture_interface' build argument 'cmake_clean_first' from command line to 'False'
[1.492s] Level 5:colcon.colcon_core.verb:set package 'leap_gesture_interface' build argument 'cmake_force_configure' from command line to 'False'
[1.492s] Level 5:colcon.colcon_core.verb:set package 'leap_gesture_interface' build argument 'ament_cmake_args' from command line to 'None'
[1.492s] Level 5:colcon.colcon_core.verb:set package 'leap_gesture_interface' build argument 'catkin_cmake_args' from command line to 'None'
[1.492s] Level 5:colcon.colcon_core.verb:set package 'leap_gesture_interface' build argument 'catkin_skip_building_tests' from command line to 'False'
[1.492s] DEBUG:colcon.colcon_core.verb:Building package 'leap_gesture_interface' with the following arguments: {'ament_cmake_args': None, 'build_base': '/home/flejv/bc_ws/build/leap_gesture_interface', 'catkin_cmake_args': None, 'catkin_skip_building_tests': False, 'cmake_args': None, 'cmake_clean_cache': False, 'cmake_clean_first': False, 'cmake_force_configure': False, 'cmake_target': None, 'cmake_target_skip_unavailable': False, 'install_base': '/home/flejv/bc_ws/install/leap_gesture_interface', 'merge_install': False, 'path': '/home/flejv/bc_ws/src/leap_gesture_interface', 'symlink_install': False, 'test_result_base': None}
[1.514s] Level 5:colcon.colcon_core.verb:set package 'px4_msgs' build argument 'cmake_args' from command line to 'None'
[1.514s] Level 5:colcon.colcon_core.verb:set package 'px4_msgs' build argument 'cmake_target' from command line to 'None'
[1.514s] Level 5:colcon.colcon_core.verb:set package 'px4_msgs' build argument 'cmake_target_skip_unavailable' from command line to 'False'
[1.514s] Level 5:colcon.colcon_core.verb:set package 'px4_msgs' build argument 'cmake_clean_cache' from command line to 'False'
[1.514s] Level 5:colcon.colcon_core.verb:set package 'px4_msgs' build argument 'cmake_clean_first' from command line to 'False'
[1.514s] Level 5:colcon.colcon_core.verb:set package 'px4_msgs' build argument 'cmake_force_configure' from command line to 'False'
[1.514s] Level 5:colcon.colcon_core.verb:set package 'px4_msgs' build argument 'ament_cmake_args' from command line to 'None'
[1.514s] Level 5:colcon.colcon_core.verb:set package 'px4_msgs' build argument 'catkin_cmake_args' from command line to 'None'
[1.514s] Level 5:colcon.colcon_core.verb:set package 'px4_msgs' build argument 'catkin_skip_building_tests' from command line to 'False'
[1.514s] DEBUG:colcon.colcon_core.verb:Building package 'px4_msgs' with the following arguments: {'ament_cmake_args': None, 'build_base': '/home/flejv/bc_ws/build/px4_msgs', 'catkin_cmake_args': None, 'catkin_skip_building_tests': False, 'cmake_args': None, 'cmake_clean_cache': False, 'cmake_clean_first': False, 'cmake_force_configure': False, 'cmake_target': None, 'cmake_target_skip_unavailable': False, 'install_base': '/home/flejv/bc_ws/install/px4_msgs', 'merge_install': False, 'path': '/home/flejv/bc_ws/src/px4_msgs', 'symlink_install': False, 'test_result_base': None}
[1.536s] Level 5:colcon.colcon_core.verb:set package 'bc_pkg' build argument 'cmake_args' from command line to 'None'
[1.536s] Level 5:colcon.colcon_core.verb:set package 'bc_pkg' build argument 'cmake_target' from command line to 'None'
[1.536s] Level 5:colcon.colcon_core.verb:set package 'bc_pkg' build argument 'cmake_target_skip_unavailable' from command line to 'False'
[1.536s] Level 5:colcon.colcon_core.verb:set package 'bc_pkg' build argument 'cmake_clean_cache' from command line to 'False'
[1.536s] Level 5:colcon.colcon_core.verb:set package 'bc_pkg' build argument 'cmake_clean_first' from command line to 'False'
[1.536s] Level 5:colcon.colcon_core.verb:set package 'bc_pkg' build argument 'cmake_force_configure' from command line to 'False'
[1.536s] Level 5:colcon.colcon_core.verb:set package 'bc_pkg' build argument 'ament_cmake_args' from command line to 'None'
[1.536s] Level 5:colcon.colcon_core.verb:set package 'bc_pkg' build argument 'catkin_cmake_args' from command line to 'None'
[1.536s] Level 5:colcon.colcon_core.verb:set package 'bc_pkg' build argument 'catkin_skip_building_tests' from command line to 'False'
[1.536s] DEBUG:colcon.colcon_core.verb:Building package 'bc_pkg' with the following arguments: {'ament_cmake_args': None, 'build_base': '/home/flejv/bc_ws/build/bc_pkg', 'catkin_cmake_args': None, 'catkin_skip_building_tests': False, 'cmake_args': None, 'cmake_clean_cache': False, 'cmake_clean_first': False, 'cmake_force_configure': False, 'cmake_target': None, 'cmake_target_skip_unavailable': False, 'install_base': '/home/flejv/bc_ws/install/bc_pkg', 'merge_install': False, 'path': '/home/flejv/bc_ws/src/bc_pkg', 'symlink_install': False, 'test_result_base': None}
[1.556s] INFO:colcon.colcon_core.executor:Executing jobs using 'parallel' executor
[1.578s] DEBUG:colcon.colcon_parallel_executor.executor.parallel:run_until_complete
[1.578s] INFO:colcon.colcon_ros.task.ament_cmake.build:Building ROS package in '/home/flejv/bc_ws/src/px4_msgs' with build type 'ament_cmake'
[1.578s] INFO:colcon.colcon_cmake.task.cmake.build:Building CMake package in '/home/flejv/bc_ws/src/px4_msgs'
[1.603s] INFO:colcon.colcon_core.plugin_system:Skipping extension 'colcon_core.shell.bat': Not used on non-Windows systems
[1.603s] INFO:colcon.colcon_core.shell:Skip shell extension 'powershell' for command environment: Not usable outside of PowerShell
[1.603s] DEBUG:colcon.colcon_core.shell:Skip shell extension 'dsv' for command environment
[1.665s] INFO:colcon.colcon_ros.task.ament_cmake.build:Building ROS package in '/home/flejv/bc_ws/src/leap_gesture_interface' with build type 'ament_cmake'
[1.665s] INFO:colcon.colcon_cmake.task.cmake.build:Building CMake package in '/home/flejv/bc_ws/src/leap_gesture_interface'
[1.687s] INFO:colcon.colcon_core.shell:Skip shell extension 'powershell' for command environment: Not usable outside of PowerShell
[1.687s] DEBUG:colcon.colcon_core.shell:Skip shell extension 'dsv' for command environment
[1.777s] DEBUG:colcon.colcon_core.event_handler.log_command:Invoking command in '/home/flejv/bc_ws/build/px4_msgs': CMAKE_PREFIX_PATH=${CMAKE_PREFIX_PATH}:/opt/ros/humble /usr/bin/cmake --build /home/flejv/bc_ws/build/px4_msgs -- -j8 -l8
[1.787s] DEBUG:colcon.colcon_core.event_handler.log_command:Invoking command in '/home/flejv/bc_ws/build/leap_gesture_interface': CMAKE_PREFIX_PATH=${CMAKE_PREFIX_PATH}:/opt/ros/humble /usr/bin/cmake --build /home/flejv/bc_ws/build/leap_gesture_interface -- -j8 -l8
[1.952s] DEBUG:colcon.colcon_core.event_handler.log_command:Invoked command in '/home/flejv/bc_ws/build/leap_gesture_interface' returned '0': CMAKE_PREFIX_PATH=${CMAKE_PREFIX_PATH}:/opt/ros/humble /usr/bin/cmake --build /home/flejv/bc_ws/build/leap_gesture_interface -- -j8 -l8
[2.037s] DEBUG:colcon.colcon_core.event_handler.log_command:Invoking command in '/home/flejv/bc_ws/build/leap_gesture_interface': CMAKE_PREFIX_PATH=${CMAKE_PREFIX_PATH}:/opt/ros/humble /usr/bin/cmake --install /home/flejv/bc_ws/build/leap_gesture_interface
[2.050s] Level 1:colcon.colcon_core.environment:create_environment_scripts_only(leap_gesture_interface)
[2.073s] DEBUG:colcon.colcon_core.event_handler.log_command:Invoked command in '/home/flejv/bc_ws/build/leap_gesture_interface' returned '0': CMAKE_PREFIX_PATH=${CMAKE_PREFIX_PATH}:/opt/ros/humble /usr/bin/cmake --install /home/flejv/bc_ws/build/leap_gesture_interface
[2.123s] Level 1:colcon.colcon_core.environment:checking '/home/flejv/bc_ws/install/leap_gesture_interface' for CMake module files
[2.124s] Level 1:colcon.colcon_core.environment:checking '/home/flejv/bc_ws/install/leap_gesture_interface' for CMake config files
[2.124s] Level 1:colcon.colcon_core.shell:create_environment_hook('leap_gesture_interface', 'cmake_prefix_path')
[2.144s] INFO:colcon.colcon_core.shell:Creating environment hook '/home/flejv/bc_ws/install/leap_gesture_interface/share/leap_gesture_interface/hook/cmake_prefix_path.ps1'
[2.145s] INFO:colcon.colcon_core.shell:Creating environment descriptor '/home/flejv/bc_ws/install/leap_gesture_interface/share/leap_gesture_interface/hook/cmake_prefix_path.dsv'
[2.146s] INFO:colcon.colcon_core.shell:Creating environment hook '/home/flejv/bc_ws/install/leap_gesture_interface/share/leap_gesture_interface/hook/cmake_prefix_path.sh'
[2.147s] Level 1:colcon.colcon_core.environment:checking '/home/flejv/bc_ws/install/leap_gesture_interface/lib'
[2.147s] Level 1:colcon.colcon_core.environment:checking '/home/flejv/bc_ws/install/leap_gesture_interface/bin'
[2.147s] Level 1:colcon.colcon_core.environment:checking '/home/flejv/bc_ws/install/leap_gesture_interface/lib/pkgconfig/leap_gesture_interface.pc'
[2.147s] Level 1:colcon.colcon_core.environment:checking '/home/flejv/bc_ws/install/leap_gesture_interface/lib/python3.10/site-packages'
[2.147s] Level 1:colcon.colcon_core.environment:checking '/home/flejv/bc_ws/install/leap_gesture_interface/bin'
[2.167s] INFO:colcon.colcon_core.shell:Creating package script '/home/flejv/bc_ws/install/leap_gesture_interface/share/leap_gesture_interface/package.ps1'
[2.168s] INFO:colcon.colcon_core.shell:Creating package descriptor '/home/flejv/bc_ws/install/leap_gesture_interface/share/leap_gesture_interface/package.dsv'
[2.168s] INFO:colcon.colcon_core.shell:Creating package script '/home/flejv/bc_ws/install/leap_gesture_interface/share/leap_gesture_interface/package.sh'
[2.169s] INFO:colcon.colcon_core.shell:Creating package script '/home/flejv/bc_ws/install/leap_gesture_interface/share/leap_gesture_interface/package.bash'
[2.171s] INFO:colcon.colcon_core.shell:Creating package script '/home/flejv/bc_ws/install/leap_gesture_interface/share/leap_gesture_interface/package.zsh'
[2.171s] Level 1:colcon.colcon_core.environment:create_file_with_runtime_dependencies(/home/flejv/bc_ws/install/leap_gesture_interface/share/colcon-core/packages/leap_gesture_interface)
[2.320s] Level 1:colcon.colcon_core.environment:create_environment_scripts_only(leap_gesture_interface)
[2.433s] Level 1:colcon.colcon_core.environment:checking '/home/flejv/bc_ws/install/leap_gesture_interface' for CMake module files
[2.434s] Level 1:colcon.colcon_core.environment:checking '/home/flejv/bc_ws/install/leap_gesture_interface' for CMake config files
[2.434s] Level 1:colcon.colcon_core.shell:create_environment_hook('leap_gesture_interface', 'cmake_prefix_path')
[2.574s] INFO:colcon.colcon_core.shell:Creating environment hook '/home/flejv/bc_ws/install/leap_gesture_interface/share/leap_gesture_interface/hook/cmake_prefix_path.ps1'
[2.574s] INFO:colcon.colcon_core.shell:Creating environment descriptor '/home/flejv/bc_ws/install/leap_gesture_interface/share/leap_gesture_interface/hook/cmake_prefix_path.dsv'
[2.575s] INFO:colcon.colcon_core.shell:Creating environment hook '/home/flejv/bc_ws/install/leap_gesture_interface/share/leap_gesture_interface/hook/cmake_prefix_path.sh'
[2.576s] Level 1:colcon.colcon_core.environment:checking '/home/flejv/bc_ws/install/leap_gesture_interface/lib'
[2.576s] Level 1:colcon.colcon_core.environment:checking '/home/flejv/bc_ws/install/leap_gesture_interface/bin'
[2.576s] Level 1:colcon.colcon_core.environment:checking '/home/flejv/bc_ws/install/leap_gesture_interface/lib/pkgconfig/leap_gesture_interface.pc'
[2.577s] Level 1:colcon.colcon_core.environment:checking '/home/flejv/bc_ws/install/leap_gesture_interface/lib/python3.10/site-packages'
[2.577s] Level 1:colcon.colcon_core.environment:checking '/home/flejv/bc_ws/install/leap_gesture_interface/bin'
[2.613s] INFO:colcon.colcon_core.shell:Creating package script '/home/flejv/bc_ws/install/leap_gesture_interface/share/leap_gesture_interface/package.ps1'
[2.614s] INFO:colcon.colcon_core.shell:Creating package descriptor '/home/flejv/bc_ws/install/leap_gesture_interface/share/leap_gesture_interface/package.dsv'
[2.615s] INFO:colcon.colcon_core.shell:Creating package script '/home/flejv/bc_ws/install/leap_gesture_interface/share/leap_gesture_interface/package.sh'
[2.616s] INFO:colcon.colcon_core.shell:Creating package script '/home/flejv/bc_ws/install/leap_gesture_interface/share/leap_gesture_interface/package.bash'
[2.617s] INFO:colcon.colcon_core.shell:Creating package script '/home/flejv/bc_ws/install/leap_gesture_interface/share/leap_gesture_interface/package.zsh'
[2.618s] Level 1:colcon.colcon_core.environment:create_file_with_runtime_dependencies(/home/flejv/bc_ws/install/leap_gesture_interface/share/colcon-core/packages/leap_gesture_interface)
[3.016s] DEBUG:colcon.colcon_core.event_handler.log_command:Invoked command in '/home/flejv/bc_ws/build/px4_msgs' returned '0': CMAKE_PREFIX_PATH=${CMAKE_PREFIX_PATH}:/opt/ros/humble /usr/bin/cmake --build /home/flejv/bc_ws/build/px4_msgs -- -j8 -l8
[8.814s] DEBUG:colcon.colcon_core.event_handler.log_command:Invoking command in '/home/flejv/bc_ws/build/px4_msgs': CMAKE_PREFIX_PATH=${CMAKE_PREFIX_PATH}:/opt/ros/humble /usr/bin/cmake --install /home/flejv/bc_ws/build/px4_msgs
[9.382s] Level 1:colcon.colcon_core.environment:create_environment_scripts_only(px4_msgs)
[9.436s] Level 1:colcon.colcon_core.environment:checking '/home/flejv/bc_ws/install/px4_msgs' for CMake module files
[9.438s] Level 1:colcon.colcon_core.environment:checking '/home/flejv/bc_ws/install/px4_msgs' for CMake config files
[9.449s] DEBUG:colcon.colcon_core.event_handler.log_command:Invoked command in '/home/flejv/bc_ws/build/px4_msgs' returned '0': CMAKE_PREFIX_PATH=${CMAKE_PREFIX_PATH}:/opt/ros/humble /usr/bin/cmake --install /home/flejv/bc_ws/build/px4_msgs
[9.450s] Level 1:colcon.colcon_core.shell:create_environment_hook('px4_msgs', 'cmake_prefix_path')
[9.471s] INFO:colcon.colcon_core.shell:Creating environment hook '/home/flejv/bc_ws/install/px4_msgs/share/px4_msgs/hook/cmake_prefix_path.ps1'
[9.472s] INFO:colcon.colcon_core.shell:Creating environment descriptor '/home/flejv/bc_ws/install/px4_msgs/share/px4_msgs/hook/cmake_prefix_path.dsv'
[9.472s] INFO:colcon.colcon_core.shell:Creating environment hook '/home/flejv/bc_ws/install/px4_msgs/share/px4_msgs/hook/cmake_prefix_path.sh'
[9.473s] Level 1:colcon.colcon_core.environment:checking '/home/flejv/bc_ws/install/px4_msgs/lib'
[9.473s] Level 1:colcon.colcon_core.shell:create_environment_hook('px4_msgs', 'ld_library_path_lib')
[9.494s] INFO:colcon.colcon_core.shell:Creating environment hook '/home/flejv/bc_ws/install/px4_msgs/share/px4_msgs/hook/ld_library_path_lib.ps1'
[9.495s] INFO:colcon.colcon_core.shell:Creating environment descriptor '/home/flejv/bc_ws/install/px4_msgs/share/px4_msgs/hook/ld_library_path_lib.dsv'
[9.495s] INFO:colcon.colcon_core.shell:Creating environment hook '/home/flejv/bc_ws/install/px4_msgs/share/px4_msgs/hook/ld_library_path_lib.sh'
[9.496s] Level 1:colcon.colcon_core.environment:checking '/home/flejv/bc_ws/install/px4_msgs/bin'
[9.496s] Level 1:colcon.colcon_core.environment:checking '/home/flejv/bc_ws/install/px4_msgs/lib/pkgconfig/px4_msgs.pc'
[9.496s] Level 1:colcon.colcon_core.environment:checking '/home/flejv/bc_ws/install/px4_msgs/lib/python3.10/site-packages'
[9.497s] Level 1:colcon.colcon_core.environment:checking '/home/flejv/bc_ws/install/px4_msgs/bin'
[9.521s] INFO:colcon.colcon_core.shell:Creating package script '/home/flejv/bc_ws/install/px4_msgs/share/px4_msgs/package.ps1'
[9.522s] INFO:colcon.colcon_core.shell:Creating package descriptor '/home/flejv/bc_ws/install/px4_msgs/share/px4_msgs/package.dsv'
[9.523s] INFO:colcon.colcon_core.shell:Creating package script '/home/flejv/bc_ws/install/px4_msgs/share/px4_msgs/package.sh'
[9.524s] INFO:colcon.colcon_core.shell:Creating package script '/home/flejv/bc_ws/install/px4_msgs/share/px4_msgs/package.bash'
[9.524s] INFO:colcon.colcon_core.shell:Creating package script '/home/flejv/bc_ws/install/px4_msgs/share/px4_msgs/package.zsh'
[9.525s] Level 1:colcon.colcon_core.environment:create_file_with_runtime_dependencies(/home/flejv/bc_ws/install/px4_msgs/share/colcon-core/packages/px4_msgs)
[16.034s] Level 1:colcon.colcon_core.environment:create_environment_scripts_only(px4_msgs)
[16.053s] Level 1:colcon.colcon_core.environment:checking '/home/flejv/bc_ws/install/px4_msgs' for CMake module files
[16.054s] Level 1:colcon.colcon_core.environment:checking '/home/flejv/bc_ws/install/px4_msgs' for CMake config files
[16.059s] Level 1:colcon.colcon_core.shell:create_environment_hook('px4_msgs', 'cmake_prefix_path')
[16.078s] INFO:colcon.colcon_core.shell:Creating environment hook '/home/flejv/bc_ws/install/px4_msgs/share/px4_msgs/hook/cmake_prefix_path.ps1'
[16.079s] INFO:colcon.colcon_core.shell:Creating environment descriptor '/home/flejv/bc_ws/install/px4_msgs/share/px4_msgs/hook/cmake_prefix_path.dsv'
[16.080s] INFO:colcon.colcon_core.shell:Creating environment hook '/home/flejv/bc_ws/install/px4_msgs/share/px4_msgs/hook/cmake_prefix_path.sh'
[16.081s] Level 1:colcon.colcon_core.environment:checking '/home/flejv/bc_ws/install/px4_msgs/lib'
[16.081s] Level 1:colcon.colcon_core.shell:create_environment_hook('px4_msgs', 'ld_library_path_lib')
[16.099s] INFO:colcon.colcon_core.shell:Creating environment hook '/home/flejv/bc_ws/install/px4_msgs/share/px4_msgs/hook/ld_library_path_lib.ps1'
[16.099s] INFO:colcon.colcon_core.shell:Creating environment descriptor '/home/flejv/bc_ws/install/px4_msgs/share/px4_msgs/hook/ld_library_path_lib.dsv'
[16.100s] INFO:colcon.colcon_core.shell:Creating environment hook '/home/flejv/bc_ws/install/px4_msgs/share/px4_msgs/hook/ld_library_path_lib.sh'
[16.100s] Level 1:colcon.colcon_core.environment:checking '/home/flejv/bc_ws/install/px4_msgs/bin'
[16.100s] Level 1:colcon.colcon_core.environment:checking '/home/flejv/bc_ws/install/px4_msgs/lib/pkgconfig/px4_msgs.pc'
[16.101s] Level 1:colcon.colcon_core.environment:checking '/home/flejv/bc_ws/install/px4_msgs/lib/python3.10/site-packages'
[16.101s] Level 1:colcon.colcon_core.environment:checking '/home/flejv/bc_ws/install/px4_msgs/bin'
[16.118s] INFO:colcon.colcon_core.shell:Creating package script '/home/flejv/bc_ws/install/px4_msgs/share/px4_msgs/package.ps1'
[16.118s] INFO:colcon.colcon_core.shell:Creating package descriptor '/home/flejv/bc_ws/install/px4_msgs/share/px4_msgs/package.dsv'
[16.119s] INFO:colcon.colcon_core.shell:Creating package script '/home/flejv/bc_ws/install/px4_msgs/share/px4_msgs/package.sh'
[16.120s] INFO:colcon.colcon_core.shell:Creating package script '/home/flejv/bc_ws/install/px4_msgs/share/px4_msgs/package.bash'
[16.120s] INFO:colcon.colcon_core.shell:Creating package script '/home/flejv/bc_ws/install/px4_msgs/share/px4_msgs/package.zsh'
[16.121s] Level 1:colcon.colcon_core.environment:create_file_with_runtime_dependencies(/home/flejv/bc_ws/install/px4_msgs/share/colcon-core/packages/px4_msgs)
[16.121s] INFO:colcon.colcon_ros.task.ament_cmake.build:Building ROS package in '/home/flejv/bc_ws/src/bc_pkg' with build type 'ament_cmake'
[16.121s] INFO:colcon.colcon_cmake.task.cmake.build:Building CMake package in '/home/flejv/bc_ws/src/bc_pkg'
[16.142s] INFO:colcon.colcon_core.shell:Skip shell extension 'powershell' for command environment: Not usable outside of PowerShell
[16.142s] DEBUG:colcon.colcon_core.shell:Skip shell extension 'dsv' for command environment
[16.211s] DEBUG:colcon.colcon_core.event_handler.log_command:Invoking command in '/home/flejv/bc_ws/build/bc_pkg': CMAKE_PREFIX_PATH=/home/flejv/bc_ws/install/px4_msgs:/home/flejv/bc_ws/install/bc_pkg:/home/flejv/bc_ws/install/leap_gesture_interface:/opt/ros/humble /usr/bin/cmake --build /home/flejv/bc_ws/build/bc_pkg -- -j8 -l8
[41.936s] DEBUG:colcon.colcon_core.event_handler.log_command:Invoked command in '/home/flejv/bc_ws/build/bc_pkg' returned '0': CMAKE_PREFIX_PATH=/home/flejv/bc_ws/install/px4_msgs:/home/flejv/bc_ws/install/bc_pkg:/home/flejv/bc_ws/install/leap_gesture_interface:/opt/ros/humble /usr/bin/cmake --build /home/flejv/bc_ws/build/bc_pkg -- -j8 -l8
[41.999s] DEBUG:colcon.colcon_core.event_handler.log_command:Invoking command in '/home/flejv/bc_ws/build/bc_pkg': CMAKE_PREFIX_PATH=/home/flejv/bc_ws/install/px4_msgs:/home/flejv/bc_ws/install/bc_pkg:/home/flejv/bc_ws/install/leap_gesture_interface:/opt/ros/humble /usr/bin/cmake --install /home/flejv/bc_ws/build/bc_pkg
[42.038s] Level 1:colcon.colcon_core.environment:create_environment_scripts_only(bc_pkg)
[42.040s] DEBUG:colcon.colcon_core.event_handler.log_command:Invoked command in '/home/flejv/bc_ws/build/bc_pkg' returned '0': CMAKE_PREFIX_PATH=/home/flejv/bc_ws/install/px4_msgs:/home/flejv/bc_ws/install/bc_pkg:/home/flejv/bc_ws/install/leap_gesture_interface:/opt/ros/humble /usr/bin/cmake --install /home/flejv/bc_ws/build/bc_pkg
[42.059s] Level 1:colcon.colcon_core.environment:checking '/home/flejv/bc_ws/install/bc_pkg' for CMake module files
[42.060s] Level 1:colcon.colcon_core.environment:checking '/home/flejv/bc_ws/install/bc_pkg' for CMake config files
[42.060s] Level 1:colcon.colcon_core.shell:create_environment_hook('bc_pkg', 'cmake_prefix_path')
[42.079s] INFO:colcon.colcon_core.shell:Creating environment hook '/home/flejv/bc_ws/install/bc_pkg/share/bc_pkg/hook/cmake_prefix_path.ps1'
[42.080s] INFO:colcon.colcon_core.shell:Creating environment descriptor '/home/flejv/bc_ws/install/bc_pkg/share/bc_pkg/hook/cmake_prefix_path.dsv'
[42.081s] INFO:colcon.colcon_core.shell:Creating environment hook '/home/flejv/bc_ws/install/bc_pkg/share/bc_pkg/hook/cmake_prefix_path.sh'
[42.082s] Level 1:colcon.colcon_core.environment:checking '/home/flejv/bc_ws/install/bc_pkg/lib'
[42.082s] Level 1:colcon.colcon_core.environment:checking '/home/flejv/bc_ws/install/bc_pkg/bin'
[42.082s] Level 1:colcon.colcon_core.environment:checking '/home/flejv/bc_ws/install/bc_pkg/lib/pkgconfig/bc_pkg.pc'
[42.083s] Level 1:colcon.colcon_core.environment:checking '/home/flejv/bc_ws/install/bc_pkg/lib/python3.10/site-packages'
[42.084s] Level 1:colcon.colcon_core.environment:checking '/home/flejv/bc_ws/install/bc_pkg/bin'
[42.109s] INFO:colcon.colcon_core.shell:Creating package script '/home/flejv/bc_ws/install/bc_pkg/share/bc_pkg/package.ps1'
[42.110s] INFO:colcon.colcon_core.shell:Creating package descriptor '/home/flejv/bc_ws/install/bc_pkg/share/bc_pkg/package.dsv'
[42.111s] INFO:colcon.colcon_core.shell:Creating package script '/home/flejv/bc_ws/install/bc_pkg/share/bc_pkg/package.sh'
[42.112s] INFO:colcon.colcon_core.shell:Creating package script '/home/flejv/bc_ws/install/bc_pkg/share/bc_pkg/package.bash'
[42.112s] INFO:colcon.colcon_core.shell:Creating package script '/home/flejv/bc_ws/install/bc_pkg/share/bc_pkg/package.zsh'
[42.113s] Level 1:colcon.colcon_core.environment:create_file_with_runtime_dependencies(/home/flejv/bc_ws/install/bc_pkg/share/colcon-core/packages/bc_pkg)
[42.192s] Level 1:colcon.colcon_core.environment:create_environment_scripts_only(bc_pkg)
[42.211s] Level 1:colcon.colcon_core.environment:checking '/home/flejv/bc_ws/install/bc_pkg' for CMake module files
[42.211s] Level 1:colcon.colcon_core.environment:checking '/home/flejv/bc_ws/install/bc_pkg' for CMake config files
[42.212s] Level 1:colcon.colcon_core.shell:create_environment_hook('bc_pkg', 'cmake_prefix_path')
[42.243s] INFO:colcon.colcon_core.shell:Creating environment hook '/home/flejv/bc_ws/install/bc_pkg/share/bc_pkg/hook/cmake_prefix_path.ps1'
[42.245s] INFO:colcon.colcon_core.shell:Creating environment descriptor '/home/flejv/bc_ws/install/bc_pkg/share/bc_pkg/hook/cmake_prefix_path.dsv'
[42.246s] INFO:colcon.colcon_core.shell:Creating environment hook '/home/flejv/bc_ws/install/bc_pkg/share/bc_pkg/hook/cmake_prefix_path.sh'
[42.248s] Level 1:colcon.colcon_core.environment:checking '/home/flejv/bc_ws/install/bc_pkg/lib'
[42.248s] Level 1:colcon.colcon_core.environment:checking '/home/flejv/bc_ws/install/bc_pkg/bin'
[42.248s] Level 1:colcon.colcon_core.environment:checking '/home/flejv/bc_ws/install/bc_pkg/lib/pkgconfig/bc_pkg.pc'
[42.249s] Level 1:colcon.colcon_core.environment:checking '/home/flejv/bc_ws/install/bc_pkg/lib/python3.10/site-packages'
[42.250s] Level 1:colcon.colcon_core.environment:checking '/home/flejv/bc_ws/install/bc_pkg/bin'
[42.288s] INFO:colcon.colcon_core.shell:Creating package script '/home/flejv/bc_ws/install/bc_pkg/share/bc_pkg/package.ps1'
[42.289s] INFO:colcon.colcon_core.shell:Creating package descriptor '/home/flejv/bc_ws/install/bc_pkg/share/bc_pkg/package.dsv'
[42.290s] INFO:colcon.colcon_core.shell:Creating package script '/home/flejv/bc_ws/install/bc_pkg/share/bc_pkg/package.sh'
[42.291s] INFO:colcon.colcon_core.shell:Creating package script '/home/flejv/bc_ws/install/bc_pkg/share/bc_pkg/package.bash'
[42.292s] INFO:colcon.colcon_core.shell:Creating package script '/home/flejv/bc_ws/install/bc_pkg/share/bc_pkg/package.zsh'
[42.292s] Level 1:colcon.colcon_core.environment:create_file_with_runtime_dependencies(/home/flejv/bc_ws/install/bc_pkg/share/colcon-core/packages/bc_pkg)
[42.293s] DEBUG:colcon.colcon_parallel_executor.executor.parallel:closing loop
[42.294s] DEBUG:colcon.colcon_parallel_executor.executor.parallel:loop closed
[42.294s] DEBUG:colcon.colcon_parallel_executor.executor.parallel:run_until_complete finished with '0'
[42.294s] DEBUG:colcon.colcon_core.event_reactor:joining thread
[42.352s] INFO:colcon.colcon_core.plugin_system:Skipping extension 'colcon_notification.desktop_notification.terminal_notifier': Not used on non-Darwin systems
[42.352s] INFO:colcon.colcon_core.plugin_system:Skipping extension 'colcon_notification.desktop_notification.win32': Not used on non-Windows systems
[42.352s] INFO:colcon.colcon_notification.desktop_notification:Sending desktop notification using 'notify2'
[42.392s] DEBUG:colcon.colcon_core.event_reactor:joined thread
[42.415s] INFO:colcon.colcon_core.shell:Creating prefix script '/home/flejv/bc_ws/install/local_setup.ps1'
[42.416s] INFO:colcon.colcon_core.shell:Creating prefix util module '/home/flejv/bc_ws/install/_local_setup_util_ps1.py'
[42.419s] INFO:colcon.colcon_core.shell:Creating prefix chain script '/home/flejv/bc_ws/install/setup.ps1'
[42.443s] INFO:colcon.colcon_core.shell:Creating prefix script '/home/flejv/bc_ws/install/local_setup.sh'
[42.445s] INFO:colcon.colcon_core.shell:Creating prefix util module '/home/flejv/bc_ws/install/_local_setup_util_sh.py'
[42.446s] INFO:colcon.colcon_core.shell:Creating prefix chain script '/home/flejv/bc_ws/install/setup.sh'
[42.472s] INFO:colcon.colcon_core.shell:Creating prefix script '/home/flejv/bc_ws/install/local_setup.bash'
[42.473s] INFO:colcon.colcon_core.shell:Creating prefix chain script '/home/flejv/bc_ws/install/setup.bash'
[42.501s] INFO:colcon.colcon_core.shell:Creating prefix script '/home/flejv/bc_ws/install/local_setup.zsh'
[42.502s] INFO:colcon.colcon_core.shell:Creating prefix chain script '/home/flejv/bc_ws/install/setup.zsh'
