[2.949s] Invoking command in '/home/flejv/bc_ws/src/parser_pkg': PYTHONPATH=/home/flejv/bc_ws/build/parser_pkg/prefix_override:/home/flejv/bc_ws/install/parser_pkg/lib/python3.10/site-packages:${PYTHONPATH} /usr/bin/python3 setup.py egg_info --egg-base ../../build/parser_pkg build --build-base /home/flejv/bc_ws/build/parser_pkg/build install --record /home/flejv/bc_ws/build/parser_pkg/install.log --single-version-externally-managed
[3.399s] running egg_info
[3.428s] writing ../../build/parser_pkg/parser_pkg.egg-info/PKG-INFO
[3.430s] writing dependency_links to ../../build/parser_pkg/parser_pkg.egg-info/dependency_links.txt
[3.430s] writing entry points to ../../build/parser_pkg/parser_pkg.egg-info/entry_points.txt
[3.431s] writing requirements to ../../build/parser_pkg/parser_pkg.egg-info/requires.txt
[3.431s] writing top-level names to ../../build/parser_pkg/parser_pkg.egg-info/top_level.txt
[3.488s] reading manifest file '../../build/parser_pkg/parser_pkg.egg-info/SOURCES.txt'
[3.489s] adding license file 'LICENSE'
[3.490s] writing manifest file '../../build/parser_pkg/parser_pkg.egg-info/SOURCES.txt'
[3.490s] running build
[3.490s] running build_py
[3.490s] copying parser_pkg/__init__.py -> /home/flejv/bc_ws/build/parser_pkg/build/lib/parser_pkg
[3.493s] copying parser_pkg/parser.py -> /home/flejv/bc_ws/build/parser_pkg/build/lib/parser_pkg
[3.494s] running install
[3.494s] /home/flejv/.local/lib/python3.10/site-packages/setuptools/_distutils/cmd.py:66: SetuptoolsDeprecationWarning: setup.py install is deprecated.
[3.494s] !!
[3.494s] 
[3.494s]         ********************************************************************************
[3.494s]         Please avoid running ``setup.py`` directly.
[3.494s]         Instead, use pypa/build, pypa/installer or other
[3.494s]         standards-based tools.
[3.498s] 
[3.498s]         See https://blog.ganssle.io/articles/2021/10/setup-py-deprecated.html for details.
[3.498s]         ********************************************************************************
[3.498s] 
[3.498s] !!
[3.498s]   self.initialize_options()
[3.504s] running install_lib
[3.536s] running install_data
[3.562s] copying resource/parser_pkg -> /home/flejv/bc_ws/install/parser_pkg/share/ament_index/resource_index/packages
[3.562s] copying package.xml -> /home/flejv/bc_ws/install/parser_pkg/share/parser_pkg
[3.563s] running install_egg_info
[3.598s] removing '/home/flejv/bc_ws/install/parser_pkg/lib/python3.10/site-packages/parser_pkg-0.0.0-py3.10.egg-info' (and everything under it)
[3.600s] Copying ../../build/parser_pkg/parser_pkg.egg-info to /home/flejv/bc_ws/install/parser_pkg/lib/python3.10/site-packages/parser_pkg-0.0.0-py3.10.egg-info
[3.603s] running install_scripts
[4.021s] Installing parser script to /home/flejv/bc_ws/install/parser_pkg/lib/parser_pkg
[4.022s] writing list of installed files to '/home/flejv/bc_ws/build/parser_pkg/install.log'
[4.137s] Invoked command in '/home/flejv/bc_ws/src/parser_pkg' returned '0': PYTHONPATH=/home/flejv/bc_ws/build/parser_pkg/prefix_override:/home/flejv/bc_ws/install/parser_pkg/lib/python3.10/site-packages:${PYTHONPATH} /usr/bin/python3 setup.py egg_info --egg-base ../../build/parser_pkg build --build-base /home/flejv/bc_ws/build/parser_pkg/build install --record /home/flejv/bc_ws/build/parser_pkg/install.log --single-version-externally-managed
