[  7%] [32mBuilding CXX object CMakeFiles/control.dir/src/leap_control.cpp.o[0m
[ 15%] Built target libExampleConnection
[ 30%] Built target connect
[ 46%] Built target hand
[ 53%] [32mBuilding CXX object CMakeFiles/gest.dir/src/gesture.cpp.o[0m
[ 61%] [32mBuilding CXX object CMakeFiles/carth.dir/src/carth_pub.cpp.o[0m
[35m[1mConsolidate compiler generated dependencies of target rpy[0m
[ 69%] [32mBuilding CXX object CMakeFiles/rpy.dir/src/rpy_pub.cpp.o[0m
[ 76%] [32m[1mLinking CXX executable carth[0m
[ 76%] Built target carth
[ 84%] [32m[1mLinking CXX executable rpy[0m
[ 92%] [32m[1mLinking CXX executable gest[0m
[ 92%] Built target rpy
[ 92%] Built target gest
[100%] [32m[1mLinking CXX executable control[0m
[100%] Built target control
-- Install configuration: ""
-- Up-to-date: /home/flejv/bc_ws/install/bc_pkg/lib/bc_pkg/connect
-- Installing: /home/flejv/bc_ws/install/bc_pkg/lib/bc_pkg/control
-- Set runtime path of "/home/flejv/bc_ws/install/bc_pkg/lib/bc_pkg/control" to ""
-- Up-to-date: /home/flejv/bc_ws/install/bc_pkg/lib/bc_pkg/hand
-- Installing: /home/flejv/bc_ws/install/bc_pkg/lib/bc_pkg/gest
-- Set runtime path of "/home/flejv/bc_ws/install/bc_pkg/lib/bc_pkg/gest" to ""
-- Installing: /home/flejv/bc_ws/install/bc_pkg/lib/bc_pkg/rpy
-- Set runtime path of "/home/flejv/bc_ws/install/bc_pkg/lib/bc_pkg/rpy" to ""
-- Installing: /home/flejv/bc_ws/install/bc_pkg/lib/bc_pkg/carth
-- Set runtime path of "/home/flejv/bc_ws/install/bc_pkg/lib/bc_pkg/carth" to ""
-- Up-to-date: /home/flejv/bc_ws/install/bc_pkg/share/ament_index/resource_index/package_run_dependencies/bc_pkg
-- Up-to-date: /home/flejv/bc_ws/install/bc_pkg/share/ament_index/resource_index/parent_prefix_path/bc_pkg
-- Up-to-date: /home/flejv/bc_ws/install/bc_pkg/share/bc_pkg/environment/ament_prefix_path.sh
-- Up-to-date: /home/flejv/bc_ws/install/bc_pkg/share/bc_pkg/environment/ament_prefix_path.dsv
-- Up-to-date: /home/flejv/bc_ws/install/bc_pkg/share/bc_pkg/environment/path.sh
-- Up-to-date: /home/flejv/bc_ws/install/bc_pkg/share/bc_pkg/environment/path.dsv
-- Up-to-date: /home/flejv/bc_ws/install/bc_pkg/share/bc_pkg/local_setup.bash
-- Up-to-date: /home/flejv/bc_ws/install/bc_pkg/share/bc_pkg/local_setup.sh
-- Up-to-date: /home/flejv/bc_ws/install/bc_pkg/share/bc_pkg/local_setup.zsh
-- Up-to-date: /home/flejv/bc_ws/install/bc_pkg/share/bc_pkg/local_setup.dsv
-- Installing: /home/flejv/bc_ws/install/bc_pkg/share/bc_pkg/package.dsv
-- Up-to-date: /home/flejv/bc_ws/install/bc_pkg/share/ament_index/resource_index/packages/bc_pkg
-- Up-to-date: /home/flejv/bc_ws/install/bc_pkg/share/bc_pkg/cmake/bc_pkgConfig.cmake
-- Up-to-date: /home/flejv/bc_ws/install/bc_pkg/share/bc_pkg/cmake/bc_pkgConfig-version.cmake
-- Up-to-date: /home/flejv/bc_ws/install/bc_pkg/share/bc_pkg/package.xml
