-- The C compiler identification is GNU 11.4.0
-- The CXX compiler identification is GNU 11.4.0
-- Detecting C compiler ABI info
-- Detecting C compiler ABI info - done
-- Check for working C compiler: /usr/bin/cc - skipped
-- Detecting C compile features
-- Detecting C compile features - done
-- Detecting CXX compiler ABI info
-- Detecting CXX compiler ABI info - done
-- Check for working CXX compiler: /usr/bin/c++ - skipped
-- Detecting CXX compile features
-- Detecting CXX compile features - done
-- Found ament_cmake: 1.3.7 (/opt/ros/humble/share/ament_cmake/cmake)
-- Found Python3: /usr/bin/python3.10 (found version "3.10.12") found components: Interpreter 
-- Found builtin_interfaces: 1.2.1 (/opt/ros/humble/share/builtin_interfaces/cmake)
-- Found rosidl_generator_c: 3.1.5 (/opt/ros/humble/share/rosidl_generator_c/cmake)
-- Found rosidl_adapter: 3.1.5 (/opt/ros/humble/share/rosidl_adapter/cmake)
-- Found rosidl_generator_cpp: 3.1.5 (/opt/ros/humble/share/rosidl_generator_cpp/cmake)
-- Using all available rosidl_typesupport_c: rosidl_typesupport_fastrtps_c;rosidl_typesupport_introspection_c
-- Using all available rosidl_typesupport_cpp: rosidl_typesupport_fastrtps_cpp;rosidl_typesupport_introspection_cpp
-- Found geometry_msgs: 4.2.3 (/opt/ros/humble/share/geometry_msgs/cmake)
-- Found px4_msgs: 2.0.1 (/home/flejv/bc_ws/install/px4_msgs/share/px4_msgs/cmake)
-- Found rclcpp: 16.0.8 (/opt/ros/humble/share/rclcpp/cmake)
-- Found rmw_implementation_cmake: 6.1.1 (/opt/ros/humble/share/rmw_implementation_cmake/cmake)
-- Found rmw_fastrtps_cpp: 6.2.6 (/opt/ros/humble/share/rmw_fastrtps_cpp/cmake)
-- Found OpenSSL: /usr/lib/x86_64-linux-gnu/libcrypto.so (found version "3.0.2")  
-- Found FastRTPS: /opt/ros/humble/include  
-- Using RMW implementation 'rmw_fastrtps_cpp' as default
-- Looking for pthread.h
-- Looking for pthread.h - found
-- Performing Test CMAKE_HAVE_LIBC_PTHREAD
-- Performing Test CMAKE_HAVE_LIBC_PTHREAD - Success
-- Found Threads: TRUE  
-- Found sensor_msgs: 4.2.3 (/opt/ros/humble/share/sensor_msgs/cmake)
-- Found visualization_msgs: 4.2.3 (/opt/ros/humble/share/visualization_msgs/cmake)
-- Found ament_lint_auto: 0.12.10 (/opt/ros/humble/share/ament_lint_auto/cmake)
-- Added test 'cppcheck' to perform static code analysis on C / C++ code
-- Configured cppcheck include dirs: 
-- Configured cppcheck exclude dirs and/or files: 
-- Added test 'lint_cmake' to check CMake code style
-- Added test 'uncrustify' to check C / C++ code style
-- Configured uncrustify additional arguments: 
-- Added test 'xmllint' to check XML markup files
-- Configuring done
-- Generating done
-- Build files have been written to: /home/flejv/bc_ws/build/bc_pkg
[ 37%] [32mBuilding CXX object CMakeFiles/hand.dir/src/virtual_hand.cpp.o[0m
[ 37%] [32mBuilding CXX object CMakeFiles/control.dir/src/leap_control.cpp.o[0m
[ 37%] [32mBuilding CXX object CMakeFiles/gest.dir/src/gesture.cpp.o[0m
[ 50%] [32mBuilding CXX object CMakeFiles/connect.dir/src/communication_hub.cpp.o[0m
[ 62%] [32m[1mLinking CXX executable hand[0m
[ 62%] Built target hand
[ 75%] [32m[1mLinking CXX executable gest[0m
[ 75%] Built target gest
[ 87%] [32m[1mLinking CXX executable connect[0m
[ 87%] Built target connect
[100%] [32m[1mLinking CXX executable control[0m
[100%] Built target control
-- Install configuration: ""
-- Installing: /home/flejv/bc_ws/install/bc_pkg/lib/bc_pkg/connect
-- Set runtime path of "/home/flejv/bc_ws/install/bc_pkg/lib/bc_pkg/connect" to ""
-- Installing: /home/flejv/bc_ws/install/bc_pkg/lib/bc_pkg/control
-- Set runtime path of "/home/flejv/bc_ws/install/bc_pkg/lib/bc_pkg/control" to ""
-- Installing: /home/flejv/bc_ws/install/bc_pkg/lib/bc_pkg/hand
-- Set runtime path of "/home/flejv/bc_ws/install/bc_pkg/lib/bc_pkg/hand" to ""
-- Installing: /home/flejv/bc_ws/install/bc_pkg/lib/bc_pkg/gest
-- Set runtime path of "/home/flejv/bc_ws/install/bc_pkg/lib/bc_pkg/gest" to ""
-- Installing: /home/flejv/bc_ws/install/bc_pkg/share/ament_index/resource_index/package_run_dependencies/bc_pkg
-- Installing: /home/flejv/bc_ws/install/bc_pkg/share/ament_index/resource_index/parent_prefix_path/bc_pkg
-- Installing: /home/flejv/bc_ws/install/bc_pkg/share/bc_pkg/environment/ament_prefix_path.sh
-- Installing: /home/flejv/bc_ws/install/bc_pkg/share/bc_pkg/environment/ament_prefix_path.dsv
-- Installing: /home/flejv/bc_ws/install/bc_pkg/share/bc_pkg/environment/path.sh
-- Installing: /home/flejv/bc_ws/install/bc_pkg/share/bc_pkg/environment/path.dsv
-- Installing: /home/flejv/bc_ws/install/bc_pkg/share/bc_pkg/local_setup.bash
-- Installing: /home/flejv/bc_ws/install/bc_pkg/share/bc_pkg/local_setup.sh
-- Installing: /home/flejv/bc_ws/install/bc_pkg/share/bc_pkg/local_setup.zsh
-- Installing: /home/flejv/bc_ws/install/bc_pkg/share/bc_pkg/local_setup.dsv
-- Installing: /home/flejv/bc_ws/install/bc_pkg/share/bc_pkg/package.dsv
-- Installing: /home/flejv/bc_ws/install/bc_pkg/share/ament_index/resource_index/packages/bc_pkg
-- Installing: /home/flejv/bc_ws/install/bc_pkg/share/bc_pkg/cmake/bc_pkgConfig.cmake
-- Installing: /home/flejv/bc_ws/install/bc_pkg/share/bc_pkg/cmake/bc_pkgConfig-version.cmake
-- Installing: /home/flejv/bc_ws/install/bc_pkg/share/bc_pkg/package.xml
