[0.144s] Invoking command in '/home/flejv/bc_ws/build/bc_pkg': CMAKE_PREFIX_PATH=/home/flejv/bc_ws/install/px4_msgs:/home/flejv/bc_ws/install/bc_pkg:/home/flejv/bc_ws/install/leap_gesture_interface:/home/flejv/bc_ws/install/parser_pkg:/opt/ros/humble /usr/bin/cmake --build /home/flejv/bc_ws/build/bc_pkg -- -j8 -l8
[0.277s] [  7%] Built target libExampleConnection
[0.348s] [ 23%] Built target gest
[0.417s] [ 38%] Built target carth
[0.479s] [ 53%] Built target rpy
[0.583s] [ 69%] Built target hand
[0.666s] [ 84%] Built target control
[0.696s] [35m[1mConsolidate compiler generated dependencies of target connect[0m
[0.747s] [ 92%] [32mBuilding CXX object CMakeFiles/connect.dir/src/communication_hub.cpp.o[0m
[43.096s] [100%] [32m[1mLinking CXX executable connect[0m
[45.599s] [100%] Built target connect
[45.631s] Invoked command in '/home/flejv/bc_ws/build/bc_pkg' returned '0': CMAKE_PREFIX_PATH=/home/flejv/bc_ws/install/px4_msgs:/home/flejv/bc_ws/install/bc_pkg:/home/flejv/bc_ws/install/leap_gesture_interface:/home/flejv/bc_ws/install/parser_pkg:/opt/ros/humble /usr/bin/cmake --build /home/flejv/bc_ws/build/bc_pkg -- -j8 -l8
[45.757s] Invoking command in '/home/flejv/bc_ws/build/bc_pkg': CMAKE_PREFIX_PATH=/home/flejv/bc_ws/install/px4_msgs:/home/flejv/bc_ws/install/bc_pkg:/home/flejv/bc_ws/install/leap_gesture_interface:/home/flejv/bc_ws/install/parser_pkg:/opt/ros/humble /usr/bin/cmake --install /home/flejv/bc_ws/build/bc_pkg
[45.777s] -- Install configuration: ""
[45.777s] -- Installing: /home/flejv/bc_ws/install/bc_pkg/lib/bc_pkg/connect
[45.816s] -- Set runtime path of "/home/flejv/bc_ws/install/bc_pkg/lib/bc_pkg/connect" to ""
[45.817s] -- Up-to-date: /home/flejv/bc_ws/install/bc_pkg/lib/bc_pkg/control
[45.818s] -- Up-to-date: /home/flejv/bc_ws/install/bc_pkg/lib/bc_pkg/hand
[45.819s] -- Up-to-date: /home/flejv/bc_ws/install/bc_pkg/lib/bc_pkg/gest
[45.820s] -- Up-to-date: /home/flejv/bc_ws/install/bc_pkg/lib/bc_pkg/rpy
[45.821s] -- Up-to-date: /home/flejv/bc_ws/install/bc_pkg/lib/bc_pkg/carth
[45.822s] -- Up-to-date: /home/flejv/bc_ws/install/bc_pkg/share/ament_index/resource_index/package_run_dependencies/bc_pkg
[45.822s] -- Up-to-date: /home/flejv/bc_ws/install/bc_pkg/share/ament_index/resource_index/parent_prefix_path/bc_pkg
[45.822s] -- Up-to-date: /home/flejv/bc_ws/install/bc_pkg/share/bc_pkg/environment/ament_prefix_path.sh
[45.822s] -- Up-to-date: /home/flejv/bc_ws/install/bc_pkg/share/bc_pkg/environment/ament_prefix_path.dsv
[45.823s] -- Up-to-date: /home/flejv/bc_ws/install/bc_pkg/share/bc_pkg/environment/path.sh
[45.823s] -- Up-to-date: /home/flejv/bc_ws/install/bc_pkg/share/bc_pkg/environment/path.dsv
[45.823s] -- Up-to-date: /home/flejv/bc_ws/install/bc_pkg/share/bc_pkg/local_setup.bash
[45.828s] -- Up-to-date: /home/flejv/bc_ws/install/bc_pkg/share/bc_pkg/local_setup.sh
[45.829s] -- Up-to-date: /home/flejv/bc_ws/install/bc_pkg/share/bc_pkg/local_setup.zsh
[45.829s] -- Up-to-date: /home/flejv/bc_ws/install/bc_pkg/share/bc_pkg/local_setup.dsv
[45.832s] -- Installing: /home/flejv/bc_ws/install/bc_pkg/share/bc_pkg/package.dsv
[45.833s] -- Up-to-date: /home/flejv/bc_ws/install/bc_pkg/share/ament_index/resource_index/packages/bc_pkg
[45.834s] -- Up-to-date: /home/flejv/bc_ws/install/bc_pkg/share/bc_pkg/cmake/bc_pkgConfig.cmake
[45.834s] -- Up-to-date: /home/flejv/bc_ws/install/bc_pkg/share/bc_pkg/cmake/bc_pkgConfig-version.cmake
[45.835s] -- Up-to-date: /home/flejv/bc_ws/install/bc_pkg/share/bc_pkg/package.xml
[45.836s] Invoked command in '/home/flejv/bc_ws/build/bc_pkg' returned '0': CMAKE_PREFIX_PATH=/home/flejv/bc_ws/install/px4_msgs:/home/flejv/bc_ws/install/bc_pkg:/home/flejv/bc_ws/install/leap_gesture_interface:/home/flejv/bc_ws/install/parser_pkg:/opt/ros/humble /usr/bin/cmake --install /home/flejv/bc_ws/build/bc_pkg
