[1.374s] Invoking command in '/home/flejv/bc_ws/src/parser_pkg': PYTHONPATH=/home/flejv/bc_ws/build/parser_pkg/prefix_override:/home/flejv/bc_ws/install/parser_pkg/lib/python3.10/site-packages:${PYTHONPATH} /usr/bin/python3 setup.py egg_info --egg-base ../../build/parser_pkg build --build-base /home/flejv/bc_ws/build/parser_pkg/build install --record /home/flejv/bc_ws/build/parser_pkg/install.log --single-version-externally-managed
[1.655s] running egg_info
[1.673s] writing ../../build/parser_pkg/parser_pkg.egg-info/PKG-INFO
[1.674s] writing dependency_links to ../../build/parser_pkg/parser_pkg.egg-info/dependency_links.txt
[1.674s] writing entry points to ../../build/parser_pkg/parser_pkg.egg-info/entry_points.txt
[1.674s] writing requirements to ../../build/parser_pkg/parser_pkg.egg-info/requires.txt
[1.675s] writing top-level names to ../../build/parser_pkg/parser_pkg.egg-info/top_level.txt
[1.717s] reading manifest file '../../build/parser_pkg/parser_pkg.egg-info/SOURCES.txt'
[1.718s] adding license file 'LICENSE'
[1.719s] writing manifest file '../../build/parser_pkg/parser_pkg.egg-info/SOURCES.txt'
[1.719s] running build
[1.719s] running build_py
[1.719s] copying parser_pkg/__init__.py -> /home/flejv/bc_ws/build/parser_pkg/build/lib/parser_pkg
[1.720s] copying parser_pkg/parser.py -> /home/flejv/bc_ws/build/parser_pkg/build/lib/parser_pkg
[1.720s] running install
[1.721s] /home/flejv/.local/lib/python3.10/site-packages/setuptools/_distutils/cmd.py:66: SetuptoolsDeprecationWarning: setup.py install is deprecated.
[1.721s] !!
[1.721s] 
[1.721s]         ********************************************************************************
[1.721s]         Please avoid running ``setup.py`` directly.
[1.721s]         Instead, use pypa/build, pypa/installer or other
[1.721s]         standards-based tools.
[1.722s] 
[1.722s]         See https://blog.ganssle.io/articles/2021/10/setup-py-deprecated.html for details.
[1.722s]         ********************************************************************************
[1.722s] 
[1.722s] !!
[1.722s]   self.initialize_options()
[1.729s] running install_lib
[1.749s] copying /home/flejv/bc_ws/build/parser_pkg/build/lib/parser_pkg/parser.py -> /home/flejv/bc_ws/install/parser_pkg/lib/python3.10/site-packages/parser_pkg
[1.750s] byte-compiling /home/flejv/bc_ws/install/parser_pkg/lib/python3.10/site-packages/parser_pkg/parser.py to parser.cpython-310.pyc
[1.752s] running install_data
[1.772s] copying resource/parser_pkg -> /home/flejv/bc_ws/install/parser_pkg/share/ament_index/resource_index/packages
[1.772s] copying package.xml -> /home/flejv/bc_ws/install/parser_pkg/share/parser_pkg
[1.772s] running install_egg_info
[1.793s] removing '/home/flejv/bc_ws/install/parser_pkg/lib/python3.10/site-packages/parser_pkg-0.0.0-py3.10.egg-info' (and everything under it)
[1.794s] Copying ../../build/parser_pkg/parser_pkg.egg-info to /home/flejv/bc_ws/install/parser_pkg/lib/python3.10/site-packages/parser_pkg-0.0.0-py3.10.egg-info
[1.795s] running install_scripts
[1.995s] Installing parser script to /home/flejv/bc_ws/install/parser_pkg/lib/parser_pkg
[1.995s] writing list of installed files to '/home/flejv/bc_ws/build/parser_pkg/install.log'
[2.062s] Invoked command in '/home/flejv/bc_ws/src/parser_pkg' returned '0': PYTHONPATH=/home/flejv/bc_ws/build/parser_pkg/prefix_override:/home/flejv/bc_ws/install/parser_pkg/lib/python3.10/site-packages:${PYTHONPATH} /usr/bin/python3 setup.py egg_info --egg-base ../../build/parser_pkg build --build-base /home/flejv/bc_ws/build/parser_pkg/build install --record /home/flejv/bc_ws/build/parser_pkg/install.log --single-version-externally-managed
