[0.087s] Invoking command in '/home/flejv/bc_ws/build/bc_pkg': CMAKE_PREFIX_PATH=/home/flejv/bc_ws/install/px4_msgs:/home/flejv/bc_ws/install/bc_pkg:/home/flejv/bc_ws/install/leap_gesture_interface:/opt/ros/humble /usr/bin/cmake --build /home/flejv/bc_ws/build/bc_pkg -- -j8 -l8
[0.148s] [35m[1mConsolidate compiler generated dependencies of target connect[0m
[0.168s] [ 25%] Built target gest
[0.171s] [ 50%] Built target hand
[0.176s] [ 75%] Built target control
[0.184s] [ 87%] [32mBuilding CXX object CMakeFiles/connect.dir/src/communication_hub.cpp.o[0m
[26.243s] [100%] [32m[1mLinking CXX executable connect[0m
[28.205s] [100%] Built target connect
[28.222s] Invoked command in '/home/flejv/bc_ws/build/bc_pkg' returned '0': CMAKE_PREFIX_PATH=/home/flejv/bc_ws/install/px4_msgs:/home/flejv/bc_ws/install/bc_pkg:/home/flejv/bc_ws/install/leap_gesture_interface:/opt/ros/humble /usr/bin/cmake --build /home/flejv/bc_ws/build/bc_pkg -- -j8 -l8
[28.289s] Invoking command in '/home/flejv/bc_ws/build/bc_pkg': CMAKE_PREFIX_PATH=/home/flejv/bc_ws/install/px4_msgs:/home/flejv/bc_ws/install/bc_pkg:/home/flejv/bc_ws/install/leap_gesture_interface:/opt/ros/humble /usr/bin/cmake --install /home/flejv/bc_ws/build/bc_pkg
[28.298s] -- Install configuration: ""
[28.298s] -- Installing: /home/flejv/bc_ws/install/bc_pkg/lib/bc_pkg/connect
[28.319s] -- Set runtime path of "/home/flejv/bc_ws/install/bc_pkg/lib/bc_pkg/connect" to ""
[28.319s] -- Up-to-date: /home/flejv/bc_ws/install/bc_pkg/lib/bc_pkg/control
[28.319s] -- Up-to-date: /home/flejv/bc_ws/install/bc_pkg/lib/bc_pkg/hand
[28.319s] -- Up-to-date: /home/flejv/bc_ws/install/bc_pkg/lib/bc_pkg/gest
[28.320s] -- Up-to-date: /home/flejv/bc_ws/install/bc_pkg/share/ament_index/resource_index/package_run_dependencies/bc_pkg
[28.320s] -- Up-to-date: /home/flejv/bc_ws/install/bc_pkg/share/ament_index/resource_index/parent_prefix_path/bc_pkg
[28.320s] -- Up-to-date: /home/flejv/bc_ws/install/bc_pkg/share/bc_pkg/environment/ament_prefix_path.sh
[28.320s] -- Up-to-date: /home/flejv/bc_ws/install/bc_pkg/share/bc_pkg/environment/ament_prefix_path.dsv
[28.320s] -- Up-to-date: /home/flejv/bc_ws/install/bc_pkg/share/bc_pkg/environment/path.sh
[28.320s] -- Up-to-date: /home/flejv/bc_ws/install/bc_pkg/share/bc_pkg/environment/path.dsv
[28.320s] -- Up-to-date: /home/flejv/bc_ws/install/bc_pkg/share/bc_pkg/local_setup.bash
[28.320s] -- Up-to-date: /home/flejv/bc_ws/install/bc_pkg/share/bc_pkg/local_setup.sh
[28.321s] -- Up-to-date: /home/flejv/bc_ws/install/bc_pkg/share/bc_pkg/local_setup.zsh
[28.321s] -- Up-to-date: /home/flejv/bc_ws/install/bc_pkg/share/bc_pkg/local_setup.dsv
[28.321s] -- Installing: /home/flejv/bc_ws/install/bc_pkg/share/bc_pkg/package.dsv
[28.321s] -- Up-to-date: /home/flejv/bc_ws/install/bc_pkg/share/ament_index/resource_index/packages/bc_pkg
[28.321s] -- Up-to-date: /home/flejv/bc_ws/install/bc_pkg/share/bc_pkg/cmake/bc_pkgConfig.cmake
[28.321s] -- Up-to-date: /home/flejv/bc_ws/install/bc_pkg/share/bc_pkg/cmake/bc_pkgConfig-version.cmake
[28.321s] -- Up-to-date: /home/flejv/bc_ws/install/bc_pkg/share/bc_pkg/package.xml
[28.324s] Invoked command in '/home/flejv/bc_ws/build/bc_pkg' returned '0': CMAKE_PREFIX_PATH=/home/flejv/bc_ws/install/px4_msgs:/home/flejv/bc_ws/install/bc_pkg:/home/flejv/bc_ws/install/leap_gesture_interface:/opt/ros/humble /usr/bin/cmake --install /home/flejv/bc_ws/build/bc_pkg
