[0.102s] Invoking command in '/home/flejv/bc_ws/build/leap_gesture_interface': CMAKE_PREFIX_PATH=${CMAKE_PREFIX_PATH}:/opt/ros/humble /usr/bin/cmake --build /home/flejv/bc_ws/build/leap_gesture_interface -- -j8 -l8
[0.177s] [ 11%] Built target libExampleConnection
[0.224s] [ 33%] Built target leap_example_node
[0.224s] [ 55%] Built target gesture_interface_node
[0.227s] [ 77%] Built target carth
[0.236s] [100%] Built target rpy
[0.253s] Invoked command in '/home/flejv/bc_ws/build/leap_gesture_interface' returned '0': CMAKE_PREFIX_PATH=${CMAKE_PREFIX_PATH}:/opt/ros/humble /usr/bin/cmake --build /home/flejv/bc_ws/build/leap_gesture_interface -- -j8 -l8
[0.326s] Invoking command in '/home/flejv/bc_ws/build/leap_gesture_interface': CMAKE_PREFIX_PATH=${CMAKE_PREFIX_PATH}:/opt/ros/humble /usr/bin/cmake --install /home/flejv/bc_ws/build/leap_gesture_interface
[0.336s] -- Install configuration: ""
[0.337s] -- Up-to-date: /home/flejv/bc_ws/install/leap_gesture_interface/lib/leap_gesture_interface/gesture_interface_node
[0.337s] -- Up-to-date: /home/flejv/bc_ws/install/leap_gesture_interface/lib/leap_gesture_interface/leap_example_node
[0.339s] -- Up-to-date: /home/flejv/bc_ws/install/leap_gesture_interface/lib/leap_gesture_interface/carth
[0.341s] -- Up-to-date: /home/flejv/bc_ws/install/leap_gesture_interface/lib/leap_gesture_interface/rpy
[0.341s] -- Up-to-date: /home/flejv/bc_ws/install/leap_gesture_interface/share/ament_index/resource_index/package_run_dependencies/leap_gesture_interface
[0.342s] -- Up-to-date: /home/flejv/bc_ws/install/leap_gesture_interface/share/ament_index/resource_index/parent_prefix_path/leap_gesture_interface
[0.346s] -- Up-to-date: /home/flejv/bc_ws/install/leap_gesture_interface/share/leap_gesture_interface/environment/ament_prefix_path.sh
[0.347s] -- Up-to-date: /home/flejv/bc_ws/install/leap_gesture_interface/share/leap_gesture_interface/environment/ament_prefix_path.dsv
[0.348s] -- Up-to-date: /home/flejv/bc_ws/install/leap_gesture_interface/share/leap_gesture_interface/environment/path.sh
[0.349s] -- Up-to-date: /home/flejv/bc_ws/install/leap_gesture_interface/share/leap_gesture_interface/environment/path.dsv
[0.349s] -- Up-to-date: /home/flejv/bc_ws/install/leap_gesture_interface/share/leap_gesture_interface/local_setup.bash
[0.350s] -- Up-to-date: /home/flejv/bc_ws/install/leap_gesture_interface/share/leap_gesture_interface/local_setup.sh
[0.350s] -- Up-to-date: /home/flejv/bc_ws/install/leap_gesture_interface/share/leap_gesture_interface/local_setup.zsh
[0.351s] -- Up-to-date: /home/flejv/bc_ws/install/leap_gesture_interface/share/leap_gesture_interface/local_setup.dsv
[0.351s] -- Installing: /home/flejv/bc_ws/install/leap_gesture_interface/share/leap_gesture_interface/package.dsv
[0.352s] -- Up-to-date: /home/flejv/bc_ws/install/leap_gesture_interface/share/ament_index/resource_index/packages/leap_gesture_interface
[0.352s] -- Up-to-date: /home/flejv/bc_ws/install/leap_gesture_interface/share/leap_gesture_interface/cmake/leap_gesture_interfaceConfig.cmake
[0.353s] -- Up-to-date: /home/flejv/bc_ws/install/leap_gesture_interface/share/leap_gesture_interface/cmake/leap_gesture_interfaceConfig-version.cmake
[0.354s] -- Up-to-date: /home/flejv/bc_ws/install/leap_gesture_interface/share/leap_gesture_interface/package.xml
[0.357s] Invoked command in '/home/flejv/bc_ws/build/leap_gesture_interface' returned '0': CMAKE_PREFIX_PATH=${CMAKE_PREFIX_PATH}:/opt/ros/humble /usr/bin/cmake --install /home/flejv/bc_ws/build/leap_gesture_interface
