[0.085s] Invoking command in '/home/flejv/bc_ws/build/bc_pkg': CMAKE_PREFIX_PATH=/home/flejv/bc_ws/install/px4_msgs:/home/flejv/bc_ws/install/bc_pkg:/home/flejv/bc_ws/install/leap_gesture_interface:/home/flejv/bc_ws/install/parser_pkg:/opt/ros/humble /usr/bin/cmake --build /home/flejv/bc_ws/build/bc_pkg -- -j8 -l8
[0.146s] [35m[1mConsolidate compiler generated dependencies of target control[0m
[0.161s] [  7%] Built target libExampleConnection
[0.166s] [ 23%] Built target connect
[0.172s] [ 38%] Built target gest
[0.172s] [ 53%] Built target hand
[0.185s] [ 69%] Built target control
[0.203s] [ 84%] Built target rpy
[0.206s] [100%] Built target carth
[0.224s] Invoked command in '/home/flejv/bc_ws/build/bc_pkg' returned '0': CMAKE_PREFIX_PATH=/home/flejv/bc_ws/install/px4_msgs:/home/flejv/bc_ws/install/bc_pkg:/home/flejv/bc_ws/install/leap_gesture_interface:/home/flejv/bc_ws/install/parser_pkg:/opt/ros/humble /usr/bin/cmake --build /home/flejv/bc_ws/build/bc_pkg -- -j8 -l8
[0.291s] Invoking command in '/home/flejv/bc_ws/build/bc_pkg': CMAKE_PREFIX_PATH=/home/flejv/bc_ws/install/px4_msgs:/home/flejv/bc_ws/install/bc_pkg:/home/flejv/bc_ws/install/leap_gesture_interface:/home/flejv/bc_ws/install/parser_pkg:/opt/ros/humble /usr/bin/cmake --install /home/flejv/bc_ws/build/bc_pkg
[0.301s] -- Install configuration: ""
[0.302s] -- Up-to-date: /home/flejv/bc_ws/install/bc_pkg/lib/bc_pkg/connect
[0.302s] -- Up-to-date: /home/flejv/bc_ws/install/bc_pkg/lib/bc_pkg/control
[0.303s] -- Up-to-date: /home/flejv/bc_ws/install/bc_pkg/lib/bc_pkg/hand
[0.303s] -- Up-to-date: /home/flejv/bc_ws/install/bc_pkg/lib/bc_pkg/gest
[0.304s] -- Up-to-date: /home/flejv/bc_ws/install/bc_pkg/lib/bc_pkg/rpy
[0.304s] -- Up-to-date: /home/flejv/bc_ws/install/bc_pkg/lib/bc_pkg/carth
[0.304s] -- Up-to-date: /home/flejv/bc_ws/install/bc_pkg/share/ament_index/resource_index/package_run_dependencies/bc_pkg
[0.305s] -- Up-to-date: /home/flejv/bc_ws/install/bc_pkg/share/ament_index/resource_index/parent_prefix_path/bc_pkg
[0.305s] -- Up-to-date: /home/flejv/bc_ws/install/bc_pkg/share/bc_pkg/environment/ament_prefix_path.sh
[0.305s] -- Up-to-date: /home/flejv/bc_ws/install/bc_pkg/share/bc_pkg/environment/ament_prefix_path.dsv
[0.305s] -- Up-to-date: /home/flejv/bc_ws/install/bc_pkg/share/bc_pkg/environment/path.sh
[0.305s] -- Up-to-date: /home/flejv/bc_ws/install/bc_pkg/share/bc_pkg/environment/path.dsv
[0.305s] -- Up-to-date: /home/flejv/bc_ws/install/bc_pkg/share/bc_pkg/local_setup.bash
[0.306s] -- Up-to-date: /home/flejv/bc_ws/install/bc_pkg/share/bc_pkg/local_setup.sh
[0.306s] -- Up-to-date: /home/flejv/bc_ws/install/bc_pkg/share/bc_pkg/local_setup.zsh
[0.306s] -- Up-to-date: /home/flejv/bc_ws/install/bc_pkg/share/bc_pkg/local_setup.dsv
[0.306s] -- Installing: /home/flejv/bc_ws/install/bc_pkg/share/bc_pkg/package.dsv
[0.306s] -- Up-to-date: /home/flejv/bc_ws/install/bc_pkg/share/ament_index/resource_index/packages/bc_pkg
[0.306s] -- Up-to-date: /home/flejv/bc_ws/install/bc_pkg/share/bc_pkg/cmake/bc_pkgConfig.cmake
[0.306s] -- Up-to-date: /home/flejv/bc_ws/install/bc_pkg/share/bc_pkg/cmake/bc_pkgConfig-version.cmake
[0.306s] -- Up-to-date: /home/flejv/bc_ws/install/bc_pkg/share/bc_pkg/package.xml
[0.309s] Invoked command in '/home/flejv/bc_ws/build/bc_pkg' returned '0': CMAKE_PREFIX_PATH=/home/flejv/bc_ws/install/px4_msgs:/home/flejv/bc_ws/install/bc_pkg:/home/flejv/bc_ws/install/leap_gesture_interface:/home/flejv/bc_ws/install/parser_pkg:/opt/ros/humble /usr/bin/cmake --install /home/flejv/bc_ws/build/bc_pkg
