[0.187s] Invoking command in '/home/flejv/bc_ws/build/bc_pkg': AMENT_PREFIX_PATH=/home/flejv/bc_ws/install/px4_msgs:${AMENT_PREFIX_PATH} CMAKE_PREFIX_PATH=/home/flejv/bc_ws/install/px4_msgs:/opt/ros/humble LD_LIBRARY_PATH=/home/flejv/bc_ws/install/px4_msgs/lib:${LD_LIBRARY_PATH} PYTHONPATH=/home/flejv/bc_ws/install/px4_msgs/local/lib/python3.10/dist-packages:${PYTHONPATH} /usr/bin/cmake --build /home/flejv/bc_ws/build/bc_pkg -- -j8 -l8
[0.332s] [35m[1mConsolidate compiler generated dependencies of target connect[0m
[0.386s] [ 50%] Built target connect
[0.386s] [ 50%] Built target gest
[0.403s] [ 75%] Built target hand
[0.429s] [100%] Built target control
[0.453s] Invoked command in '/home/flejv/bc_ws/build/bc_pkg' returned '0': AMENT_PREFIX_PATH=/home/flejv/bc_ws/install/px4_msgs:${AMENT_PREFIX_PATH} CMAKE_PREFIX_PATH=/home/flejv/bc_ws/install/px4_msgs:/opt/ros/humble LD_LIBRARY_PATH=/home/flejv/bc_ws/install/px4_msgs/lib:${LD_LIBRARY_PATH} PYTHONPATH=/home/flejv/bc_ws/install/px4_msgs/local/lib/python3.10/dist-packages:${PYTHONPATH} /usr/bin/cmake --build /home/flejv/bc_ws/build/bc_pkg -- -j8 -l8
[0.525s] Invoking command in '/home/flejv/bc_ws/build/bc_pkg': AMENT_PREFIX_PATH=/home/flejv/bc_ws/install/px4_msgs:${AMENT_PREFIX_PATH} CMAKE_PREFIX_PATH=/home/flejv/bc_ws/install/px4_msgs:/opt/ros/humble LD_LIBRARY_PATH=/home/flejv/bc_ws/install/px4_msgs/lib:${LD_LIBRARY_PATH} PYTHONPATH=/home/flejv/bc_ws/install/px4_msgs/local/lib/python3.10/dist-packages:${PYTHONPATH} /usr/bin/cmake --install /home/flejv/bc_ws/build/bc_pkg
[0.542s] -- Install configuration: ""
[0.585s] -- Up-to-date: /home/flejv/bc_ws/install/bc_pkg/lib/bc_pkg/connect
[0.625s] -- Up-to-date: /home/flejv/bc_ws/install/bc_pkg/lib/bc_pkg/control
[0.650s] -- Up-to-date: /home/flejv/bc_ws/install/bc_pkg/lib/bc_pkg/hand
[0.682s] -- Up-to-date: /home/flejv/bc_ws/install/bc_pkg/lib/bc_pkg/gest
[0.683s] -- Up-to-date: /home/flejv/bc_ws/install/bc_pkg/share/ament_index/resource_index/package_run_dependencies/bc_pkg
[0.684s] -- Up-to-date: /home/flejv/bc_ws/install/bc_pkg/share/ament_index/resource_index/parent_prefix_path/bc_pkg
[0.684s] -- Up-to-date: /home/flejv/bc_ws/install/bc_pkg/share/bc_pkg/environment/ament_prefix_path.sh
[0.684s] -- Up-to-date: /home/flejv/bc_ws/install/bc_pkg/share/bc_pkg/environment/ament_prefix_path.dsv
[0.684s] -- Up-to-date: /home/flejv/bc_ws/install/bc_pkg/share/bc_pkg/environment/path.sh
[0.684s] -- Up-to-date: /home/flejv/bc_ws/install/bc_pkg/share/bc_pkg/environment/path.dsv
[0.684s] -- Up-to-date: /home/flejv/bc_ws/install/bc_pkg/share/bc_pkg/local_setup.bash
[0.685s] -- Up-to-date: /home/flejv/bc_ws/install/bc_pkg/share/bc_pkg/local_setup.sh
[0.685s] -- Up-to-date: /home/flejv/bc_ws/install/bc_pkg/share/bc_pkg/local_setup.zsh
[0.685s] -- Up-to-date: /home/flejv/bc_ws/install/bc_pkg/share/bc_pkg/local_setup.dsv
[0.685s] -- Installing: /home/flejv/bc_ws/install/bc_pkg/share/bc_pkg/package.dsv
[0.685s] -- Up-to-date: /home/flejv/bc_ws/install/bc_pkg/share/ament_index/resource_index/packages/bc_pkg
[0.686s] -- Up-to-date: /home/flejv/bc_ws/install/bc_pkg/share/bc_pkg/cmake/bc_pkgConfig.cmake
[0.686s] -- Up-to-date: /home/flejv/bc_ws/install/bc_pkg/share/bc_pkg/cmake/bc_pkgConfig-version.cmake
[0.686s] -- Up-to-date: /home/flejv/bc_ws/install/bc_pkg/share/bc_pkg/package.xml
[0.691s] Invoked command in '/home/flejv/bc_ws/build/bc_pkg' returned '0': AMENT_PREFIX_PATH=/home/flejv/bc_ws/install/px4_msgs:${AMENT_PREFIX_PATH} CMAKE_PREFIX_PATH=/home/flejv/bc_ws/install/px4_msgs:/opt/ros/humble LD_LIBRARY_PATH=/home/flejv/bc_ws/install/px4_msgs/lib:${LD_LIBRARY_PATH} PYTHONPATH=/home/flejv/bc_ws/install/px4_msgs/local/lib/python3.10/dist-packages:${PYTHONPATH} /usr/bin/cmake --install /home/flejv/bc_ws/build/bc_pkg
