[0.079s] Invoking command in '/home/flejv/bc_ws/build/bc_pkg': CMAKE_PREFIX_PATH=/home/flejv/bc_ws/install/px4_msgs:/home/flejv/bc_ws/install/bc_pkg:/home/flejv/bc_ws/install/leap_gesture_interface:/opt/ros/humble /usr/bin/cmake --build /home/flejv/bc_ws/build/bc_pkg -- -j8 -l8
[0.172s] [35m[1mConsolidate compiler generated dependencies of target gest[0m
[0.187s] [ 25%] Built target hand
[0.190s] [ 50%] Built target control
[0.195s] [ 75%] Built target connect
[0.201s] [ 87%] [32mBuilding CXX object CMakeFiles/gest.dir/src/gesture.cpp.o[0m
[3.116s] [01m[K/home/flejv/bc_ws/src/bc_pkg/src/gesture.cpp:[m[K In constructor ‘[01m[KGesture::Gesture()[m[K’:
[3.116s] [01m[K/home/flejv/bc_ws/src/bc_pkg/src/gesture.cpp:77:40:[m[K [01;35m[Kwarning: [m[Kparameter declaration before lambda trailing return type only optional with ‘[01m[K-std=c++2b[m[K’ or ‘[01m[K-std=gnu++2b[m[K’
[3.116s]    77 |         auto gesture_callback = [this] [01;35m[K->[m[K void
[3.116s]       |                                        [01;35m[K^~[m[K
[3.132s] [01m[K/home/flejv/bc_ws/src/bc_pkg/src/gesture.cpp:[m[K In member function ‘[01m[Kvoid Gesture::create_base_hand(const std::vector<geometry_msgs::msg::PoseArray_<std::allocator<void> > >&, std::vector<float>&, hand_type&)[m[K’:
[3.133s] [01m[K/home/flejv/bc_ws/src/bc_pkg/src/gesture.cpp:502:26:[m[K [01;35m[Kwarning: [m[Kcomparison of integer expressions of different signedness: ‘[01m[Kint[m[K’ and ‘[01m[Kstd::vector<geometry_msgs::msg::PoseArray_<std::allocator<void> > >::size_type[m[K’ {aka ‘[01m[Klong unsigned int[m[K’} [[01;35m[K]8;;https://gcc.gnu.org/onlinedocs/gcc/Warning-Options.html#index-Wsign-compare-Wsign-compare]8;;[m[K]
[3.133s]   502 |         for(int i = 0; [01;35m[Ki < msg.size()[m[K; i++)
[3.133s]       |                        [01;35m[K~~^~~~~~~~~~~~[m[K
[3.142s] [01m[K/home/flejv/bc_ws/src/bc_pkg/src/gesture.cpp:[m[K In member function ‘[01m[Kbool Gesture::prepare_calibration_array(std::vector<geometry_msgs::msg::PoseArray_<std::allocator<void> > >&, hand_type&)[m[K’:
[3.142s] [01m[K/home/flejv/bc_ws/src/bc_pkg/src/gesture.cpp:795:26:[m[K [01;35m[Kwarning: [m[Kcomparison of integer expressions of different signedness: ‘[01m[Kint[m[K’ and ‘[01m[Kstd::vector<geometry_msgs::msg::PoseArray_<std::allocator<void> > >::size_type[m[K’ {aka ‘[01m[Klong unsigned int[m[K’} [[01;35m[K]8;;https://gcc.gnu.org/onlinedocs/gcc/Warning-Options.html#index-Wsign-compare-Wsign-compare]8;;[m[K]
[3.142s]   795 |         for(int i = 0; [01;35m[Ki < pose_data.size()-1[m[K; i++)
[3.143s]       |                        [01;35m[K~~^~~~~~~~~~~~~~~~~~~~[m[K
[10.539s] [100%] [32m[1mLinking CXX executable gest[0m
[11.317s] [100%] Built target gest
[11.333s] Invoked command in '/home/flejv/bc_ws/build/bc_pkg' returned '0': CMAKE_PREFIX_PATH=/home/flejv/bc_ws/install/px4_msgs:/home/flejv/bc_ws/install/bc_pkg:/home/flejv/bc_ws/install/leap_gesture_interface:/opt/ros/humble /usr/bin/cmake --build /home/flejv/bc_ws/build/bc_pkg -- -j8 -l8
[11.380s] Invoking command in '/home/flejv/bc_ws/build/bc_pkg': CMAKE_PREFIX_PATH=/home/flejv/bc_ws/install/px4_msgs:/home/flejv/bc_ws/install/bc_pkg:/home/flejv/bc_ws/install/leap_gesture_interface:/opt/ros/humble /usr/bin/cmake --install /home/flejv/bc_ws/build/bc_pkg
[11.389s] -- Install configuration: ""
[11.390s] -- Up-to-date: /home/flejv/bc_ws/install/bc_pkg/lib/bc_pkg/connect
[11.390s] -- Up-to-date: /home/flejv/bc_ws/install/bc_pkg/lib/bc_pkg/control
[11.390s] -- Up-to-date: /home/flejv/bc_ws/install/bc_pkg/lib/bc_pkg/hand
[11.391s] -- Installing: /home/flejv/bc_ws/install/bc_pkg/lib/bc_pkg/gest
[11.398s] -- Set runtime path of "/home/flejv/bc_ws/install/bc_pkg/lib/bc_pkg/gest" to ""
[11.398s] -- Up-to-date: /home/flejv/bc_ws/install/bc_pkg/share/ament_index/resource_index/package_run_dependencies/bc_pkg
[11.398s] -- Up-to-date: /home/flejv/bc_ws/install/bc_pkg/share/ament_index/resource_index/parent_prefix_path/bc_pkg
[11.398s] -- Up-to-date: /home/flejv/bc_ws/install/bc_pkg/share/bc_pkg/environment/ament_prefix_path.sh
[11.398s] -- Up-to-date: /home/flejv/bc_ws/install/bc_pkg/share/bc_pkg/environment/ament_prefix_path.dsv
[11.398s] -- Up-to-date: /home/flejv/bc_ws/install/bc_pkg/share/bc_pkg/environment/path.sh
[11.399s] -- Up-to-date: /home/flejv/bc_ws/install/bc_pkg/share/bc_pkg/environment/path.dsv
[11.399s] -- Up-to-date: /home/flejv/bc_ws/install/bc_pkg/share/bc_pkg/local_setup.bash
[11.399s] -- Up-to-date: /home/flejv/bc_ws/install/bc_pkg/share/bc_pkg/local_setup.sh
[11.399s] -- Up-to-date: /home/flejv/bc_ws/install/bc_pkg/share/bc_pkg/local_setup.zsh
[11.399s] -- Up-to-date: /home/flejv/bc_ws/install/bc_pkg/share/bc_pkg/local_setup.dsv
[11.399s] -- Installing: /home/flejv/bc_ws/install/bc_pkg/share/bc_pkg/package.dsv
[11.399s] -- Up-to-date: /home/flejv/bc_ws/install/bc_pkg/share/ament_index/resource_index/packages/bc_pkg
[11.399s] -- Up-to-date: /home/flejv/bc_ws/install/bc_pkg/share/bc_pkg/cmake/bc_pkgConfig.cmake
[11.399s] -- Up-to-date: /home/flejv/bc_ws/install/bc_pkg/share/bc_pkg/cmake/bc_pkgConfig-version.cmake
[11.400s] -- Up-to-date: /home/flejv/bc_ws/install/bc_pkg/share/bc_pkg/package.xml
[11.401s] Invoked command in '/home/flejv/bc_ws/build/bc_pkg' returned '0': CMAKE_PREFIX_PATH=/home/flejv/bc_ws/install/px4_msgs:/home/flejv/bc_ws/install/bc_pkg:/home/flejv/bc_ws/install/leap_gesture_interface:/opt/ros/humble /usr/bin/cmake --install /home/flejv/bc_ws/build/bc_pkg
