[0.512s] Invoking command in '/home/flejv/bc_ws/build/leap_gesture_interface': CMAKE_PREFIX_PATH=${CMAKE_PREFIX_PATH}:/home/flejv/bc_ws/install/parser_pkg:/opt/ros/humble /usr/bin/cmake --build /home/flejv/bc_ws/build/leap_gesture_interface -- -j8 -l8
[0.635s] [ 11%] Built target libExampleConnection
[0.778s] [ 33%] Built target carth
[0.784s] [ 55%] Built target gesture_interface_node
[0.795s] [ 77%] Built target leap_example_node
[0.802s] [100%] Built target rpy
[1.223s] Invoked command in '/home/flejv/bc_ws/build/leap_gesture_interface' returned '0': CMAKE_PREFIX_PATH=${CMAKE_PREFIX_PATH}:/home/flejv/bc_ws/install/parser_pkg:/opt/ros/humble /usr/bin/cmake --build /home/flejv/bc_ws/build/leap_gesture_interface -- -j8 -l8
[1.397s] Invoking command in '/home/flejv/bc_ws/build/leap_gesture_interface': CMAKE_PREFIX_PATH=${CMAKE_PREFIX_PATH}:/home/flejv/bc_ws/install/parser_pkg:/opt/ros/humble /usr/bin/cmake --install /home/flejv/bc_ws/build/leap_gesture_interface
[1.421s] -- Install configuration: ""
[1.422s] -- Up-to-date: /home/flejv/bc_ws/install/leap_gesture_interface/lib/leap_gesture_interface/gesture_interface_node
[1.422s] -- Up-to-date: /home/flejv/bc_ws/install/leap_gesture_interface/lib/leap_gesture_interface/leap_example_node
[1.424s] -- Up-to-date: /home/flejv/bc_ws/install/leap_gesture_interface/lib/leap_gesture_interface/carth
[1.425s] -- Up-to-date: /home/flejv/bc_ws/install/leap_gesture_interface/lib/leap_gesture_interface/rpy
[1.426s] -- Up-to-date: /home/flejv/bc_ws/install/leap_gesture_interface/share/ament_index/resource_index/package_run_dependencies/leap_gesture_interface
[1.426s] -- Up-to-date: /home/flejv/bc_ws/install/leap_gesture_interface/share/ament_index/resource_index/parent_prefix_path/leap_gesture_interface
[1.426s] -- Up-to-date: /home/flejv/bc_ws/install/leap_gesture_interface/share/leap_gesture_interface/environment/ament_prefix_path.sh
[1.426s] -- Up-to-date: /home/flejv/bc_ws/install/leap_gesture_interface/share/leap_gesture_interface/environment/ament_prefix_path.dsv
[1.426s] -- Up-to-date: /home/flejv/bc_ws/install/leap_gesture_interface/share/leap_gesture_interface/environment/path.sh
[1.426s] -- Up-to-date: /home/flejv/bc_ws/install/leap_gesture_interface/share/leap_gesture_interface/environment/path.dsv
[1.427s] -- Up-to-date: /home/flejv/bc_ws/install/leap_gesture_interface/share/leap_gesture_interface/local_setup.bash
[1.427s] -- Up-to-date: /home/flejv/bc_ws/install/leap_gesture_interface/share/leap_gesture_interface/local_setup.sh
[1.427s] -- Up-to-date: /home/flejv/bc_ws/install/leap_gesture_interface/share/leap_gesture_interface/local_setup.zsh
[1.427s] -- Up-to-date: /home/flejv/bc_ws/install/leap_gesture_interface/share/leap_gesture_interface/local_setup.dsv
[1.427s] -- Installing: /home/flejv/bc_ws/install/leap_gesture_interface/share/leap_gesture_interface/package.dsv
[1.427s] -- Up-to-date: /home/flejv/bc_ws/install/leap_gesture_interface/share/ament_index/resource_index/packages/leap_gesture_interface
[1.427s] -- Up-to-date: /home/flejv/bc_ws/install/leap_gesture_interface/share/leap_gesture_interface/cmake/leap_gesture_interfaceConfig.cmake
[1.428s] -- Up-to-date: /home/flejv/bc_ws/install/leap_gesture_interface/share/leap_gesture_interface/cmake/leap_gesture_interfaceConfig-version.cmake
[1.428s] -- Up-to-date: /home/flejv/bc_ws/install/leap_gesture_interface/share/leap_gesture_interface/package.xml
[1.443s] Invoked command in '/home/flejv/bc_ws/build/leap_gesture_interface' returned '0': CMAKE_PREFIX_PATH=${CMAKE_PREFIX_PATH}:/home/flejv/bc_ws/install/parser_pkg:/opt/ros/humble /usr/bin/cmake --install /home/flejv/bc_ws/build/leap_gesture_interface
