[ 11%] [32mBuilding C object CMakeFiles/libExampleConnection.dir/usr/share/doc/ultraleap-hand-tracking-service/samples/ExampleConnection.c.o[0m
[ 11%] Built target libExampleConnection
[ 33%] [32mBuilding CXX object CMakeFiles/gesture_interface_node.dir/src/gesture_interface_node.cpp.o[0m
[ 33%] [32mBuilding CXX object CMakeFiles/leap_example_node.dir/src/leap_interface_example.cpp.o[0m
[ 44%] [32mBuilding CXX object CMakeFiles/rpy.dir/src/rpy_pub.cpp.o[0m
[ 55%] [32mBuilding CXX object CMakeFiles/carth.dir/src/carth_pub.cpp.o[0m
[ 66%] [32m[1mLinking CXX executable leap_example_node[0m
[ 77%] [32m[1mLinking CXX executable gesture_interface_node[0m
[ 77%] Built target leap_example_node
[ 77%] Built target gesture_interface_node
[ 88%] [32m[1mLinking CXX executable carth[0m
[ 88%] Built target carth
[100%] [32m[1mLinking CXX executable rpy[0m
[100%] Built target rpy
-- Install configuration: ""
-- Installing: /home/flejv/bc_ws/install/leap_gesture_interface/lib/leap_gesture_interface/gesture_interface_node
-- Set runtime path of "/home/flejv/bc_ws/install/leap_gesture_interface/lib/leap_gesture_interface/gesture_interface_node" to ""
-- Installing: /home/flejv/bc_ws/install/leap_gesture_interface/lib/leap_gesture_interface/leap_example_node
-- Set runtime path of "/home/flejv/bc_ws/install/leap_gesture_interface/lib/leap_gesture_interface/leap_example_node" to ""
-- Installing: /home/flejv/bc_ws/install/leap_gesture_interface/lib/leap_gesture_interface/carth
-- Set runtime path of "/home/flejv/bc_ws/install/leap_gesture_interface/lib/leap_gesture_interface/carth" to ""
-- Installing: /home/flejv/bc_ws/install/leap_gesture_interface/lib/leap_gesture_interface/rpy
-- Set runtime path of "/home/flejv/bc_ws/install/leap_gesture_interface/lib/leap_gesture_interface/rpy" to ""
-- Up-to-date: /home/flejv/bc_ws/install/leap_gesture_interface/share/ament_index/resource_index/package_run_dependencies/leap_gesture_interface
-- Up-to-date: /home/flejv/bc_ws/install/leap_gesture_interface/share/ament_index/resource_index/parent_prefix_path/leap_gesture_interface
-- Up-to-date: /home/flejv/bc_ws/install/leap_gesture_interface/share/leap_gesture_interface/environment/ament_prefix_path.sh
-- Up-to-date: /home/flejv/bc_ws/install/leap_gesture_interface/share/leap_gesture_interface/environment/ament_prefix_path.dsv
-- Up-to-date: /home/flejv/bc_ws/install/leap_gesture_interface/share/leap_gesture_interface/environment/path.sh
-- Up-to-date: /home/flejv/bc_ws/install/leap_gesture_interface/share/leap_gesture_interface/environment/path.dsv
-- Up-to-date: /home/flejv/bc_ws/install/leap_gesture_interface/share/leap_gesture_interface/local_setup.bash
-- Up-to-date: /home/flejv/bc_ws/install/leap_gesture_interface/share/leap_gesture_interface/local_setup.sh
-- Up-to-date: /home/flejv/bc_ws/install/leap_gesture_interface/share/leap_gesture_interface/local_setup.zsh
-- Up-to-date: /home/flejv/bc_ws/install/leap_gesture_interface/share/leap_gesture_interface/local_setup.dsv
-- Installing: /home/flejv/bc_ws/install/leap_gesture_interface/share/leap_gesture_interface/package.dsv
-- Up-to-date: /home/flejv/bc_ws/install/leap_gesture_interface/share/ament_index/resource_index/packages/leap_gesture_interface
-- Up-to-date: /home/flejv/bc_ws/install/leap_gesture_interface/share/leap_gesture_interface/cmake/leap_gesture_interfaceConfig.cmake
-- Up-to-date: /home/flejv/bc_ws/install/leap_gesture_interface/share/leap_gesture_interface/cmake/leap_gesture_interfaceConfig-version.cmake
-- Up-to-date: /home/flejv/bc_ws/install/leap_gesture_interface/share/leap_gesture_interface/package.xml
