[0.090s] Invoking command in '/home/flejv/bc_ws/build/bc_pkg': CMAKE_PREFIX_PATH=/home/flejv/bc_ws/install/px4_msgs:/home/flejv/bc_ws/install/bc_pkg:/home/flejv/bc_ws/install/leap_gesture_interface:/opt/ros/humble /usr/bin/cmake --build /home/flejv/bc_ws/build/bc_pkg -- -j8 -l8
[0.175s] [35m[1mConsolidate compiler generated dependencies of target control[0m
[0.194s] [  7%] Built target libExampleConnection
[0.201s] [ 23%] Built target gest
[0.204s] [ 38%] Built target hand
[0.211s] [ 53%] Built target connect
[0.214s] [ 69%] Built target control
[0.216s] [35m[1mConsolidate compiler generated dependencies of target rpy[0m
[0.220s] [35m[1mConsolidate compiler generated dependencies of target carth[0m
[0.243s] [ 76%] [32mBuilding CXX object CMakeFiles/rpy.dir/src/rpy_pub.cpp.o[0m
[0.250s] [ 92%] Built target carth
[3.480s] [01m[K/home/flejv/bc_ws/src/bc_pkg/src/rpy_pub.cpp:[m[K In constructor ‘[01m[KGestureInterfaceNode::GestureInterfaceNode()[m[K’:
[3.481s] [01m[K/home/flejv/bc_ws/src/bc_pkg/src/rpy_pub.cpp:27:36:[m[K [01;35m[Kwarning: [m[Kparameter declaration before lambda trailing return type only optional with ‘[01m[K-std=c++2b[m[K’ or ‘[01m[K-std=gnu++2b[m[K’
[3.481s]    27 |         auto rpy_callback = [this] [01;35m[K->[m[K void
[3.481s]       |                                    [01;35m[K^~[m[K
[11.040s] [100%] [32m[1mLinking CXX executable rpy[0m
[11.710s] [100%] Built target rpy
[11.725s] Invoked command in '/home/flejv/bc_ws/build/bc_pkg' returned '0': CMAKE_PREFIX_PATH=/home/flejv/bc_ws/install/px4_msgs:/home/flejv/bc_ws/install/bc_pkg:/home/flejv/bc_ws/install/leap_gesture_interface:/opt/ros/humble /usr/bin/cmake --build /home/flejv/bc_ws/build/bc_pkg -- -j8 -l8
[11.785s] Invoking command in '/home/flejv/bc_ws/build/bc_pkg': CMAKE_PREFIX_PATH=/home/flejv/bc_ws/install/px4_msgs:/home/flejv/bc_ws/install/bc_pkg:/home/flejv/bc_ws/install/leap_gesture_interface:/opt/ros/humble /usr/bin/cmake --install /home/flejv/bc_ws/build/bc_pkg
[11.795s] -- Install configuration: ""
[11.795s] -- Up-to-date: /home/flejv/bc_ws/install/bc_pkg/lib/bc_pkg/connect
[11.796s] -- Installing: /home/flejv/bc_ws/install/bc_pkg/lib/bc_pkg/control
[11.820s] -- Set runtime path of "/home/flejv/bc_ws/install/bc_pkg/lib/bc_pkg/control" to ""
[11.821s] -- Up-to-date: /home/flejv/bc_ws/install/bc_pkg/lib/bc_pkg/hand
[11.821s] -- Up-to-date: /home/flejv/bc_ws/install/bc_pkg/lib/bc_pkg/gest
[11.822s] -- Installing: /home/flejv/bc_ws/install/bc_pkg/lib/bc_pkg/rpy
[11.831s] -- Set runtime path of "/home/flejv/bc_ws/install/bc_pkg/lib/bc_pkg/rpy" to ""
[11.831s] -- Installing: /home/flejv/bc_ws/install/bc_pkg/lib/bc_pkg/carth
[11.834s] -- Set runtime path of "/home/flejv/bc_ws/install/bc_pkg/lib/bc_pkg/carth" to ""
[11.834s] -- Up-to-date: /home/flejv/bc_ws/install/bc_pkg/share/ament_index/resource_index/package_run_dependencies/bc_pkg
[11.834s] -- Up-to-date: /home/flejv/bc_ws/install/bc_pkg/share/ament_index/resource_index/parent_prefix_path/bc_pkg
[11.834s] -- Up-to-date: /home/flejv/bc_ws/install/bc_pkg/share/bc_pkg/environment/ament_prefix_path.sh
[11.834s] -- Up-to-date: /home/flejv/bc_ws/install/bc_pkg/share/bc_pkg/environment/ament_prefix_path.dsv
[11.835s] -- Up-to-date: /home/flejv/bc_ws/install/bc_pkg/share/bc_pkg/environment/path.sh
[11.835s] -- Up-to-date: /home/flejv/bc_ws/install/bc_pkg/share/bc_pkg/environment/path.dsv
[11.835s] -- Up-to-date: /home/flejv/bc_ws/install/bc_pkg/share/bc_pkg/local_setup.bash
[11.835s] -- Up-to-date: /home/flejv/bc_ws/install/bc_pkg/share/bc_pkg/local_setup.sh
[11.835s] -- Up-to-date: /home/flejv/bc_ws/install/bc_pkg/share/bc_pkg/local_setup.zsh
[11.835s] -- Up-to-date: /home/flejv/bc_ws/install/bc_pkg/share/bc_pkg/local_setup.dsv
[11.835s] -- Installing: /home/flejv/bc_ws/install/bc_pkg/share/bc_pkg/package.dsv
[11.836s] -- Up-to-date: /home/flejv/bc_ws/install/bc_pkg/share/ament_index/resource_index/packages/bc_pkg
[11.836s] -- Up-to-date: /home/flejv/bc_ws/install/bc_pkg/share/bc_pkg/cmake/bc_pkgConfig.cmake
[11.836s] -- Up-to-date: /home/flejv/bc_ws/install/bc_pkg/share/bc_pkg/cmake/bc_pkgConfig-version.cmake
[11.836s] -- Up-to-date: /home/flejv/bc_ws/install/bc_pkg/share/bc_pkg/package.xml
[11.839s] Invoked command in '/home/flejv/bc_ws/build/bc_pkg' returned '0': CMAKE_PREFIX_PATH=/home/flejv/bc_ws/install/px4_msgs:/home/flejv/bc_ws/install/bc_pkg:/home/flejv/bc_ws/install/leap_gesture_interface:/opt/ros/humble /usr/bin/cmake --install /home/flejv/bc_ws/build/bc_pkg
