[1.759s] Invoking command in '/home/flejv/bc_ws/src/parser_pkg': PYTHONPATH=/home/flejv/bc_ws/build/parser_pkg/prefix_override:/home/flejv/bc_ws/install/parser_pkg/lib/python3.10/site-packages:${PYTHONPATH} /usr/bin/python3 setup.py egg_info --egg-base ../../build/parser_pkg build --build-base /home/flejv/bc_ws/build/parser_pkg/build install --record /home/flejv/bc_ws/build/parser_pkg/install.log --single-version-externally-managed
[2.054s] running egg_info
[2.074s] writing ../../build/parser_pkg/parser_pkg.egg-info/PKG-INFO
[2.075s] writing dependency_links to ../../build/parser_pkg/parser_pkg.egg-info/dependency_links.txt
[2.075s] writing entry points to ../../build/parser_pkg/parser_pkg.egg-info/entry_points.txt
[2.076s] writing requirements to ../../build/parser_pkg/parser_pkg.egg-info/requires.txt
[2.076s] writing top-level names to ../../build/parser_pkg/parser_pkg.egg-info/top_level.txt
[2.119s] reading manifest file '../../build/parser_pkg/parser_pkg.egg-info/SOURCES.txt'
[2.119s] adding license file 'LICENSE'
[2.120s] writing manifest file '../../build/parser_pkg/parser_pkg.egg-info/SOURCES.txt'
[2.121s] running build
[2.121s] running build_py
[2.121s] copying parser_pkg/__init__.py -> /home/flejv/bc_ws/build/parser_pkg/build/lib/parser_pkg
[2.122s] copying parser_pkg/parser.py -> /home/flejv/bc_ws/build/parser_pkg/build/lib/parser_pkg
[2.122s] running install
[2.123s] /home/flejv/.local/lib/python3.10/site-packages/setuptools/_distutils/cmd.py:66: SetuptoolsDeprecationWarning: setup.py install is deprecated.
[2.125s] !!
[2.125s] 
[2.125s]         ********************************************************************************
[2.125s]         Please avoid running ``setup.py`` directly.
[2.125s]         Instead, use pypa/build, pypa/installer or other
[2.126s]         standards-based tools.
[2.126s] 
[2.126s]         See https://blog.ganssle.io/articles/2021/10/setup-py-deprecated.html for details.
[2.126s]         ********************************************************************************
[2.126s] 
[2.126s] !!
[2.126s]   self.initialize_options()
[2.131s] running install_lib
[2.154s] running install_data
[2.180s] copying resource/parser_pkg -> /home/flejv/bc_ws/install/parser_pkg/share/ament_index/resource_index/packages
[2.180s] copying package.xml -> /home/flejv/bc_ws/install/parser_pkg/share/parser_pkg
[2.180s] running install_egg_info
[2.212s] removing '/home/flejv/bc_ws/install/parser_pkg/lib/python3.10/site-packages/parser_pkg-0.0.0-py3.10.egg-info' (and everything under it)
[2.213s] Copying ../../build/parser_pkg/parser_pkg.egg-info to /home/flejv/bc_ws/install/parser_pkg/lib/python3.10/site-packages/parser_pkg-0.0.0-py3.10.egg-info
[2.215s] running install_scripts
[2.415s] Installing parser script to /home/flejv/bc_ws/install/parser_pkg/lib/parser_pkg
[2.415s] writing list of installed files to '/home/flejv/bc_ws/build/parser_pkg/install.log'
[2.473s] Invoked command in '/home/flejv/bc_ws/src/parser_pkg' returned '0': PYTHONPATH=/home/flejv/bc_ws/build/parser_pkg/prefix_override:/home/flejv/bc_ws/install/parser_pkg/lib/python3.10/site-packages:${PYTHONPATH} /usr/bin/python3 setup.py egg_info --egg-base ../../build/parser_pkg build --build-base /home/flejv/bc_ws/build/parser_pkg/build install --record /home/flejv/bc_ws/build/parser_pkg/install.log --single-version-externally-managed
