[1.641s] Invoking command in '/home/flejv/bc_ws/src/parser_pkg': PYTHONPATH=/home/flejv/bc_ws/build/parser_pkg/prefix_override:/home/flejv/bc_ws/install/parser_pkg/lib/python3.10/site-packages:${PYTHONPATH} /usr/bin/python3 setup.py egg_info --egg-base ../../build/parser_pkg build --build-base /home/flejv/bc_ws/build/parser_pkg/build install --record /home/flejv/bc_ws/build/parser_pkg/install.log --single-version-externally-managed
[1.912s] running egg_info
[1.931s] writing ../../build/parser_pkg/parser_pkg.egg-info/PKG-INFO
[1.932s] writing dependency_links to ../../build/parser_pkg/parser_pkg.egg-info/dependency_links.txt
[1.932s] writing entry points to ../../build/parser_pkg/parser_pkg.egg-info/entry_points.txt
[1.933s] writing requirements to ../../build/parser_pkg/parser_pkg.egg-info/requires.txt
[1.933s] writing top-level names to ../../build/parser_pkg/parser_pkg.egg-info/top_level.txt
[1.977s] reading manifest file '../../build/parser_pkg/parser_pkg.egg-info/SOURCES.txt'
[1.978s] adding license file 'LICENSE'
[1.979s] writing manifest file '../../build/parser_pkg/parser_pkg.egg-info/SOURCES.txt'
[1.979s] running build
[1.979s] running build_py
[1.980s] copying parser_pkg/__init__.py -> /home/flejv/bc_ws/build/parser_pkg/build/lib/parser_pkg
[1.980s] copying parser_pkg/parser.py -> /home/flejv/bc_ws/build/parser_pkg/build/lib/parser_pkg
[1.980s] running install
[1.980s] /home/flejv/.local/lib/python3.10/site-packages/setuptools/_distutils/cmd.py:66: SetuptoolsDeprecationWarning: setup.py install is deprecated.
[1.981s] !!
[1.981s] 
[1.981s]         ********************************************************************************
[1.981s]         Please avoid running ``setup.py`` directly.
[1.981s]         Instead, use pypa/build, pypa/installer or other
[1.982s]         standards-based tools.
[1.982s] 
[1.982s]         See https://blog.ganssle.io/articles/2021/10/setup-py-deprecated.html for details.
[1.982s]         ********************************************************************************
[1.982s] 
[1.983s] !!
[1.983s]   self.initialize_options()
[1.988s] running install_lib
[2.010s] running install_data
[2.030s] copying resource/parser_pkg -> /home/flejv/bc_ws/install/parser_pkg/share/ament_index/resource_index/packages
[2.030s] copying package.xml -> /home/flejv/bc_ws/install/parser_pkg/share/parser_pkg
[2.031s] running install_egg_info
[2.054s] removing '/home/flejv/bc_ws/install/parser_pkg/lib/python3.10/site-packages/parser_pkg-0.0.0-py3.10.egg-info' (and everything under it)
[2.054s] Copying ../../build/parser_pkg/parser_pkg.egg-info to /home/flejv/bc_ws/install/parser_pkg/lib/python3.10/site-packages/parser_pkg-0.0.0-py3.10.egg-info
[2.056s] running install_scripts
[2.262s] Installing parser script to /home/flejv/bc_ws/install/parser_pkg/lib/parser_pkg
[2.264s] writing list of installed files to '/home/flejv/bc_ws/build/parser_pkg/install.log'
[2.332s] Invoked command in '/home/flejv/bc_ws/src/parser_pkg' returned '0': PYTHONPATH=/home/flejv/bc_ws/build/parser_pkg/prefix_override:/home/flejv/bc_ws/install/parser_pkg/lib/python3.10/site-packages:${PYTHONPATH} /usr/bin/python3 setup.py egg_info --egg-base ../../build/parser_pkg build --build-base /home/flejv/bc_ws/build/parser_pkg/build install --record /home/flejv/bc_ws/build/parser_pkg/install.log --single-version-externally-managed
