[33mCMake Warning (dev) at CMakeLists.txt:63 (add_executable):
  Policy CMP0115 is not set: Source file extensions must be explicit.  Run
  "cmake --help-policy CMP0115" for policy details.  Use the cmake_policy
  command to set the policy and suppress this warning.

  File:

    /home/flejv/bc_ws/src/bc_pkg/src/communication_hub.cpp
This warning is for project developers.  Use -Wno-dev to suppress it.
[0m
[31mCMake Error at CMakeLists.txt:66 (add_executable):
  Cannot find source file:

    src/leap_control_copy

  Tried extensions .c .C .c++ .cc .cpp .cxx .cu .mpp .m .M .mm .ixx .cppm .h
  .hh .h++ .hm .hpp .hxx .in .txx .f .F .for .f77 .f90 .f95 .f03 .hip .ispc

[0m
[33mCMake Warning (dev) at CMakeLists.txt:69 (add_executable):
  Policy CMP0115 is not set: Source file extensions must be explicit.  Run
  "cmake --help-policy CMP0115" for policy details.  Use the cmake_policy
  command to set the policy and suppress this warning.

  File:

    /home/flejv/bc_ws/src/bc_pkg/src/virtual_hand.cpp
This warning is for project developers.  Use -Wno-dev to suppress it.
[0m
[33mCMake Warning (dev) at CMakeLists.txt:72 (add_executable):
  Policy CMP0115 is not set: Source file extensions must be explicit.  Run
  "cmake --help-policy CMP0115" for policy details.  Use the cmake_policy
  command to set the policy and suppress this warning.

  File:

    /home/flejv/bc_ws/src/bc_pkg/src/gesture.cpp
This warning is for project developers.  Use -Wno-dev to suppress it.
[0m
[33mCMake Warning (dev) at CMakeLists.txt:75 (add_executable):
  Policy CMP0115 is not set: Source file extensions must be explicit.  Run
  "cmake --help-policy CMP0115" for policy details.  Use the cmake_policy
  command to set the policy and suppress this warning.

  File:

    /home/flejv/bc_ws/src/bc_pkg/src/rpy_pub.cpp
This warning is for project developers.  Use -Wno-dev to suppress it.
[0m
[33mCMake Warning (dev) at CMakeLists.txt:79 (add_executable):
  Policy CMP0115 is not set: Source file extensions must be explicit.  Run
  "cmake --help-policy CMP0115" for policy details.  Use the cmake_policy
  command to set the policy and suppress this warning.

  File:

    /home/flejv/bc_ws/src/bc_pkg/src/carth_pub.cpp
This warning is for project developers.  Use -Wno-dev to suppress it.
[0m
[31mCMake Error at CMakeLists.txt:66 (add_executable):
  No SOURCES given to target: control

[0m
[0mCMake Generate step failed.  Build files cannot be regenerated correctly.[0m
gmake: *** [Makefile:513: cmake_check_build_system] Error 1
