-- Found rclcpp: 16.0.8 (/opt/ros/humble/share/rclcpp/cmake)
-- Found rosidl_generator_c: 3.1.5 (/opt/ros/humble/share/rosidl_generator_c/cmake)
-- Found rosidl_adapter: 3.1.5 (/opt/ros/humble/share/rosidl_adapter/cmake)
-- Found rosidl_generator_cpp: 3.1.5 (/opt/ros/humble/share/rosidl_generator_cpp/cmake)
-- Using all available rosidl_typesupport_c: rosidl_typesupport_fastrtps_c;rosidl_typesupport_introspection_c
-- Using all available rosidl_typesupport_cpp: rosidl_typesupport_fastrtps_cpp;rosidl_typesupport_introspection_cpp
-- Found rmw_implementation_cmake: 6.1.1 (/opt/ros/humble/share/rmw_implementation_cmake/cmake)
-- Found rmw_fastrtps_cpp: 6.2.6 (/opt/ros/humble/share/rmw_fastrtps_cpp/cmake)
-- Using RMW implementation 'rmw_fastrtps_cpp' as default
-- Found sensor_msgs: 4.2.3 (/opt/ros/humble/share/sensor_msgs/cmake)
-- Found visualization_msgs: 4.2.3 (/opt/ros/humble/share/visualization_msgs/cmake)
-- Found ament_lint_auto: 0.12.10 (/opt/ros/humble/share/ament_lint_auto/cmake)
-- Added test 'cppcheck' to perform static code analysis on C / C++ code
-- Configured cppcheck include dirs: 
-- Configured cppcheck exclude dirs and/or files: 
-- Added test 'lint_cmake' to check CMake code style
-- Added test 'uncrustify' to check C / C++ code style
-- Configured uncrustify additional arguments: 
-- Added test 'xmllint' to check XML markup files
-- Configuring done
-- Generating done
-- Build files have been written to: /home/flejv/bc_ws/build/leap_gesture_interface
[35m[1mConsolidate compiler generated dependencies of target libExampleConnection[0m
[ 11%] [32mBuilding C object CMakeFiles/libExampleConnection.dir/usr/share/doc/ultraleap-hand-tracking-service/samples/ExampleConnection.c.o[0m
[ 11%] Built target libExampleConnection
[35m[1mConsolidate compiler generated dependencies of target leap_example_node[0m
[35m[1mConsolidate compiler generated dependencies of target carth[0m
[35m[1mConsolidate compiler generated dependencies of target rpy[0m
[35m[1mConsolidate compiler generated dependencies of target gesture_interface_node[0m
[ 22%] [32mBuilding CXX object CMakeFiles/leap_example_node.dir/src/leap_interface_example.cpp.o[0m
[ 33%] [32mBuilding CXX object CMakeFiles/rpy.dir/src/rpy_pub.cpp.o[0m
[ 44%] [32mBuilding CXX object CMakeFiles/gesture_interface_node.dir/src/gesture_interface_node.cpp.o[0m
[ 55%] [32mBuilding CXX object CMakeFiles/carth.dir/src/carth_pub.cpp.o[0m
[ 66%] [32m[1mLinking CXX executable leap_example_node[0m
[ 77%] [32m[1mLinking CXX executable carth[0m
[ 77%] Built target leap_example_node
[ 77%] Built target carth
[ 88%] [32m[1mLinking CXX executable gesture_interface_node[0m
[ 88%] Built target gesture_interface_node
[100%] [32m[1mLinking CXX executable rpy[0m
[100%] Built target rpy
-- Install configuration: ""
-- Installing: /home/flejv/bc_ws/install/leap_gesture_interface/lib/leap_gesture_interface/gesture_interface_node
-- Set runtime path of "/home/flejv/bc_ws/install/leap_gesture_interface/lib/leap_gesture_interface/gesture_interface_node" to ""
-- Installing: /home/flejv/bc_ws/install/leap_gesture_interface/lib/leap_gesture_interface/leap_example_node
-- Set runtime path of "/home/flejv/bc_ws/install/leap_gesture_interface/lib/leap_gesture_interface/leap_example_node" to ""
-- Installing: /home/flejv/bc_ws/install/leap_gesture_interface/lib/leap_gesture_interface/carth
-- Set runtime path of "/home/flejv/bc_ws/install/leap_gesture_interface/lib/leap_gesture_interface/carth" to ""
-- Installing: /home/flejv/bc_ws/install/leap_gesture_interface/lib/leap_gesture_interface/rpy
-- Set runtime path of "/home/flejv/bc_ws/install/leap_gesture_interface/lib/leap_gesture_interface/rpy" to ""
-- Up-to-date: /home/flejv/bc_ws/install/leap_gesture_interface/share/ament_index/resource_index/package_run_dependencies/leap_gesture_interface
-- Installing: /home/flejv/bc_ws/install/leap_gesture_interface/share/ament_index/resource_index/parent_prefix_path/leap_gesture_interface
-- Up-to-date: /home/flejv/bc_ws/install/leap_gesture_interface/share/leap_gesture_interface/environment/ament_prefix_path.sh
-- Installing: /home/flejv/bc_ws/install/leap_gesture_interface/share/leap_gesture_interface/environment/ament_prefix_path.dsv
-- Up-to-date: /home/flejv/bc_ws/install/leap_gesture_interface/share/leap_gesture_interface/environment/path.sh
-- Installing: /home/flejv/bc_ws/install/leap_gesture_interface/share/leap_gesture_interface/environment/path.dsv
-- Up-to-date: /home/flejv/bc_ws/install/leap_gesture_interface/share/leap_gesture_interface/local_setup.bash
-- Up-to-date: /home/flejv/bc_ws/install/leap_gesture_interface/share/leap_gesture_interface/local_setup.sh
-- Up-to-date: /home/flejv/bc_ws/install/leap_gesture_interface/share/leap_gesture_interface/local_setup.zsh
-- Installing: /home/flejv/bc_ws/install/leap_gesture_interface/share/leap_gesture_interface/local_setup.dsv
-- Installing: /home/flejv/bc_ws/install/leap_gesture_interface/share/leap_gesture_interface/package.dsv
-- Up-to-date: /home/flejv/bc_ws/install/leap_gesture_interface/share/ament_index/resource_index/packages/leap_gesture_interface
-- Up-to-date: /home/flejv/bc_ws/install/leap_gesture_interface/share/leap_gesture_interface/cmake/leap_gesture_interfaceConfig.cmake
-- Up-to-date: /home/flejv/bc_ws/install/leap_gesture_interface/share/leap_gesture_interface/cmake/leap_gesture_interfaceConfig-version.cmake
-- Up-to-date: /home/flejv/bc_ws/install/leap_gesture_interface/share/leap_gesture_interface/package.xml
