[0.094s] Invoking command in '/home/flejv/bc_ws/build/leap_gesture_interface': CMAKE_PREFIX_PATH=/opt/ros/humble /usr/bin/cmake --build /home/flejv/bc_ws/build/leap_gesture_interface -- -j8 -l8
[0.209s] [ 11%] Built target libExampleConnection
[0.286s] [ 33%] Built target gesture_interface_node
[0.286s] [ 55%] Built target carth
[0.291s] [ 77%] Built target leap_example_node
[0.292s] [100%] Built target rpy
[0.315s] Invoked command in '/home/flejv/bc_ws/build/leap_gesture_interface' returned '0': CMAKE_PREFIX_PATH=/opt/ros/humble /usr/bin/cmake --build /home/flejv/bc_ws/build/leap_gesture_interface -- -j8 -l8
[0.393s] Invoking command in '/home/flejv/bc_ws/build/leap_gesture_interface': CMAKE_PREFIX_PATH=/opt/ros/humble /usr/bin/cmake --install /home/flejv/bc_ws/build/leap_gesture_interface
[0.408s] -- Install configuration: ""
[0.408s] -- Up-to-date: /home/flejv/bc_ws/install/leap_gesture_interface/lib/leap_gesture_interface/gesture_interface_node
[0.409s] -- Up-to-date: /home/flejv/bc_ws/install/leap_gesture_interface/lib/leap_gesture_interface/leap_example_node
[0.410s] -- Up-to-date: /home/flejv/bc_ws/install/leap_gesture_interface/lib/leap_gesture_interface/carth
[0.410s] -- Up-to-date: /home/flejv/bc_ws/install/leap_gesture_interface/lib/leap_gesture_interface/rpy
[0.411s] -- Up-to-date: /home/flejv/bc_ws/install/leap_gesture_interface/share/ament_index/resource_index/package_run_dependencies/leap_gesture_interface
[0.411s] -- Up-to-date: /home/flejv/bc_ws/install/leap_gesture_interface/share/ament_index/resource_index/parent_prefix_path/leap_gesture_interface
[0.411s] -- Up-to-date: /home/flejv/bc_ws/install/leap_gesture_interface/share/leap_gesture_interface/environment/ament_prefix_path.sh
[0.412s] -- Up-to-date: /home/flejv/bc_ws/install/leap_gesture_interface/share/leap_gesture_interface/environment/ament_prefix_path.dsv
[0.412s] -- Up-to-date: /home/flejv/bc_ws/install/leap_gesture_interface/share/leap_gesture_interface/environment/path.sh
[0.412s] -- Up-to-date: /home/flejv/bc_ws/install/leap_gesture_interface/share/leap_gesture_interface/environment/path.dsv
[0.412s] -- Up-to-date: /home/flejv/bc_ws/install/leap_gesture_interface/share/leap_gesture_interface/local_setup.bash
[0.412s] -- Up-to-date: /home/flejv/bc_ws/install/leap_gesture_interface/share/leap_gesture_interface/local_setup.sh
[0.413s] -- Up-to-date: /home/flejv/bc_ws/install/leap_gesture_interface/share/leap_gesture_interface/local_setup.zsh
[0.413s] -- Up-to-date: /home/flejv/bc_ws/install/leap_gesture_interface/share/leap_gesture_interface/local_setup.dsv
[0.413s] -- Installing: /home/flejv/bc_ws/install/leap_gesture_interface/share/leap_gesture_interface/package.dsv
[0.413s] -- Up-to-date: /home/flejv/bc_ws/install/leap_gesture_interface/share/ament_index/resource_index/packages/leap_gesture_interface
[0.413s] -- Up-to-date: /home/flejv/bc_ws/install/leap_gesture_interface/share/leap_gesture_interface/cmake/leap_gesture_interfaceConfig.cmake
[0.413s] -- Up-to-date: /home/flejv/bc_ws/install/leap_gesture_interface/share/leap_gesture_interface/cmake/leap_gesture_interfaceConfig-version.cmake
[0.414s] -- Up-to-date: /home/flejv/bc_ws/install/leap_gesture_interface/share/leap_gesture_interface/package.xml
[0.417s] Invoked command in '/home/flejv/bc_ws/build/leap_gesture_interface' returned '0': CMAKE_PREFIX_PATH=/opt/ros/humble /usr/bin/cmake --install /home/flejv/bc_ws/build/leap_gesture_interface
