[1.170s] DEBUG:colcon:Command line arguments: ['/usr/bin/colcon', 'build']
[1.171s] DEBUG:colcon:Parsed command line arguments: Namespace(log_base=None, log_level=None, verb_name='build', build_base='build', install_base='install', merge_install=False, symlink_install=False, test_result_base=None, continue_on_error=False, executor='parallel', parallel_workers=8, event_handlers=None, ignore_user_meta=False, metas=['./colcon.meta'], base_paths=['.'], packages_ignore=None, packages_ignore_regex=None, paths=None, packages_up_to=None, packages_up_to_regex=None, packages_above=None, packages_above_and_dependencies=None, packages_above_depth=None, packages_select_by_dep=None, packages_skip_by_dep=None, packages_skip_up_to=None, packages_select_build_failed=False, packages_skip_build_finished=False, packages_select_test_failures=False, packages_skip_test_passed=False, packages_select=None, packages_skip=None, packages_select_regex=None, packages_skip_regex=None, packages_start=None, packages_end=None, allow_overriding=[], cmake_args=None, cmake_target=None, cmake_target_skip_unavailable=False, cmake_clean_cache=False, cmake_clean_first=False, cmake_force_configure=False, ament_cmake_args=None, catkin_cmake_args=None, catkin_skip_building_tests=False, verb_parser=<colcon_defaults.argument_parser.defaults.DefaultArgumentsDecorator object at 0x783bbacc4280>, verb_extension=<colcon_core.verb.build.BuildVerb object at 0x783bbaca4070>, main=<bound method BuildVerb.main of <colcon_core.verb.build.BuildVerb object at 0x783bbaca4070>>)
[1.256s] Level 1:colcon.colcon_core.package_discovery:discover_packages(colcon_meta) check parameters
[1.256s] Level 1:colcon.colcon_core.package_discovery:discover_packages(recursive) check parameters
[1.256s] Level 1:colcon.colcon_core.package_discovery:discover_packages(ignore) check parameters
[1.257s] Level 1:colcon.colcon_core.package_discovery:discover_packages(path) check parameters
[1.257s] Level 1:colcon.colcon_core.package_discovery:discover_packages(colcon_meta) discover
[1.257s] Level 1:colcon.colcon_core.package_discovery:discover_packages(recursive) discover
[1.257s] INFO:colcon.colcon_core.package_discovery:Crawling recursively for packages in '/home/flejv/bc_ws'
[1.257s] Level 1:colcon.colcon_core.package_identification:_identify(.) by extensions ['ignore', 'ignore_ament_install']
[1.257s] Level 1:colcon.colcon_core.package_identification:_identify(.) by extension 'ignore'
[1.257s] Level 1:colcon.colcon_core.package_identification:_identify(.) by extension 'ignore_ament_install'
[1.258s] Level 1:colcon.colcon_core.package_identification:_identify(.) by extensions ['colcon_pkg']
[1.258s] Level 1:colcon.colcon_core.package_identification:_identify(.) by extension 'colcon_pkg'
[1.258s] Level 1:colcon.colcon_core.package_identification:_identify(.) by extensions ['colcon_meta']
[1.258s] Level 1:colcon.colcon_core.package_identification:_identify(.) by extension 'colcon_meta'
[1.258s] Level 1:colcon.colcon_core.package_identification:_identify(.) by extensions ['ros']
[1.258s] Level 1:colcon.colcon_core.package_identification:_identify(.) by extension 'ros'
[1.279s] Level 1:colcon.colcon_core.package_identification:_identify(.) by extensions ['cmake', 'python']
[1.279s] Level 1:colcon.colcon_core.package_identification:_identify(.) by extension 'cmake'
[1.279s] Level 1:colcon.colcon_core.package_identification:_identify(.) by extension 'python'
[1.279s] Level 1:colcon.colcon_core.package_identification:_identify(.) by extensions ['python_setup_py']
[1.279s] Level 1:colcon.colcon_core.package_identification:_identify(.) by extension 'python_setup_py'
[1.280s] Level 1:colcon.colcon_core.package_identification:_identify(build) by extensions ['ignore', 'ignore_ament_install']
[1.280s] Level 1:colcon.colcon_core.package_identification:_identify(build) by extension 'ignore'
[1.280s] Level 1:colcon.colcon_core.package_identification:_identify(build) ignored
[1.280s] Level 1:colcon.colcon_core.package_identification:_identify(install) by extensions ['ignore', 'ignore_ament_install']
[1.280s] Level 1:colcon.colcon_core.package_identification:_identify(install) by extension 'ignore'
[1.280s] Level 1:colcon.colcon_core.package_identification:_identify(install) ignored
[1.280s] Level 1:colcon.colcon_core.package_identification:_identify(log) by extensions ['ignore', 'ignore_ament_install']
[1.280s] Level 1:colcon.colcon_core.package_identification:_identify(log) by extension 'ignore'
[1.280s] Level 1:colcon.colcon_core.package_identification:_identify(log) ignored
[1.281s] Level 1:colcon.colcon_core.package_identification:_identify(src) by extensions ['ignore', 'ignore_ament_install']
[1.281s] Level 1:colcon.colcon_core.package_identification:_identify(src) by extension 'ignore'
[1.281s] Level 1:colcon.colcon_core.package_identification:_identify(src) by extension 'ignore_ament_install'
[1.281s] Level 1:colcon.colcon_core.package_identification:_identify(src) by extensions ['colcon_pkg']
[1.281s] Level 1:colcon.colcon_core.package_identification:_identify(src) by extension 'colcon_pkg'
[1.281s] Level 1:colcon.colcon_core.package_identification:_identify(src) by extensions ['colcon_meta']
[1.281s] Level 1:colcon.colcon_core.package_identification:_identify(src) by extension 'colcon_meta'
[1.281s] Level 1:colcon.colcon_core.package_identification:_identify(src) by extensions ['ros']
[1.281s] Level 1:colcon.colcon_core.package_identification:_identify(src) by extension 'ros'
[1.281s] Level 1:colcon.colcon_core.package_identification:_identify(src) by extensions ['cmake', 'python']
[1.281s] Level 1:colcon.colcon_core.package_identification:_identify(src) by extension 'cmake'
[1.281s] Level 1:colcon.colcon_core.package_identification:_identify(src) by extension 'python'
[1.281s] Level 1:colcon.colcon_core.package_identification:_identify(src) by extensions ['python_setup_py']
[1.281s] Level 1:colcon.colcon_core.package_identification:_identify(src) by extension 'python_setup_py'
[1.282s] Level 1:colcon.colcon_core.package_identification:_identify(src/bc_pkg) by extensions ['ignore', 'ignore_ament_install']
[1.282s] Level 1:colcon.colcon_core.package_identification:_identify(src/bc_pkg) by extension 'ignore'
[1.282s] Level 1:colcon.colcon_core.package_identification:_identify(src/bc_pkg) by extension 'ignore_ament_install'
[1.282s] Level 1:colcon.colcon_core.package_identification:_identify(src/bc_pkg) by extensions ['colcon_pkg']
[1.282s] Level 1:colcon.colcon_core.package_identification:_identify(src/bc_pkg) by extension 'colcon_pkg'
[1.282s] Level 1:colcon.colcon_core.package_identification:_identify(src/bc_pkg) by extensions ['colcon_meta']
[1.282s] Level 1:colcon.colcon_core.package_identification:_identify(src/bc_pkg) by extension 'colcon_meta'
[1.282s] Level 1:colcon.colcon_core.package_identification:_identify(src/bc_pkg) by extensions ['ros']
[1.282s] Level 1:colcon.colcon_core.package_identification:_identify(src/bc_pkg) by extension 'ros'
[1.285s] DEBUG:colcon.colcon_core.package_identification:Package 'src/bc_pkg' with type 'ros.ament_cmake' and name 'bc_pkg'
[1.285s] Level 1:colcon.colcon_core.package_identification:_identify(src/leap_gesture_interface) by extensions ['ignore', 'ignore_ament_install']
[1.285s] Level 1:colcon.colcon_core.package_identification:_identify(src/leap_gesture_interface) by extension 'ignore'
[1.285s] Level 1:colcon.colcon_core.package_identification:_identify(src/leap_gesture_interface) by extension 'ignore_ament_install'
[1.285s] Level 1:colcon.colcon_core.package_identification:_identify(src/leap_gesture_interface) by extensions ['colcon_pkg']
[1.285s] Level 1:colcon.colcon_core.package_identification:_identify(src/leap_gesture_interface) by extension 'colcon_pkg'
[1.286s] Level 1:colcon.colcon_core.package_identification:_identify(src/leap_gesture_interface) by extensions ['colcon_meta']
[1.286s] Level 1:colcon.colcon_core.package_identification:_identify(src/leap_gesture_interface) by extension 'colcon_meta'
[1.286s] Level 1:colcon.colcon_core.package_identification:_identify(src/leap_gesture_interface) by extensions ['ros']
[1.286s] Level 1:colcon.colcon_core.package_identification:_identify(src/leap_gesture_interface) by extension 'ros'
[1.287s] DEBUG:colcon.colcon_core.package_identification:Package 'src/leap_gesture_interface' with type 'ros.ament_cmake' and name 'leap_gesture_interface'
[1.287s] Level 1:colcon.colcon_core.package_identification:_identify(src/parser_pkg) by extensions ['ignore', 'ignore_ament_install']
[1.287s] Level 1:colcon.colcon_core.package_identification:_identify(src/parser_pkg) by extension 'ignore'
[1.287s] Level 1:colcon.colcon_core.package_identification:_identify(src/parser_pkg) by extension 'ignore_ament_install'
[1.287s] Level 1:colcon.colcon_core.package_identification:_identify(src/parser_pkg) by extensions ['colcon_pkg']
[1.287s] Level 1:colcon.colcon_core.package_identification:_identify(src/parser_pkg) by extension 'colcon_pkg'
[1.287s] Level 1:colcon.colcon_core.package_identification:_identify(src/parser_pkg) by extensions ['colcon_meta']
[1.287s] Level 1:colcon.colcon_core.package_identification:_identify(src/parser_pkg) by extension 'colcon_meta'
[1.287s] Level 1:colcon.colcon_core.package_identification:_identify(src/parser_pkg) by extensions ['ros']
[1.287s] Level 1:colcon.colcon_core.package_identification:_identify(src/parser_pkg) by extension 'ros'
[1.288s] DEBUG:colcon.colcon_core.package_identification:Package 'src/parser_pkg' with type 'ros.ament_python' and name 'parser_pkg'
[1.288s] Level 1:colcon.colcon_core.package_identification:_identify(src/px4_msgs) by extensions ['ignore', 'ignore_ament_install']
[1.288s] Level 1:colcon.colcon_core.package_identification:_identify(src/px4_msgs) by extension 'ignore'
[1.288s] Level 1:colcon.colcon_core.package_identification:_identify(src/px4_msgs) by extension 'ignore_ament_install'
[1.288s] Level 1:colcon.colcon_core.package_identification:_identify(src/px4_msgs) by extensions ['colcon_pkg']
[1.288s] Level 1:colcon.colcon_core.package_identification:_identify(src/px4_msgs) by extension 'colcon_pkg'
[1.288s] Level 1:colcon.colcon_core.package_identification:_identify(src/px4_msgs) by extensions ['colcon_meta']
[1.288s] Level 1:colcon.colcon_core.package_identification:_identify(src/px4_msgs) by extension 'colcon_meta'
[1.289s] Level 1:colcon.colcon_core.package_identification:_identify(src/px4_msgs) by extensions ['ros']
[1.289s] Level 1:colcon.colcon_core.package_identification:_identify(src/px4_msgs) by extension 'ros'
[1.289s] DEBUG:colcon.colcon_core.package_identification:Package 'src/px4_msgs' with type 'ros.ament_cmake' and name 'px4_msgs'
[1.289s] Level 1:colcon.colcon_core.package_discovery:discover_packages(recursive) using defaults
[1.289s] Level 1:colcon.colcon_core.package_discovery:discover_packages(ignore) discover
[1.289s] Level 1:colcon.colcon_core.package_discovery:discover_packages(ignore) using defaults
[1.290s] Level 1:colcon.colcon_core.package_discovery:discover_packages(path) discover
[1.290s] Level 1:colcon.colcon_core.package_discovery:discover_packages(path) using defaults
[1.411s] Level 1:colcon.colcon_core.package_discovery:discover_packages(prefix_path) check parameters
[1.411s] Level 1:colcon.colcon_core.package_discovery:discover_packages(prefix_path) discover
[1.451s] DEBUG:colcon.colcon_installed_package_information.package_discovery:Found 4 installed packages in /home/flejv/bc_ws/install
[1.471s] DEBUG:colcon.colcon_installed_package_information.package_discovery:Found 285 installed packages in /opt/ros/humble
[1.473s] Level 1:colcon.colcon_core.package_discovery:discover_packages(prefix_path) using defaults
[1.647s] Level 5:colcon.colcon_core.verb:set package 'leap_gesture_interface' build argument 'cmake_args' from command line to 'None'
[1.647s] Level 5:colcon.colcon_core.verb:set package 'leap_gesture_interface' build argument 'cmake_target' from command line to 'None'
[1.647s] Level 5:colcon.colcon_core.verb:set package 'leap_gesture_interface' build argument 'cmake_target_skip_unavailable' from command line to 'False'
[1.647s] Level 5:colcon.colcon_core.verb:set package 'leap_gesture_interface' build argument 'cmake_clean_cache' from command line to 'False'
[1.647s] Level 5:colcon.colcon_core.verb:set package 'leap_gesture_interface' build argument 'cmake_clean_first' from command line to 'False'
[1.647s] Level 5:colcon.colcon_core.verb:set package 'leap_gesture_interface' build argument 'cmake_force_configure' from command line to 'False'
[1.647s] Level 5:colcon.colcon_core.verb:set package 'leap_gesture_interface' build argument 'ament_cmake_args' from command line to 'None'
[1.647s] Level 5:colcon.colcon_core.verb:set package 'leap_gesture_interface' build argument 'catkin_cmake_args' from command line to 'None'
[1.647s] Level 5:colcon.colcon_core.verb:set package 'leap_gesture_interface' build argument 'catkin_skip_building_tests' from command line to 'False'
[1.647s] DEBUG:colcon.colcon_core.verb:Building package 'leap_gesture_interface' with the following arguments: {'ament_cmake_args': None, 'build_base': '/home/flejv/bc_ws/build/leap_gesture_interface', 'catkin_cmake_args': None, 'catkin_skip_building_tests': False, 'cmake_args': None, 'cmake_clean_cache': False, 'cmake_clean_first': False, 'cmake_force_configure': False, 'cmake_target': None, 'cmake_target_skip_unavailable': False, 'install_base': '/home/flejv/bc_ws/install/leap_gesture_interface', 'merge_install': False, 'path': '/home/flejv/bc_ws/src/leap_gesture_interface', 'symlink_install': False, 'test_result_base': None}
[1.666s] Level 5:colcon.colcon_core.verb:set package 'parser_pkg' build argument 'cmake_args' from command line to 'None'
[1.666s] Level 5:colcon.colcon_core.verb:set package 'parser_pkg' build argument 'cmake_target' from command line to 'None'
[1.666s] Level 5:colcon.colcon_core.verb:set package 'parser_pkg' build argument 'cmake_target_skip_unavailable' from command line to 'False'
[1.666s] Level 5:colcon.colcon_core.verb:set package 'parser_pkg' build argument 'cmake_clean_cache' from command line to 'False'
[1.666s] Level 5:colcon.colcon_core.verb:set package 'parser_pkg' build argument 'cmake_clean_first' from command line to 'False'
[1.666s] Level 5:colcon.colcon_core.verb:set package 'parser_pkg' build argument 'cmake_force_configure' from command line to 'False'
[1.666s] Level 5:colcon.colcon_core.verb:set package 'parser_pkg' build argument 'ament_cmake_args' from command line to 'None'
[1.666s] Level 5:colcon.colcon_core.verb:set package 'parser_pkg' build argument 'catkin_cmake_args' from command line to 'None'
[1.666s] Level 5:colcon.colcon_core.verb:set package 'parser_pkg' build argument 'catkin_skip_building_tests' from command line to 'False'
[1.666s] DEBUG:colcon.colcon_core.verb:Building package 'parser_pkg' with the following arguments: {'ament_cmake_args': None, 'build_base': '/home/flejv/bc_ws/build/parser_pkg', 'catkin_cmake_args': None, 'catkin_skip_building_tests': False, 'cmake_args': None, 'cmake_clean_cache': False, 'cmake_clean_first': False, 'cmake_force_configure': False, 'cmake_target': None, 'cmake_target_skip_unavailable': False, 'install_base': '/home/flejv/bc_ws/install/parser_pkg', 'merge_install': False, 'path': '/home/flejv/bc_ws/src/parser_pkg', 'symlink_install': False, 'test_result_base': None}
[1.684s] Level 5:colcon.colcon_core.verb:set package 'px4_msgs' build argument 'cmake_args' from command line to 'None'
[1.685s] Level 5:colcon.colcon_core.verb:set package 'px4_msgs' build argument 'cmake_target' from command line to 'None'
[1.685s] Level 5:colcon.colcon_core.verb:set package 'px4_msgs' build argument 'cmake_target_skip_unavailable' from command line to 'False'
[1.685s] Level 5:colcon.colcon_core.verb:set package 'px4_msgs' build argument 'cmake_clean_cache' from command line to 'False'
[1.685s] Level 5:colcon.colcon_core.verb:set package 'px4_msgs' build argument 'cmake_clean_first' from command line to 'False'
[1.685s] Level 5:colcon.colcon_core.verb:set package 'px4_msgs' build argument 'cmake_force_configure' from command line to 'False'
[1.685s] Level 5:colcon.colcon_core.verb:set package 'px4_msgs' build argument 'ament_cmake_args' from command line to 'None'
[1.685s] Level 5:colcon.colcon_core.verb:set package 'px4_msgs' build argument 'catkin_cmake_args' from command line to 'None'
[1.685s] Level 5:colcon.colcon_core.verb:set package 'px4_msgs' build argument 'catkin_skip_building_tests' from command line to 'False'
[1.685s] DEBUG:colcon.colcon_core.verb:Building package 'px4_msgs' with the following arguments: {'ament_cmake_args': None, 'build_base': '/home/flejv/bc_ws/build/px4_msgs', 'catkin_cmake_args': None, 'catkin_skip_building_tests': False, 'cmake_args': None, 'cmake_clean_cache': False, 'cmake_clean_first': False, 'cmake_force_configure': False, 'cmake_target': None, 'cmake_target_skip_unavailable': False, 'install_base': '/home/flejv/bc_ws/install/px4_msgs', 'merge_install': False, 'path': '/home/flejv/bc_ws/src/px4_msgs', 'symlink_install': False, 'test_result_base': None}
[1.704s] Level 5:colcon.colcon_core.verb:set package 'bc_pkg' build argument 'cmake_args' from command line to 'None'
[1.704s] Level 5:colcon.colcon_core.verb:set package 'bc_pkg' build argument 'cmake_target' from command line to 'None'
[1.704s] Level 5:colcon.colcon_core.verb:set package 'bc_pkg' build argument 'cmake_target_skip_unavailable' from command line to 'False'
[1.704s] Level 5:colcon.colcon_core.verb:set package 'bc_pkg' build argument 'cmake_clean_cache' from command line to 'False'
[1.704s] Level 5:colcon.colcon_core.verb:set package 'bc_pkg' build argument 'cmake_clean_first' from command line to 'False'
[1.704s] Level 5:colcon.colcon_core.verb:set package 'bc_pkg' build argument 'cmake_force_configure' from command line to 'False'
[1.704s] Level 5:colcon.colcon_core.verb:set package 'bc_pkg' build argument 'ament_cmake_args' from command line to 'None'
[1.704s] Level 5:colcon.colcon_core.verb:set package 'bc_pkg' build argument 'catkin_cmake_args' from command line to 'None'
[1.704s] Level 5:colcon.colcon_core.verb:set package 'bc_pkg' build argument 'catkin_skip_building_tests' from command line to 'False'
[1.704s] DEBUG:colcon.colcon_core.verb:Building package 'bc_pkg' with the following arguments: {'ament_cmake_args': None, 'build_base': '/home/flejv/bc_ws/build/bc_pkg', 'catkin_cmake_args': None, 'catkin_skip_building_tests': False, 'cmake_args': None, 'cmake_clean_cache': False, 'cmake_clean_first': False, 'cmake_force_configure': False, 'cmake_target': None, 'cmake_target_skip_unavailable': False, 'install_base': '/home/flejv/bc_ws/install/bc_pkg', 'merge_install': False, 'path': '/home/flejv/bc_ws/src/bc_pkg', 'symlink_install': False, 'test_result_base': None}
[1.723s] INFO:colcon.colcon_core.executor:Executing jobs using 'parallel' executor
[1.743s] DEBUG:colcon.colcon_parallel_executor.executor.parallel:run_until_complete
[1.744s] INFO:colcon.colcon_ros.task.ament_cmake.build:Building ROS package in '/home/flejv/bc_ws/src/px4_msgs' with build type 'ament_cmake'
[1.744s] INFO:colcon.colcon_cmake.task.cmake.build:Building CMake package in '/home/flejv/bc_ws/src/px4_msgs'
[1.811s] INFO:colcon.colcon_core.plugin_system:Skipping extension 'colcon_core.shell.bat': Not used on non-Windows systems
[1.812s] INFO:colcon.colcon_core.shell:Skip shell extension 'powershell' for command environment: Not usable outside of PowerShell
[1.812s] DEBUG:colcon.colcon_core.shell:Skip shell extension 'dsv' for command environment
[1.917s] INFO:colcon.colcon_ros.task.ament_cmake.build:Building ROS package in '/home/flejv/bc_ws/src/leap_gesture_interface' with build type 'ament_cmake'
[1.917s] INFO:colcon.colcon_cmake.task.cmake.build:Building CMake package in '/home/flejv/bc_ws/src/leap_gesture_interface'
[1.937s] INFO:colcon.colcon_core.shell:Skip shell extension 'powershell' for command environment: Not usable outside of PowerShell
[1.937s] DEBUG:colcon.colcon_core.shell:Skip shell extension 'dsv' for command environment
[1.997s] INFO:colcon.colcon_ros.task.ament_python.build:Building ROS package in '/home/flejv/bc_ws/src/parser_pkg' with build type 'ament_python'
[1.997s] Level 1:colcon.colcon_core.shell:create_environment_hook('parser_pkg', 'ament_prefix_path')
[2.017s] INFO:colcon.colcon_core.shell:Creating environment hook '/home/flejv/bc_ws/install/parser_pkg/share/parser_pkg/hook/ament_prefix_path.ps1'
[2.044s] INFO:colcon.colcon_core.shell:Creating environment descriptor '/home/flejv/bc_ws/install/parser_pkg/share/parser_pkg/hook/ament_prefix_path.dsv'
[2.045s] INFO:colcon.colcon_core.shell:Creating environment hook '/home/flejv/bc_ws/install/parser_pkg/share/parser_pkg/hook/ament_prefix_path.sh'
[2.066s] INFO:colcon.colcon_core.shell:Skip shell extension 'powershell' for command environment: Not usable outside of PowerShell
[2.066s] DEBUG:colcon.colcon_core.shell:Skip shell extension 'dsv' for command environment
[2.211s] DEBUG:colcon.colcon_core.event_handler.log_command:Invoking command in '/home/flejv/bc_ws/build/px4_msgs': CMAKE_PREFIX_PATH=${CMAKE_PREFIX_PATH}:/home/flejv/bc_ws/install/parser_pkg:/opt/ros/humble /usr/bin/cmake --build /home/flejv/bc_ws/build/px4_msgs -- -j8 -l8
[2.224s] DEBUG:colcon.colcon_core.event_handler.log_command:Invoking command in '/home/flejv/bc_ws/build/leap_gesture_interface': CMAKE_PREFIX_PATH=${CMAKE_PREFIX_PATH}:/home/flejv/bc_ws/install/parser_pkg:/opt/ros/humble /usr/bin/cmake --build /home/flejv/bc_ws/build/leap_gesture_interface -- -j8 -l8
[2.608s] INFO:colcon.colcon_core.task.python.build:Building Python package in '/home/flejv/bc_ws/src/parser_pkg'
[2.626s] INFO:colcon.colcon_core.shell:Skip shell extension 'powershell' for command environment: Not usable outside of PowerShell
[2.626s] DEBUG:colcon.colcon_core.shell:Skip shell extension 'dsv' for command environment
[7.155s] DEBUG:colcon.colcon_core.event_handler.log_command:Invoking command in '/home/flejv/bc_ws/src/parser_pkg': PYTHONPATH=/home/flejv/bc_ws/build/parser_pkg/prefix_override:/home/flejv/bc_ws/install/parser_pkg/lib/python3.10/site-packages:${PYTHONPATH} /usr/bin/python3 setup.py egg_info --egg-base ../../build/parser_pkg build --build-base /home/flejv/bc_ws/build/parser_pkg/build install --record /home/flejv/bc_ws/build/parser_pkg/install.log --single-version-externally-managed
[10.093s] DEBUG:colcon.colcon_core.event_handler.log_command:Invoked command in '/home/flejv/bc_ws/src/parser_pkg' returned '0': PYTHONPATH=/home/flejv/bc_ws/build/parser_pkg/prefix_override:/home/flejv/bc_ws/install/parser_pkg/lib/python3.10/site-packages:${PYTHONPATH} /usr/bin/python3 setup.py egg_info --egg-base ../../build/parser_pkg build --build-base /home/flejv/bc_ws/build/parser_pkg/build install --record /home/flejv/bc_ws/build/parser_pkg/install.log --single-version-externally-managed
[10.281s] Level 1:colcon.colcon_core.environment:checking '/home/flejv/bc_ws/install/parser_pkg' for CMake module files
[10.282s] Level 1:colcon.colcon_core.environment:checking '/home/flejv/bc_ws/install/parser_pkg' for CMake config files
[10.283s] Level 1:colcon.colcon_core.environment:checking '/home/flejv/bc_ws/install/parser_pkg/lib'
[10.284s] Level 1:colcon.colcon_core.environment:checking '/home/flejv/bc_ws/install/parser_pkg/bin'
[10.284s] Level 1:colcon.colcon_core.environment:checking '/home/flejv/bc_ws/install/parser_pkg/lib/pkgconfig/parser_pkg.pc'
[10.284s] Level 1:colcon.colcon_core.environment:checking '/home/flejv/bc_ws/install/parser_pkg/lib/python3.10/site-packages'
[10.285s] Level 1:colcon.colcon_core.shell:create_environment_hook('parser_pkg', 'pythonpath')
[10.410s] INFO:colcon.colcon_core.shell:Creating environment hook '/home/flejv/bc_ws/install/parser_pkg/share/parser_pkg/hook/pythonpath.ps1'
[10.412s] INFO:colcon.colcon_core.shell:Creating environment descriptor '/home/flejv/bc_ws/install/parser_pkg/share/parser_pkg/hook/pythonpath.dsv'
[10.413s] INFO:colcon.colcon_core.shell:Creating environment hook '/home/flejv/bc_ws/install/parser_pkg/share/parser_pkg/hook/pythonpath.sh'
[10.426s] Level 1:colcon.colcon_core.environment:checking '/home/flejv/bc_ws/install/parser_pkg/bin'
[10.426s] Level 1:colcon.colcon_core.environment:create_environment_scripts_only(parser_pkg)
[10.513s] INFO:colcon.colcon_core.shell:Creating package script '/home/flejv/bc_ws/install/parser_pkg/share/parser_pkg/package.ps1'
[10.535s] INFO:colcon.colcon_core.shell:Creating package descriptor '/home/flejv/bc_ws/install/parser_pkg/share/parser_pkg/package.dsv'
[10.554s] INFO:colcon.colcon_core.shell:Creating package script '/home/flejv/bc_ws/install/parser_pkg/share/parser_pkg/package.sh'
[10.563s] INFO:colcon.colcon_core.shell:Creating package script '/home/flejv/bc_ws/install/parser_pkg/share/parser_pkg/package.bash'
[10.574s] INFO:colcon.colcon_core.shell:Creating package script '/home/flejv/bc_ws/install/parser_pkg/share/parser_pkg/package.zsh'
[10.583s] Level 1:colcon.colcon_core.environment:create_file_with_runtime_dependencies(/home/flejv/bc_ws/install/parser_pkg/share/colcon-core/packages/parser_pkg)
[40.903s] DEBUG:colcon.colcon_core.event_handler.log_command:Invoked command in '/home/flejv/bc_ws/build/leap_gesture_interface' returned '0': CMAKE_PREFIX_PATH=${CMAKE_PREFIX_PATH}:/home/flejv/bc_ws/install/parser_pkg:/opt/ros/humble /usr/bin/cmake --build /home/flejv/bc_ws/build/leap_gesture_interface -- -j8 -l8
[41.295s] DEBUG:colcon.colcon_core.event_handler.log_command:Invoking command in '/home/flejv/bc_ws/build/leap_gesture_interface': CMAKE_PREFIX_PATH=${CMAKE_PREFIX_PATH}:/home/flejv/bc_ws/install/parser_pkg:/opt/ros/humble /usr/bin/cmake --install /home/flejv/bc_ws/build/leap_gesture_interface
[41.710s] Level 1:colcon.colcon_core.environment:create_environment_scripts_only(leap_gesture_interface)
[41.713s] DEBUG:colcon.colcon_core.event_handler.log_command:Invoked command in '/home/flejv/bc_ws/build/leap_gesture_interface' returned '0': CMAKE_PREFIX_PATH=${CMAKE_PREFIX_PATH}:/home/flejv/bc_ws/install/parser_pkg:/opt/ros/humble /usr/bin/cmake --install /home/flejv/bc_ws/build/leap_gesture_interface
[41.821s] Level 1:colcon.colcon_core.environment:checking '/home/flejv/bc_ws/install/leap_gesture_interface' for CMake module files
[41.822s] Level 1:colcon.colcon_core.environment:checking '/home/flejv/bc_ws/install/leap_gesture_interface' for CMake config files
[41.822s] Level 1:colcon.colcon_core.shell:create_environment_hook('leap_gesture_interface', 'cmake_prefix_path')
[41.852s] INFO:colcon.colcon_core.shell:Creating environment hook '/home/flejv/bc_ws/install/leap_gesture_interface/share/leap_gesture_interface/hook/cmake_prefix_path.ps1'
[41.853s] INFO:colcon.colcon_core.shell:Creating environment descriptor '/home/flejv/bc_ws/install/leap_gesture_interface/share/leap_gesture_interface/hook/cmake_prefix_path.dsv'
[41.854s] INFO:colcon.colcon_core.shell:Creating environment hook '/home/flejv/bc_ws/install/leap_gesture_interface/share/leap_gesture_interface/hook/cmake_prefix_path.sh'
[41.857s] Level 1:colcon.colcon_core.environment:checking '/home/flejv/bc_ws/install/leap_gesture_interface/lib'
[41.857s] Level 1:colcon.colcon_core.environment:checking '/home/flejv/bc_ws/install/leap_gesture_interface/bin'
[41.857s] Level 1:colcon.colcon_core.environment:checking '/home/flejv/bc_ws/install/leap_gesture_interface/lib/pkgconfig/leap_gesture_interface.pc'
[41.858s] Level 1:colcon.colcon_core.environment:checking '/home/flejv/bc_ws/install/leap_gesture_interface/lib/python3.10/site-packages'
[41.859s] Level 1:colcon.colcon_core.environment:checking '/home/flejv/bc_ws/install/leap_gesture_interface/bin'
[41.892s] INFO:colcon.colcon_core.shell:Creating package script '/home/flejv/bc_ws/install/leap_gesture_interface/share/leap_gesture_interface/package.ps1'
[41.893s] INFO:colcon.colcon_core.shell:Creating package descriptor '/home/flejv/bc_ws/install/leap_gesture_interface/share/leap_gesture_interface/package.dsv'
[41.894s] INFO:colcon.colcon_core.shell:Creating package script '/home/flejv/bc_ws/install/leap_gesture_interface/share/leap_gesture_interface/package.sh'
[41.895s] INFO:colcon.colcon_core.shell:Creating package script '/home/flejv/bc_ws/install/leap_gesture_interface/share/leap_gesture_interface/package.bash'
[41.896s] INFO:colcon.colcon_core.shell:Creating package script '/home/flejv/bc_ws/install/leap_gesture_interface/share/leap_gesture_interface/package.zsh'
[41.897s] Level 1:colcon.colcon_core.environment:create_file_with_runtime_dependencies(/home/flejv/bc_ws/install/leap_gesture_interface/share/colcon-core/packages/leap_gesture_interface)
[42.724s] Level 1:colcon.colcon_core.environment:create_environment_scripts_only(leap_gesture_interface)
[42.783s] Level 1:colcon.colcon_core.environment:checking '/home/flejv/bc_ws/install/leap_gesture_interface' for CMake module files
[42.784s] Level 1:colcon.colcon_core.environment:checking '/home/flejv/bc_ws/install/leap_gesture_interface' for CMake config files
[42.784s] Level 1:colcon.colcon_core.shell:create_environment_hook('leap_gesture_interface', 'cmake_prefix_path')
[42.832s] INFO:colcon.colcon_core.shell:Creating environment hook '/home/flejv/bc_ws/install/leap_gesture_interface/share/leap_gesture_interface/hook/cmake_prefix_path.ps1'
[42.845s] INFO:colcon.colcon_core.shell:Creating environment descriptor '/home/flejv/bc_ws/install/leap_gesture_interface/share/leap_gesture_interface/hook/cmake_prefix_path.dsv'
[42.846s] INFO:colcon.colcon_core.shell:Creating environment hook '/home/flejv/bc_ws/install/leap_gesture_interface/share/leap_gesture_interface/hook/cmake_prefix_path.sh'
[42.848s] Level 1:colcon.colcon_core.environment:checking '/home/flejv/bc_ws/install/leap_gesture_interface/lib'
[42.848s] Level 1:colcon.colcon_core.environment:checking '/home/flejv/bc_ws/install/leap_gesture_interface/bin'
[42.848s] Level 1:colcon.colcon_core.environment:checking '/home/flejv/bc_ws/install/leap_gesture_interface/lib/pkgconfig/leap_gesture_interface.pc'
[42.849s] Level 1:colcon.colcon_core.environment:checking '/home/flejv/bc_ws/install/leap_gesture_interface/lib/python3.10/site-packages'
[42.849s] Level 1:colcon.colcon_core.environment:checking '/home/flejv/bc_ws/install/leap_gesture_interface/bin'
[42.910s] INFO:colcon.colcon_core.shell:Creating package script '/home/flejv/bc_ws/install/leap_gesture_interface/share/leap_gesture_interface/package.ps1'
[42.919s] INFO:colcon.colcon_core.shell:Creating package descriptor '/home/flejv/bc_ws/install/leap_gesture_interface/share/leap_gesture_interface/package.dsv'
[42.921s] INFO:colcon.colcon_core.shell:Creating package script '/home/flejv/bc_ws/install/leap_gesture_interface/share/leap_gesture_interface/package.sh'
[42.922s] INFO:colcon.colcon_core.shell:Creating package script '/home/flejv/bc_ws/install/leap_gesture_interface/share/leap_gesture_interface/package.bash'
[42.923s] INFO:colcon.colcon_core.shell:Creating package script '/home/flejv/bc_ws/install/leap_gesture_interface/share/leap_gesture_interface/package.zsh'
[42.924s] Level 1:colcon.colcon_core.environment:create_file_with_runtime_dependencies(/home/flejv/bc_ws/install/leap_gesture_interface/share/colcon-core/packages/leap_gesture_interface)
[140.987s] DEBUG:colcon.colcon_core.event_handler.log_command:Invoked command in '/home/flejv/bc_ws/build/px4_msgs' returned '0': CMAKE_PREFIX_PATH=${CMAKE_PREFIX_PATH}:/home/flejv/bc_ws/install/parser_pkg:/opt/ros/humble /usr/bin/cmake --build /home/flejv/bc_ws/build/px4_msgs -- -j8 -l8
[147.261s] DEBUG:colcon.colcon_core.event_handler.log_command:Invoking command in '/home/flejv/bc_ws/build/px4_msgs': CMAKE_PREFIX_PATH=${CMAKE_PREFIX_PATH}:/home/flejv/bc_ws/install/parser_pkg:/opt/ros/humble /usr/bin/cmake --install /home/flejv/bc_ws/build/px4_msgs
[148.381s] Level 1:colcon.colcon_core.environment:create_environment_scripts_only(px4_msgs)
[148.382s] DEBUG:colcon.colcon_core.event_handler.log_command:Invoked command in '/home/flejv/bc_ws/build/px4_msgs' returned '0': CMAKE_PREFIX_PATH=${CMAKE_PREFIX_PATH}:/home/flejv/bc_ws/install/parser_pkg:/opt/ros/humble /usr/bin/cmake --install /home/flejv/bc_ws/build/px4_msgs
[148.426s] Level 1:colcon.colcon_core.environment:checking '/home/flejv/bc_ws/install/px4_msgs' for CMake module files
[148.428s] Level 1:colcon.colcon_core.environment:checking '/home/flejv/bc_ws/install/px4_msgs' for CMake config files
[148.440s] Level 1:colcon.colcon_core.shell:create_environment_hook('px4_msgs', 'cmake_prefix_path')
[148.473s] INFO:colcon.colcon_core.shell:Creating environment hook '/home/flejv/bc_ws/install/px4_msgs/share/px4_msgs/hook/cmake_prefix_path.ps1'
[148.473s] INFO:colcon.colcon_core.shell:Creating environment descriptor '/home/flejv/bc_ws/install/px4_msgs/share/px4_msgs/hook/cmake_prefix_path.dsv'
[148.474s] INFO:colcon.colcon_core.shell:Creating environment hook '/home/flejv/bc_ws/install/px4_msgs/share/px4_msgs/hook/cmake_prefix_path.sh'
[148.474s] Level 1:colcon.colcon_core.environment:checking '/home/flejv/bc_ws/install/px4_msgs/lib'
[148.474s] Level 1:colcon.colcon_core.shell:create_environment_hook('px4_msgs', 'ld_library_path_lib')
[148.492s] INFO:colcon.colcon_core.shell:Creating environment hook '/home/flejv/bc_ws/install/px4_msgs/share/px4_msgs/hook/ld_library_path_lib.ps1'
[148.493s] INFO:colcon.colcon_core.shell:Creating environment descriptor '/home/flejv/bc_ws/install/px4_msgs/share/px4_msgs/hook/ld_library_path_lib.dsv'
[148.493s] INFO:colcon.colcon_core.shell:Creating environment hook '/home/flejv/bc_ws/install/px4_msgs/share/px4_msgs/hook/ld_library_path_lib.sh'
[148.493s] Level 1:colcon.colcon_core.environment:checking '/home/flejv/bc_ws/install/px4_msgs/bin'
[148.493s] Level 1:colcon.colcon_core.environment:checking '/home/flejv/bc_ws/install/px4_msgs/lib/pkgconfig/px4_msgs.pc'
[148.494s] Level 1:colcon.colcon_core.environment:checking '/home/flejv/bc_ws/install/px4_msgs/lib/python3.10/site-packages'
[148.494s] Level 1:colcon.colcon_core.environment:checking '/home/flejv/bc_ws/install/px4_msgs/bin'
[148.513s] INFO:colcon.colcon_core.shell:Creating package script '/home/flejv/bc_ws/install/px4_msgs/share/px4_msgs/package.ps1'
[148.514s] INFO:colcon.colcon_core.shell:Creating package descriptor '/home/flejv/bc_ws/install/px4_msgs/share/px4_msgs/package.dsv'
[148.514s] INFO:colcon.colcon_core.shell:Creating package script '/home/flejv/bc_ws/install/px4_msgs/share/px4_msgs/package.sh'
[148.515s] INFO:colcon.colcon_core.shell:Creating package script '/home/flejv/bc_ws/install/px4_msgs/share/px4_msgs/package.bash'
[148.515s] INFO:colcon.colcon_core.shell:Creating package script '/home/flejv/bc_ws/install/px4_msgs/share/px4_msgs/package.zsh'
[148.516s] Level 1:colcon.colcon_core.environment:create_file_with_runtime_dependencies(/home/flejv/bc_ws/install/px4_msgs/share/colcon-core/packages/px4_msgs)
[154.864s] Level 1:colcon.colcon_core.environment:create_environment_scripts_only(px4_msgs)
[154.897s] Level 1:colcon.colcon_core.environment:checking '/home/flejv/bc_ws/install/px4_msgs' for CMake module files
[154.898s] Level 1:colcon.colcon_core.environment:checking '/home/flejv/bc_ws/install/px4_msgs' for CMake config files
[154.904s] Level 1:colcon.colcon_core.shell:create_environment_hook('px4_msgs', 'cmake_prefix_path')
[154.921s] INFO:colcon.colcon_core.shell:Creating environment hook '/home/flejv/bc_ws/install/px4_msgs/share/px4_msgs/hook/cmake_prefix_path.ps1'
[154.922s] INFO:colcon.colcon_core.shell:Creating environment descriptor '/home/flejv/bc_ws/install/px4_msgs/share/px4_msgs/hook/cmake_prefix_path.dsv'
[154.922s] INFO:colcon.colcon_core.shell:Creating environment hook '/home/flejv/bc_ws/install/px4_msgs/share/px4_msgs/hook/cmake_prefix_path.sh'
[154.923s] Level 1:colcon.colcon_core.environment:checking '/home/flejv/bc_ws/install/px4_msgs/lib'
[154.923s] Level 1:colcon.colcon_core.shell:create_environment_hook('px4_msgs', 'ld_library_path_lib')
[154.956s] INFO:colcon.colcon_core.shell:Creating environment hook '/home/flejv/bc_ws/install/px4_msgs/share/px4_msgs/hook/ld_library_path_lib.ps1'
[154.957s] INFO:colcon.colcon_core.shell:Creating environment descriptor '/home/flejv/bc_ws/install/px4_msgs/share/px4_msgs/hook/ld_library_path_lib.dsv'
[154.957s] INFO:colcon.colcon_core.shell:Creating environment hook '/home/flejv/bc_ws/install/px4_msgs/share/px4_msgs/hook/ld_library_path_lib.sh'
[154.958s] Level 1:colcon.colcon_core.environment:checking '/home/flejv/bc_ws/install/px4_msgs/bin'
[154.958s] Level 1:colcon.colcon_core.environment:checking '/home/flejv/bc_ws/install/px4_msgs/lib/pkgconfig/px4_msgs.pc'
[154.958s] Level 1:colcon.colcon_core.environment:checking '/home/flejv/bc_ws/install/px4_msgs/lib/python3.10/site-packages'
[154.958s] Level 1:colcon.colcon_core.environment:checking '/home/flejv/bc_ws/install/px4_msgs/bin'
[154.975s] INFO:colcon.colcon_core.shell:Creating package script '/home/flejv/bc_ws/install/px4_msgs/share/px4_msgs/package.ps1'
[154.976s] INFO:colcon.colcon_core.shell:Creating package descriptor '/home/flejv/bc_ws/install/px4_msgs/share/px4_msgs/package.dsv'
[154.976s] INFO:colcon.colcon_core.shell:Creating package script '/home/flejv/bc_ws/install/px4_msgs/share/px4_msgs/package.sh'
[154.977s] INFO:colcon.colcon_core.shell:Creating package script '/home/flejv/bc_ws/install/px4_msgs/share/px4_msgs/package.bash'
[154.977s] INFO:colcon.colcon_core.shell:Creating package script '/home/flejv/bc_ws/install/px4_msgs/share/px4_msgs/package.zsh'
[154.977s] Level 1:colcon.colcon_core.environment:create_file_with_runtime_dependencies(/home/flejv/bc_ws/install/px4_msgs/share/colcon-core/packages/px4_msgs)
[154.978s] INFO:colcon.colcon_ros.task.ament_cmake.build:Building ROS package in '/home/flejv/bc_ws/src/bc_pkg' with build type 'ament_cmake'
[154.978s] INFO:colcon.colcon_cmake.task.cmake.build:Building CMake package in '/home/flejv/bc_ws/src/bc_pkg'
[155.000s] INFO:colcon.colcon_core.shell:Skip shell extension 'powershell' for command environment: Not usable outside of PowerShell
[155.000s] DEBUG:colcon.colcon_core.shell:Skip shell extension 'dsv' for command environment
[155.137s] DEBUG:colcon.colcon_core.event_handler.log_command:Invoking command in '/home/flejv/bc_ws/build/bc_pkg': CMAKE_PREFIX_PATH=/home/flejv/bc_ws/install/px4_msgs:/home/flejv/bc_ws/install/bc_pkg:/home/flejv/bc_ws/install/leap_gesture_interface:/home/flejv/bc_ws/install/parser_pkg:/opt/ros/humble /usr/bin/cmake --build /home/flejv/bc_ws/build/bc_pkg -- -j8 -l8
[188.174s] DEBUG:colcon.colcon_core.event_handler.log_command:Invoked command in '/home/flejv/bc_ws/build/bc_pkg' returned '2': CMAKE_PREFIX_PATH=/home/flejv/bc_ws/install/px4_msgs:/home/flejv/bc_ws/install/bc_pkg:/home/flejv/bc_ws/install/leap_gesture_interface:/home/flejv/bc_ws/install/parser_pkg:/opt/ros/humble /usr/bin/cmake --build /home/flejv/bc_ws/build/bc_pkg -- -j8 -l8
[188.263s] Level 1:colcon.colcon_core.environment:create_environment_scripts_only(bc_pkg)
[188.281s] Level 1:colcon.colcon_core.environment:checking '/home/flejv/bc_ws/install/bc_pkg' for CMake module files
[188.282s] Level 1:colcon.colcon_core.environment:checking '/home/flejv/bc_ws/install/bc_pkg' for CMake config files
[188.282s] Level 1:colcon.colcon_core.shell:create_environment_hook('bc_pkg', 'cmake_prefix_path')
[188.301s] INFO:colcon.colcon_core.shell:Creating environment hook '/home/flejv/bc_ws/install/bc_pkg/share/bc_pkg/hook/cmake_prefix_path.ps1'
[188.302s] INFO:colcon.colcon_core.shell:Creating environment descriptor '/home/flejv/bc_ws/install/bc_pkg/share/bc_pkg/hook/cmake_prefix_path.dsv'
[188.302s] INFO:colcon.colcon_core.shell:Creating environment hook '/home/flejv/bc_ws/install/bc_pkg/share/bc_pkg/hook/cmake_prefix_path.sh'
[188.303s] Level 1:colcon.colcon_core.environment:checking '/home/flejv/bc_ws/install/bc_pkg/lib'
[188.303s] Level 1:colcon.colcon_core.environment:checking '/home/flejv/bc_ws/install/bc_pkg/bin'
[188.303s] Level 1:colcon.colcon_core.environment:checking '/home/flejv/bc_ws/install/bc_pkg/lib/pkgconfig/bc_pkg.pc'
[188.303s] Level 1:colcon.colcon_core.environment:checking '/home/flejv/bc_ws/install/bc_pkg/lib/python3.10/site-packages'
[188.303s] Level 1:colcon.colcon_core.environment:checking '/home/flejv/bc_ws/install/bc_pkg/bin'
[188.326s] INFO:colcon.colcon_core.shell:Creating package script '/home/flejv/bc_ws/install/bc_pkg/share/bc_pkg/package.ps1'
[188.327s] INFO:colcon.colcon_core.shell:Creating package descriptor '/home/flejv/bc_ws/install/bc_pkg/share/bc_pkg/package.dsv'
[188.328s] INFO:colcon.colcon_core.shell:Creating package script '/home/flejv/bc_ws/install/bc_pkg/share/bc_pkg/package.sh'
[188.328s] INFO:colcon.colcon_core.shell:Creating package script '/home/flejv/bc_ws/install/bc_pkg/share/bc_pkg/package.bash'
[188.329s] INFO:colcon.colcon_core.shell:Creating package script '/home/flejv/bc_ws/install/bc_pkg/share/bc_pkg/package.zsh'
[188.329s] Level 1:colcon.colcon_core.environment:create_file_with_runtime_dependencies(/home/flejv/bc_ws/install/bc_pkg/share/colcon-core/packages/bc_pkg)
[188.340s] DEBUG:colcon.colcon_parallel_executor.executor.parallel:closing loop
[188.340s] DEBUG:colcon.colcon_parallel_executor.executor.parallel:loop closed
[188.340s] DEBUG:colcon.colcon_parallel_executor.executor.parallel:run_until_complete finished with '2'
[188.340s] DEBUG:colcon.colcon_core.event_reactor:joining thread
[188.440s] INFO:colcon.colcon_core.plugin_system:Skipping extension 'colcon_notification.desktop_notification.terminal_notifier': Not used on non-Darwin systems
[188.440s] INFO:colcon.colcon_core.plugin_system:Skipping extension 'colcon_notification.desktop_notification.win32': Not used on non-Windows systems
[188.440s] INFO:colcon.colcon_notification.desktop_notification:Sending desktop notification using 'notify2'
[188.475s] DEBUG:colcon.colcon_core.event_reactor:joined thread
[188.499s] INFO:colcon.colcon_core.shell:Creating prefix script '/home/flejv/bc_ws/install/local_setup.ps1'
[188.517s] INFO:colcon.colcon_core.shell:Creating prefix util module '/home/flejv/bc_ws/install/_local_setup_util_ps1.py'
[188.531s] INFO:colcon.colcon_core.shell:Creating prefix chain script '/home/flejv/bc_ws/install/setup.ps1'
[188.552s] INFO:colcon.colcon_core.shell:Creating prefix script '/home/flejv/bc_ws/install/local_setup.sh'
[188.552s] INFO:colcon.colcon_core.shell:Creating prefix util module '/home/flejv/bc_ws/install/_local_setup_util_sh.py'
[188.553s] INFO:colcon.colcon_core.shell:Creating prefix chain script '/home/flejv/bc_ws/install/setup.sh'
[188.573s] INFO:colcon.colcon_core.shell:Creating prefix script '/home/flejv/bc_ws/install/local_setup.bash'
[188.602s] INFO:colcon.colcon_core.shell:Creating prefix chain script '/home/flejv/bc_ws/install/setup.bash'
[188.623s] INFO:colcon.colcon_core.shell:Creating prefix script '/home/flejv/bc_ws/install/local_setup.zsh'
[188.654s] INFO:colcon.colcon_core.shell:Creating prefix chain script '/home/flejv/bc_ws/install/setup.zsh'
