[35m[1mConsolidate compiler generated dependencies of target control[0m
[ 25%] Built target hand
[ 50%] [32mBuilding CXX object CMakeFiles/gest.dir/src/gesture.cpp.o[0m
[ 62%] Built target connect
[ 87%] Built target control
[100%] [32m[1mLinking CXX executable gest[0m
[100%] Built target gest
-- Install configuration: ""
-- Up-to-date: /home/flejv/bc_ws/install/bc_pkg/lib/bc_pkg/connect
-- Up-to-date: /home/flejv/bc_ws/install/bc_pkg/lib/bc_pkg/control
-- Up-to-date: /home/flejv/bc_ws/install/bc_pkg/lib/bc_pkg/hand
-- Installing: /home/flejv/bc_ws/install/bc_pkg/lib/bc_pkg/gest
-- Set runtime path of "/home/flejv/bc_ws/install/bc_pkg/lib/bc_pkg/gest" to ""
-- Up-to-date: /home/flejv/bc_ws/install/bc_pkg/share/ament_index/resource_index/package_run_dependencies/bc_pkg
-- Up-to-date: /home/flejv/bc_ws/install/bc_pkg/share/ament_index/resource_index/parent_prefix_path/bc_pkg
-- Up-to-date: /home/flejv/bc_ws/install/bc_pkg/share/bc_pkg/environment/ament_prefix_path.sh
-- Up-to-date: /home/flejv/bc_ws/install/bc_pkg/share/bc_pkg/environment/ament_prefix_path.dsv
-- Up-to-date: /home/flejv/bc_ws/install/bc_pkg/share/bc_pkg/environment/path.sh
-- Up-to-date: /home/flejv/bc_ws/install/bc_pkg/share/bc_pkg/environment/path.dsv
-- Up-to-date: /home/flejv/bc_ws/install/bc_pkg/share/bc_pkg/local_setup.bash
-- Up-to-date: /home/flejv/bc_ws/install/bc_pkg/share/bc_pkg/local_setup.sh
-- Up-to-date: /home/flejv/bc_ws/install/bc_pkg/share/bc_pkg/local_setup.zsh
-- Up-to-date: /home/flejv/bc_ws/install/bc_pkg/share/bc_pkg/local_setup.dsv
-- Installing: /home/flejv/bc_ws/install/bc_pkg/share/bc_pkg/package.dsv
-- Up-to-date: /home/flejv/bc_ws/install/bc_pkg/share/ament_index/resource_index/packages/bc_pkg
-- Up-to-date: /home/flejv/bc_ws/install/bc_pkg/share/bc_pkg/cmake/bc_pkgConfig.cmake
-- Up-to-date: /home/flejv/bc_ws/install/bc_pkg/share/bc_pkg/cmake/bc_pkgConfig-version.cmake
-- Up-to-date: /home/flejv/bc_ws/install/bc_pkg/share/bc_pkg/package.xml
