[0.085s] Invoking command in '/home/flejv/bc_ws/build/bc_pkg': CMAKE_PREFIX_PATH=/home/flejv/bc_ws/install/px4_msgs:/home/flejv/bc_ws/install/bc_pkg:/home/flejv/bc_ws/install/leap_gesture_interface:/opt/ros/humble /usr/bin/cmake --build /home/flejv/bc_ws/build/bc_pkg -- -j8 -l8
[0.141s] [35m[1mConsolidate compiler generated dependencies of target control[0m
[0.163s] [ 25%] Built target hand
[0.166s] [ 50%] [32mBuilding CXX object CMakeFiles/gest.dir/src/gesture.cpp.o[0m
[0.167s] [ 62%] Built target connect
[0.170s] [ 87%] Built target control
[3.217s] [01m[K/home/flejv/bc_ws/src/bc_pkg/src/gesture.cpp:[m[K In constructor ‘[01m[KGesture::Gesture()[m[K’:
[3.217s] [01m[K/home/flejv/bc_ws/src/bc_pkg/src/gesture.cpp:77:40:[m[K [01;35m[Kwarning: [m[Kparameter declaration before lambda trailing return type only optional with ‘[01m[K-std=c++2b[m[K’ or ‘[01m[K-std=gnu++2b[m[K’
[3.217s]    77 |         auto gesture_callback = [this] [01;35m[K->[m[K void
[3.218s]       |                                        [01;35m[K^~[m[K
[3.235s] [01m[K/home/flejv/bc_ws/src/bc_pkg/src/gesture.cpp:[m[K In member function ‘[01m[Kvoid Gesture::create_base_hand(const std::vector<geometry_msgs::msg::PoseArray_<std::allocator<void> > >&, std::vector<float>&, hand_type&)[m[K’:
[3.235s] [01m[K/home/flejv/bc_ws/src/bc_pkg/src/gesture.cpp:502:26:[m[K [01;35m[Kwarning: [m[Kcomparison of integer expressions of different signedness: ‘[01m[Kint[m[K’ and ‘[01m[Kstd::vector<geometry_msgs::msg::PoseArray_<std::allocator<void> > >::size_type[m[K’ {aka ‘[01m[Klong unsigned int[m[K’} [[01;35m[K]8;;https://gcc.gnu.org/onlinedocs/gcc/Warning-Options.html#index-Wsign-compare-Wsign-compare]8;;[m[K]
[3.235s]   502 |         for(int i = 0; [01;35m[Ki < msg.size()[m[K; i++)
[3.235s]       |                        [01;35m[K~~^~~~~~~~~~~~[m[K
[3.247s] [01m[K/home/flejv/bc_ws/src/bc_pkg/src/gesture.cpp:[m[K In member function ‘[01m[Kbool Gesture::prepare_calibration_array(std::vector<geometry_msgs::msg::PoseArray_<std::allocator<void> > >&, hand_type&)[m[K’:
[3.247s] [01m[K/home/flejv/bc_ws/src/bc_pkg/src/gesture.cpp:795:26:[m[K [01;35m[Kwarning: [m[Kcomparison of integer expressions of different signedness: ‘[01m[Kint[m[K’ and ‘[01m[Kstd::vector<geometry_msgs::msg::PoseArray_<std::allocator<void> > >::size_type[m[K’ {aka ‘[01m[Klong unsigned int[m[K’} [[01;35m[K]8;;https://gcc.gnu.org/onlinedocs/gcc/Warning-Options.html#index-Wsign-compare-Wsign-compare]8;;[m[K]
[3.248s]   795 |         for(int i = 0; [01;35m[Ki < pose_data.size()-1[m[K; i++)
[3.248s]       |                        [01;35m[K~~^~~~~~~~~~~~~~~~~~~~[m[K
[12.464s] [100%] [32m[1mLinking CXX executable gest[0m
[13.284s] [100%] Built target gest
[13.302s] Invoked command in '/home/flejv/bc_ws/build/bc_pkg' returned '0': CMAKE_PREFIX_PATH=/home/flejv/bc_ws/install/px4_msgs:/home/flejv/bc_ws/install/bc_pkg:/home/flejv/bc_ws/install/leap_gesture_interface:/opt/ros/humble /usr/bin/cmake --build /home/flejv/bc_ws/build/bc_pkg -- -j8 -l8
[13.351s] Invoking command in '/home/flejv/bc_ws/build/bc_pkg': CMAKE_PREFIX_PATH=/home/flejv/bc_ws/install/px4_msgs:/home/flejv/bc_ws/install/bc_pkg:/home/flejv/bc_ws/install/leap_gesture_interface:/opt/ros/humble /usr/bin/cmake --install /home/flejv/bc_ws/build/bc_pkg
[13.360s] -- Install configuration: ""
[13.361s] -- Up-to-date: /home/flejv/bc_ws/install/bc_pkg/lib/bc_pkg/connect
[13.361s] -- Up-to-date: /home/flejv/bc_ws/install/bc_pkg/lib/bc_pkg/control
[13.362s] -- Up-to-date: /home/flejv/bc_ws/install/bc_pkg/lib/bc_pkg/hand
[13.362s] -- Installing: /home/flejv/bc_ws/install/bc_pkg/lib/bc_pkg/gest
[13.374s] -- Set runtime path of "/home/flejv/bc_ws/install/bc_pkg/lib/bc_pkg/gest" to ""
[13.374s] -- Up-to-date: /home/flejv/bc_ws/install/bc_pkg/share/ament_index/resource_index/package_run_dependencies/bc_pkg
[13.374s] -- Up-to-date: /home/flejv/bc_ws/install/bc_pkg/share/ament_index/resource_index/parent_prefix_path/bc_pkg
[13.374s] -- Up-to-date: /home/flejv/bc_ws/install/bc_pkg/share/bc_pkg/environment/ament_prefix_path.sh
[13.374s] -- Up-to-date: /home/flejv/bc_ws/install/bc_pkg/share/bc_pkg/environment/ament_prefix_path.dsv
[13.375s] -- Up-to-date: /home/flejv/bc_ws/install/bc_pkg/share/bc_pkg/environment/path.sh
[13.375s] -- Up-to-date: /home/flejv/bc_ws/install/bc_pkg/share/bc_pkg/environment/path.dsv
[13.375s] -- Up-to-date: /home/flejv/bc_ws/install/bc_pkg/share/bc_pkg/local_setup.bash
[13.375s] -- Up-to-date: /home/flejv/bc_ws/install/bc_pkg/share/bc_pkg/local_setup.sh
[13.375s] -- Up-to-date: /home/flejv/bc_ws/install/bc_pkg/share/bc_pkg/local_setup.zsh
[13.375s] -- Up-to-date: /home/flejv/bc_ws/install/bc_pkg/share/bc_pkg/local_setup.dsv
[13.375s] -- Installing: /home/flejv/bc_ws/install/bc_pkg/share/bc_pkg/package.dsv
[13.375s] -- Up-to-date: /home/flejv/bc_ws/install/bc_pkg/share/ament_index/resource_index/packages/bc_pkg
[13.375s] -- Up-to-date: /home/flejv/bc_ws/install/bc_pkg/share/bc_pkg/cmake/bc_pkgConfig.cmake
[13.376s] -- Up-to-date: /home/flejv/bc_ws/install/bc_pkg/share/bc_pkg/cmake/bc_pkgConfig-version.cmake
[13.376s] -- Up-to-date: /home/flejv/bc_ws/install/bc_pkg/share/bc_pkg/package.xml
[13.378s] Invoked command in '/home/flejv/bc_ws/build/bc_pkg' returned '0': CMAKE_PREFIX_PATH=/home/flejv/bc_ws/install/px4_msgs:/home/flejv/bc_ws/install/bc_pkg:/home/flejv/bc_ws/install/leap_gesture_interface:/opt/ros/humble /usr/bin/cmake --install /home/flejv/bc_ws/build/bc_pkg
