[2.082s] DEBUG:colcon:Command line arguments: ['/usr/bin/colcon', 'build']
[2.082s] DEBUG:colcon:Parsed command line arguments: Namespace(log_base=None, log_level=None, verb_name='build', build_base='build', install_base='install', merge_install=False, symlink_install=False, test_result_base=None, continue_on_error=False, executor='parallel', parallel_workers=8, event_handlers=None, ignore_user_meta=False, metas=['./colcon.meta'], base_paths=['.'], packages_ignore=None, packages_ignore_regex=None, paths=None, packages_up_to=None, packages_up_to_regex=None, packages_above=None, packages_above_and_dependencies=None, packages_above_depth=None, packages_select_by_dep=None, packages_skip_by_dep=None, packages_skip_up_to=None, packages_select_build_failed=False, packages_skip_build_finished=False, packages_select_test_failures=False, packages_skip_test_passed=False, packages_select=None, packages_skip=None, packages_select_regex=None, packages_skip_regex=None, packages_start=None, packages_end=None, allow_overriding=[], cmake_args=None, cmake_target=None, cmake_target_skip_unavailable=False, cmake_clean_cache=False, cmake_clean_first=False, cmake_force_configure=False, ament_cmake_args=None, catkin_cmake_args=None, catkin_skip_building_tests=False, verb_parser=<colcon_defaults.argument_parser.defaults.DefaultArgumentsDecorator object at 0x77789409ca60>, verb_extension=<colcon_core.verb.build.BuildVerb object at 0x777894259f90>, main=<bound method BuildVerb.main of <colcon_core.verb.build.BuildVerb object at 0x777894259f90>>)
[2.225s] Level 1:colcon.colcon_core.package_discovery:discover_packages(colcon_meta) check parameters
[2.226s] Level 1:colcon.colcon_core.package_discovery:discover_packages(recursive) check parameters
[2.226s] Level 1:colcon.colcon_core.package_discovery:discover_packages(ignore) check parameters
[2.226s] Level 1:colcon.colcon_core.package_discovery:discover_packages(path) check parameters
[2.226s] Level 1:colcon.colcon_core.package_discovery:discover_packages(colcon_meta) discover
[2.227s] Level 1:colcon.colcon_core.package_discovery:discover_packages(recursive) discover
[2.227s] INFO:colcon.colcon_core.package_discovery:Crawling recursively for packages in '/home/flejv/bc_ws'
[2.227s] Level 1:colcon.colcon_core.package_identification:_identify(.) by extensions ['ignore', 'ignore_ament_install']
[2.227s] Level 1:colcon.colcon_core.package_identification:_identify(.) by extension 'ignore'
[2.227s] Level 1:colcon.colcon_core.package_identification:_identify(.) by extension 'ignore_ament_install'
[2.228s] Level 1:colcon.colcon_core.package_identification:_identify(.) by extensions ['colcon_pkg']
[2.228s] Level 1:colcon.colcon_core.package_identification:_identify(.) by extension 'colcon_pkg'
[2.228s] Level 1:colcon.colcon_core.package_identification:_identify(.) by extensions ['colcon_meta']
[2.228s] Level 1:colcon.colcon_core.package_identification:_identify(.) by extension 'colcon_meta'
[2.228s] Level 1:colcon.colcon_core.package_identification:_identify(.) by extensions ['ros']
[2.228s] Level 1:colcon.colcon_core.package_identification:_identify(.) by extension 'ros'
[2.267s] Level 1:colcon.colcon_core.package_identification:_identify(.) by extensions ['cmake', 'python']
[2.267s] Level 1:colcon.colcon_core.package_identification:_identify(.) by extension 'cmake'
[2.267s] Level 1:colcon.colcon_core.package_identification:_identify(.) by extension 'python'
[2.267s] Level 1:colcon.colcon_core.package_identification:_identify(.) by extensions ['python_setup_py']
[2.267s] Level 1:colcon.colcon_core.package_identification:_identify(.) by extension 'python_setup_py'
[2.268s] Level 1:colcon.colcon_core.package_identification:_identify(build) by extensions ['ignore', 'ignore_ament_install']
[2.268s] Level 1:colcon.colcon_core.package_identification:_identify(build) by extension 'ignore'
[2.268s] Level 1:colcon.colcon_core.package_identification:_identify(build) ignored
[2.268s] Level 1:colcon.colcon_core.package_identification:_identify(install) by extensions ['ignore', 'ignore_ament_install']
[2.268s] Level 1:colcon.colcon_core.package_identification:_identify(install) by extension 'ignore'
[2.269s] Level 1:colcon.colcon_core.package_identification:_identify(install) ignored
[2.269s] Level 1:colcon.colcon_core.package_identification:_identify(log) by extensions ['ignore', 'ignore_ament_install']
[2.269s] Level 1:colcon.colcon_core.package_identification:_identify(log) by extension 'ignore'
[2.269s] Level 1:colcon.colcon_core.package_identification:_identify(log) ignored
[2.270s] Level 1:colcon.colcon_core.package_identification:_identify(src) by extensions ['ignore', 'ignore_ament_install']
[2.270s] Level 1:colcon.colcon_core.package_identification:_identify(src) by extension 'ignore'
[2.270s] Level 1:colcon.colcon_core.package_identification:_identify(src) by extension 'ignore_ament_install'
[2.270s] Level 1:colcon.colcon_core.package_identification:_identify(src) by extensions ['colcon_pkg']
[2.270s] Level 1:colcon.colcon_core.package_identification:_identify(src) by extension 'colcon_pkg'
[2.270s] Level 1:colcon.colcon_core.package_identification:_identify(src) by extensions ['colcon_meta']
[2.270s] Level 1:colcon.colcon_core.package_identification:_identify(src) by extension 'colcon_meta'
[2.271s] Level 1:colcon.colcon_core.package_identification:_identify(src) by extensions ['ros']
[2.271s] Level 1:colcon.colcon_core.package_identification:_identify(src) by extension 'ros'
[2.271s] Level 1:colcon.colcon_core.package_identification:_identify(src) by extensions ['cmake', 'python']
[2.271s] Level 1:colcon.colcon_core.package_identification:_identify(src) by extension 'cmake'
[2.271s] Level 1:colcon.colcon_core.package_identification:_identify(src) by extension 'python'
[2.271s] Level 1:colcon.colcon_core.package_identification:_identify(src) by extensions ['python_setup_py']
[2.271s] Level 1:colcon.colcon_core.package_identification:_identify(src) by extension 'python_setup_py'
[2.271s] Level 1:colcon.colcon_core.package_identification:_identify(src/bc_pkg) by extensions ['ignore', 'ignore_ament_install']
[2.272s] Level 1:colcon.colcon_core.package_identification:_identify(src/bc_pkg) by extension 'ignore'
[2.272s] Level 1:colcon.colcon_core.package_identification:_identify(src/bc_pkg) by extension 'ignore_ament_install'
[2.272s] Level 1:colcon.colcon_core.package_identification:_identify(src/bc_pkg) by extensions ['colcon_pkg']
[2.272s] Level 1:colcon.colcon_core.package_identification:_identify(src/bc_pkg) by extension 'colcon_pkg'
[2.272s] Level 1:colcon.colcon_core.package_identification:_identify(src/bc_pkg) by extensions ['colcon_meta']
[2.272s] Level 1:colcon.colcon_core.package_identification:_identify(src/bc_pkg) by extension 'colcon_meta'
[2.272s] Level 1:colcon.colcon_core.package_identification:_identify(src/bc_pkg) by extensions ['ros']
[2.272s] Level 1:colcon.colcon_core.package_identification:_identify(src/bc_pkg) by extension 'ros'
[2.281s] DEBUG:colcon.colcon_core.package_identification:Package 'src/bc_pkg' with type 'ros.ament_cmake' and name 'bc_pkg'
[2.281s] Level 1:colcon.colcon_core.package_identification:_identify(src/leap_gesture_interface) by extensions ['ignore', 'ignore_ament_install']
[2.282s] Level 1:colcon.colcon_core.package_identification:_identify(src/leap_gesture_interface) by extension 'ignore'
[2.282s] Level 1:colcon.colcon_core.package_identification:_identify(src/leap_gesture_interface) by extension 'ignore_ament_install'
[2.282s] Level 1:colcon.colcon_core.package_identification:_identify(src/leap_gesture_interface) by extensions ['colcon_pkg']
[2.282s] Level 1:colcon.colcon_core.package_identification:_identify(src/leap_gesture_interface) by extension 'colcon_pkg'
[2.282s] Level 1:colcon.colcon_core.package_identification:_identify(src/leap_gesture_interface) by extensions ['colcon_meta']
[2.282s] Level 1:colcon.colcon_core.package_identification:_identify(src/leap_gesture_interface) by extension 'colcon_meta'
[2.282s] Level 1:colcon.colcon_core.package_identification:_identify(src/leap_gesture_interface) by extensions ['ros']
[2.282s] Level 1:colcon.colcon_core.package_identification:_identify(src/leap_gesture_interface) by extension 'ros'
[2.285s] DEBUG:colcon.colcon_core.package_identification:Package 'src/leap_gesture_interface' with type 'ros.ament_cmake' and name 'leap_gesture_interface'
[2.285s] Level 1:colcon.colcon_core.package_identification:_identify(src/parser_pkg) by extensions ['ignore', 'ignore_ament_install']
[2.285s] Level 1:colcon.colcon_core.package_identification:_identify(src/parser_pkg) by extension 'ignore'
[2.285s] Level 1:colcon.colcon_core.package_identification:_identify(src/parser_pkg) by extension 'ignore_ament_install'
[2.285s] Level 1:colcon.colcon_core.package_identification:_identify(src/parser_pkg) by extensions ['colcon_pkg']
[2.286s] Level 1:colcon.colcon_core.package_identification:_identify(src/parser_pkg) by extension 'colcon_pkg'
[2.286s] Level 1:colcon.colcon_core.package_identification:_identify(src/parser_pkg) by extensions ['colcon_meta']
[2.286s] Level 1:colcon.colcon_core.package_identification:_identify(src/parser_pkg) by extension 'colcon_meta'
[2.286s] Level 1:colcon.colcon_core.package_identification:_identify(src/parser_pkg) by extensions ['ros']
[2.286s] Level 1:colcon.colcon_core.package_identification:_identify(src/parser_pkg) by extension 'ros'
[2.287s] DEBUG:colcon.colcon_core.package_identification:Package 'src/parser_pkg' with type 'ros.ament_python' and name 'parser_pkg'
[2.288s] Level 1:colcon.colcon_core.package_identification:_identify(src/px4_msgs) by extensions ['ignore', 'ignore_ament_install']
[2.288s] Level 1:colcon.colcon_core.package_identification:_identify(src/px4_msgs) by extension 'ignore'
[2.289s] Level 1:colcon.colcon_core.package_identification:_identify(src/px4_msgs) by extension 'ignore_ament_install'
[2.289s] Level 1:colcon.colcon_core.package_identification:_identify(src/px4_msgs) by extensions ['colcon_pkg']
[2.289s] Level 1:colcon.colcon_core.package_identification:_identify(src/px4_msgs) by extension 'colcon_pkg'
[2.289s] Level 1:colcon.colcon_core.package_identification:_identify(src/px4_msgs) by extensions ['colcon_meta']
[2.289s] Level 1:colcon.colcon_core.package_identification:_identify(src/px4_msgs) by extension 'colcon_meta'
[2.289s] Level 1:colcon.colcon_core.package_identification:_identify(src/px4_msgs) by extensions ['ros']
[2.289s] Level 1:colcon.colcon_core.package_identification:_identify(src/px4_msgs) by extension 'ros'
[2.291s] DEBUG:colcon.colcon_core.package_identification:Package 'src/px4_msgs' with type 'ros.ament_cmake' and name 'px4_msgs'
[2.291s] Level 1:colcon.colcon_core.package_discovery:discover_packages(recursive) using defaults
[2.291s] Level 1:colcon.colcon_core.package_discovery:discover_packages(ignore) discover
[2.291s] Level 1:colcon.colcon_core.package_discovery:discover_packages(ignore) using defaults
[2.291s] Level 1:colcon.colcon_core.package_discovery:discover_packages(path) discover
[2.292s] Level 1:colcon.colcon_core.package_discovery:discover_packages(path) using defaults
[2.536s] Level 1:colcon.colcon_core.package_discovery:discover_packages(prefix_path) check parameters
[2.536s] Level 1:colcon.colcon_core.package_discovery:discover_packages(prefix_path) discover
[2.618s] DEBUG:colcon.colcon_installed_package_information.package_discovery:Found 285 installed packages in /opt/ros/humble
[2.621s] Level 1:colcon.colcon_core.package_discovery:discover_packages(prefix_path) using defaults
[2.831s] Level 5:colcon.colcon_core.verb:set package 'leap_gesture_interface' build argument 'cmake_args' from command line to 'None'
[2.831s] Level 5:colcon.colcon_core.verb:set package 'leap_gesture_interface' build argument 'cmake_target' from command line to 'None'
[2.831s] Level 5:colcon.colcon_core.verb:set package 'leap_gesture_interface' build argument 'cmake_target_skip_unavailable' from command line to 'False'
[2.832s] Level 5:colcon.colcon_core.verb:set package 'leap_gesture_interface' build argument 'cmake_clean_cache' from command line to 'False'
[2.832s] Level 5:colcon.colcon_core.verb:set package 'leap_gesture_interface' build argument 'cmake_clean_first' from command line to 'False'
[2.832s] Level 5:colcon.colcon_core.verb:set package 'leap_gesture_interface' build argument 'cmake_force_configure' from command line to 'False'
[2.832s] Level 5:colcon.colcon_core.verb:set package 'leap_gesture_interface' build argument 'ament_cmake_args' from command line to 'None'
[2.832s] Level 5:colcon.colcon_core.verb:set package 'leap_gesture_interface' build argument 'catkin_cmake_args' from command line to 'None'
[2.832s] Level 5:colcon.colcon_core.verb:set package 'leap_gesture_interface' build argument 'catkin_skip_building_tests' from command line to 'False'
[2.832s] DEBUG:colcon.colcon_core.verb:Building package 'leap_gesture_interface' with the following arguments: {'ament_cmake_args': None, 'build_base': '/home/flejv/bc_ws/build/leap_gesture_interface', 'catkin_cmake_args': None, 'catkin_skip_building_tests': False, 'cmake_args': None, 'cmake_clean_cache': False, 'cmake_clean_first': False, 'cmake_force_configure': False, 'cmake_target': None, 'cmake_target_skip_unavailable': False, 'install_base': '/home/flejv/bc_ws/install/leap_gesture_interface', 'merge_install': False, 'path': '/home/flejv/bc_ws/src/leap_gesture_interface', 'symlink_install': False, 'test_result_base': None}
[2.877s] Level 5:colcon.colcon_core.verb:set package 'parser_pkg' build argument 'cmake_args' from command line to 'None'
[2.877s] Level 5:colcon.colcon_core.verb:set package 'parser_pkg' build argument 'cmake_target' from command line to 'None'
[2.877s] Level 5:colcon.colcon_core.verb:set package 'parser_pkg' build argument 'cmake_target_skip_unavailable' from command line to 'False'
[2.877s] Level 5:colcon.colcon_core.verb:set package 'parser_pkg' build argument 'cmake_clean_cache' from command line to 'False'
[2.878s] Level 5:colcon.colcon_core.verb:set package 'parser_pkg' build argument 'cmake_clean_first' from command line to 'False'
[2.878s] Level 5:colcon.colcon_core.verb:set package 'parser_pkg' build argument 'cmake_force_configure' from command line to 'False'
[2.878s] Level 5:colcon.colcon_core.verb:set package 'parser_pkg' build argument 'ament_cmake_args' from command line to 'None'
[2.878s] Level 5:colcon.colcon_core.verb:set package 'parser_pkg' build argument 'catkin_cmake_args' from command line to 'None'
[2.878s] Level 5:colcon.colcon_core.verb:set package 'parser_pkg' build argument 'catkin_skip_building_tests' from command line to 'False'
[2.878s] DEBUG:colcon.colcon_core.verb:Building package 'parser_pkg' with the following arguments: {'ament_cmake_args': None, 'build_base': '/home/flejv/bc_ws/build/parser_pkg', 'catkin_cmake_args': None, 'catkin_skip_building_tests': False, 'cmake_args': None, 'cmake_clean_cache': False, 'cmake_clean_first': False, 'cmake_force_configure': False, 'cmake_target': None, 'cmake_target_skip_unavailable': False, 'install_base': '/home/flejv/bc_ws/install/parser_pkg', 'merge_install': False, 'path': '/home/flejv/bc_ws/src/parser_pkg', 'symlink_install': False, 'test_result_base': None}
[2.921s] Level 5:colcon.colcon_core.verb:set package 'px4_msgs' build argument 'cmake_args' from command line to 'None'
[2.921s] Level 5:colcon.colcon_core.verb:set package 'px4_msgs' build argument 'cmake_target' from command line to 'None'
[2.921s] Level 5:colcon.colcon_core.verb:set package 'px4_msgs' build argument 'cmake_target_skip_unavailable' from command line to 'False'
[2.921s] Level 5:colcon.colcon_core.verb:set package 'px4_msgs' build argument 'cmake_clean_cache' from command line to 'False'
[2.921s] Level 5:colcon.colcon_core.verb:set package 'px4_msgs' build argument 'cmake_clean_first' from command line to 'False'
[2.921s] Level 5:colcon.colcon_core.verb:set package 'px4_msgs' build argument 'cmake_force_configure' from command line to 'False'
[2.921s] Level 5:colcon.colcon_core.verb:set package 'px4_msgs' build argument 'ament_cmake_args' from command line to 'None'
[2.921s] Level 5:colcon.colcon_core.verb:set package 'px4_msgs' build argument 'catkin_cmake_args' from command line to 'None'
[2.921s] Level 5:colcon.colcon_core.verb:set package 'px4_msgs' build argument 'catkin_skip_building_tests' from command line to 'False'
[2.922s] DEBUG:colcon.colcon_core.verb:Building package 'px4_msgs' with the following arguments: {'ament_cmake_args': None, 'build_base': '/home/flejv/bc_ws/build/px4_msgs', 'catkin_cmake_args': None, 'catkin_skip_building_tests': False, 'cmake_args': None, 'cmake_clean_cache': False, 'cmake_clean_first': False, 'cmake_force_configure': False, 'cmake_target': None, 'cmake_target_skip_unavailable': False, 'install_base': '/home/flejv/bc_ws/install/px4_msgs', 'merge_install': False, 'path': '/home/flejv/bc_ws/src/px4_msgs', 'symlink_install': False, 'test_result_base': None}
[2.963s] Level 5:colcon.colcon_core.verb:set package 'bc_pkg' build argument 'cmake_args' from command line to 'None'
[2.963s] Level 5:colcon.colcon_core.verb:set package 'bc_pkg' build argument 'cmake_target' from command line to 'None'
[2.964s] Level 5:colcon.colcon_core.verb:set package 'bc_pkg' build argument 'cmake_target_skip_unavailable' from command line to 'False'
[2.964s] Level 5:colcon.colcon_core.verb:set package 'bc_pkg' build argument 'cmake_clean_cache' from command line to 'False'
[2.964s] Level 5:colcon.colcon_core.verb:set package 'bc_pkg' build argument 'cmake_clean_first' from command line to 'False'
[2.964s] Level 5:colcon.colcon_core.verb:set package 'bc_pkg' build argument 'cmake_force_configure' from command line to 'False'
[2.964s] Level 5:colcon.colcon_core.verb:set package 'bc_pkg' build argument 'ament_cmake_args' from command line to 'None'
[2.964s] Level 5:colcon.colcon_core.verb:set package 'bc_pkg' build argument 'catkin_cmake_args' from command line to 'None'
[2.964s] Level 5:colcon.colcon_core.verb:set package 'bc_pkg' build argument 'catkin_skip_building_tests' from command line to 'False'
[2.964s] DEBUG:colcon.colcon_core.verb:Building package 'bc_pkg' with the following arguments: {'ament_cmake_args': None, 'build_base': '/home/flejv/bc_ws/build/bc_pkg', 'catkin_cmake_args': None, 'catkin_skip_building_tests': False, 'cmake_args': None, 'cmake_clean_cache': False, 'cmake_clean_first': False, 'cmake_force_configure': False, 'cmake_target': None, 'cmake_target_skip_unavailable': False, 'install_base': '/home/flejv/bc_ws/install/bc_pkg', 'merge_install': False, 'path': '/home/flejv/bc_ws/src/bc_pkg', 'symlink_install': False, 'test_result_base': None}
[2.999s] INFO:colcon.colcon_core.executor:Executing jobs using 'parallel' executor
[3.034s] DEBUG:colcon.colcon_parallel_executor.executor.parallel:run_until_complete
[3.035s] INFO:colcon.colcon_ros.task.ament_cmake.build:Building ROS package in '/home/flejv/bc_ws/src/px4_msgs' with build type 'ament_cmake'
[3.035s] INFO:colcon.colcon_cmake.task.cmake.build:Building CMake package in '/home/flejv/bc_ws/src/px4_msgs'
[3.086s] INFO:colcon.colcon_core.plugin_system:Skipping extension 'colcon_core.shell.bat': Not used on non-Windows systems
[3.086s] INFO:colcon.colcon_core.shell:Skip shell extension 'powershell' for command environment: Not usable outside of PowerShell
[3.087s] DEBUG:colcon.colcon_core.shell:Skip shell extension 'dsv' for command environment
[3.151s] INFO:colcon.colcon_ros.task.ament_cmake.build:Building ROS package in '/home/flejv/bc_ws/src/leap_gesture_interface' with build type 'ament_cmake'
[3.151s] INFO:colcon.colcon_cmake.task.cmake.build:Building CMake package in '/home/flejv/bc_ws/src/leap_gesture_interface'
[3.183s] INFO:colcon.colcon_core.shell:Skip shell extension 'powershell' for command environment: Not usable outside of PowerShell
[3.184s] DEBUG:colcon.colcon_core.shell:Skip shell extension 'dsv' for command environment
[3.242s] INFO:colcon.colcon_ros.task.ament_python.build:Building ROS package in '/home/flejv/bc_ws/src/parser_pkg' with build type 'ament_python'
[3.242s] Level 1:colcon.colcon_core.shell:create_environment_hook('parser_pkg', 'ament_prefix_path')
[3.276s] INFO:colcon.colcon_core.shell:Creating environment hook '/home/flejv/bc_ws/install/parser_pkg/share/parser_pkg/hook/ament_prefix_path.ps1'
[3.278s] INFO:colcon.colcon_core.shell:Creating environment descriptor '/home/flejv/bc_ws/install/parser_pkg/share/parser_pkg/hook/ament_prefix_path.dsv'
[3.278s] INFO:colcon.colcon_core.shell:Creating environment hook '/home/flejv/bc_ws/install/parser_pkg/share/parser_pkg/hook/ament_prefix_path.sh'
[3.308s] INFO:colcon.colcon_core.shell:Skip shell extension 'powershell' for command environment: Not usable outside of PowerShell
[3.308s] DEBUG:colcon.colcon_core.shell:Skip shell extension 'dsv' for command environment
[3.381s] DEBUG:colcon.colcon_core.event_handler.log_command:Invoking command in '/home/flejv/bc_ws/build/px4_msgs': CMAKE_PREFIX_PATH=/opt/ros/humble /usr/bin/cmake --build /home/flejv/bc_ws/build/px4_msgs -- -j8 -l8
[3.399s] DEBUG:colcon.colcon_core.event_handler.log_command:Invoking command in '/home/flejv/bc_ws/build/leap_gesture_interface': CMAKE_PREFIX_PATH=/opt/ros/humble /usr/bin/cmake --build /home/flejv/bc_ws/build/leap_gesture_interface -- -j8 -l8
[3.934s] INFO:colcon.colcon_core.task.python.build:Building Python package in '/home/flejv/bc_ws/src/parser_pkg'
[3.968s] INFO:colcon.colcon_core.shell:Skip shell extension 'powershell' for command environment: Not usable outside of PowerShell
[3.968s] DEBUG:colcon.colcon_core.shell:Skip shell extension 'dsv' for command environment
[4.048s] DEBUG:colcon.colcon_core.event_handler.log_command:Invoked command in '/home/flejv/bc_ws/build/leap_gesture_interface' returned '0': CMAKE_PREFIX_PATH=/opt/ros/humble /usr/bin/cmake --build /home/flejv/bc_ws/build/leap_gesture_interface -- -j8 -l8
[4.293s] DEBUG:colcon.colcon_core.event_handler.log_command:Invoking command in '/home/flejv/bc_ws/build/leap_gesture_interface': CMAKE_PREFIX_PATH=/opt/ros/humble /usr/bin/cmake --install /home/flejv/bc_ws/build/leap_gesture_interface
[4.340s] Level 1:colcon.colcon_core.environment:create_environment_scripts_only(leap_gesture_interface)
[4.350s] DEBUG:colcon.colcon_core.event_handler.log_command:Invoked command in '/home/flejv/bc_ws/build/leap_gesture_interface' returned '0': CMAKE_PREFIX_PATH=/opt/ros/humble /usr/bin/cmake --install /home/flejv/bc_ws/build/leap_gesture_interface
[4.394s] Level 1:colcon.colcon_core.environment:checking '/home/flejv/bc_ws/install/leap_gesture_interface' for CMake module files
[4.395s] Level 1:colcon.colcon_core.environment:checking '/home/flejv/bc_ws/install/leap_gesture_interface' for CMake config files
[4.397s] Level 1:colcon.colcon_core.shell:create_environment_hook('leap_gesture_interface', 'cmake_prefix_path')
[4.444s] INFO:colcon.colcon_core.shell:Creating environment hook '/home/flejv/bc_ws/install/leap_gesture_interface/share/leap_gesture_interface/hook/cmake_prefix_path.ps1'
[4.447s] INFO:colcon.colcon_core.shell:Creating environment descriptor '/home/flejv/bc_ws/install/leap_gesture_interface/share/leap_gesture_interface/hook/cmake_prefix_path.dsv'
[4.449s] INFO:colcon.colcon_core.shell:Creating environment hook '/home/flejv/bc_ws/install/leap_gesture_interface/share/leap_gesture_interface/hook/cmake_prefix_path.sh'
[4.451s] Level 1:colcon.colcon_core.environment:checking '/home/flejv/bc_ws/install/leap_gesture_interface/lib'
[4.451s] Level 1:colcon.colcon_core.environment:checking '/home/flejv/bc_ws/install/leap_gesture_interface/bin'
[4.452s] Level 1:colcon.colcon_core.environment:checking '/home/flejv/bc_ws/install/leap_gesture_interface/lib/pkgconfig/leap_gesture_interface.pc'
[4.452s] Level 1:colcon.colcon_core.environment:checking '/home/flejv/bc_ws/install/leap_gesture_interface/lib/python3.10/site-packages'
[4.452s] Level 1:colcon.colcon_core.environment:checking '/home/flejv/bc_ws/install/leap_gesture_interface/bin'
[4.487s] INFO:colcon.colcon_core.shell:Creating package script '/home/flejv/bc_ws/install/leap_gesture_interface/share/leap_gesture_interface/package.ps1'
[4.489s] INFO:colcon.colcon_core.shell:Creating package descriptor '/home/flejv/bc_ws/install/leap_gesture_interface/share/leap_gesture_interface/package.dsv'
[4.491s] INFO:colcon.colcon_core.shell:Creating package script '/home/flejv/bc_ws/install/leap_gesture_interface/share/leap_gesture_interface/package.sh'
[4.493s] INFO:colcon.colcon_core.shell:Creating package script '/home/flejv/bc_ws/install/leap_gesture_interface/share/leap_gesture_interface/package.bash'
[4.495s] INFO:colcon.colcon_core.shell:Creating package script '/home/flejv/bc_ws/install/leap_gesture_interface/share/leap_gesture_interface/package.zsh'
[4.496s] Level 1:colcon.colcon_core.environment:create_file_with_runtime_dependencies(/home/flejv/bc_ws/install/leap_gesture_interface/share/colcon-core/packages/leap_gesture_interface)
[4.703s] Level 1:colcon.colcon_core.environment:create_environment_scripts_only(leap_gesture_interface)
[4.735s] Level 1:colcon.colcon_core.environment:checking '/home/flejv/bc_ws/install/leap_gesture_interface' for CMake module files
[4.736s] Level 1:colcon.colcon_core.environment:checking '/home/flejv/bc_ws/install/leap_gesture_interface' for CMake config files
[4.737s] Level 1:colcon.colcon_core.shell:create_environment_hook('leap_gesture_interface', 'cmake_prefix_path')
[4.769s] INFO:colcon.colcon_core.shell:Creating environment hook '/home/flejv/bc_ws/install/leap_gesture_interface/share/leap_gesture_interface/hook/cmake_prefix_path.ps1'
[4.770s] INFO:colcon.colcon_core.shell:Creating environment descriptor '/home/flejv/bc_ws/install/leap_gesture_interface/share/leap_gesture_interface/hook/cmake_prefix_path.dsv'
[4.777s] INFO:colcon.colcon_core.shell:Creating environment hook '/home/flejv/bc_ws/install/leap_gesture_interface/share/leap_gesture_interface/hook/cmake_prefix_path.sh'
[4.778s] Level 1:colcon.colcon_core.environment:checking '/home/flejv/bc_ws/install/leap_gesture_interface/lib'
[4.779s] Level 1:colcon.colcon_core.environment:checking '/home/flejv/bc_ws/install/leap_gesture_interface/bin'
[4.779s] Level 1:colcon.colcon_core.environment:checking '/home/flejv/bc_ws/install/leap_gesture_interface/lib/pkgconfig/leap_gesture_interface.pc'
[4.779s] Level 1:colcon.colcon_core.environment:checking '/home/flejv/bc_ws/install/leap_gesture_interface/lib/python3.10/site-packages'
[4.780s] Level 1:colcon.colcon_core.environment:checking '/home/flejv/bc_ws/install/leap_gesture_interface/bin'
[4.810s] INFO:colcon.colcon_core.shell:Creating package script '/home/flejv/bc_ws/install/leap_gesture_interface/share/leap_gesture_interface/package.ps1'
[4.812s] INFO:colcon.colcon_core.shell:Creating package descriptor '/home/flejv/bc_ws/install/leap_gesture_interface/share/leap_gesture_interface/package.dsv'
[4.813s] INFO:colcon.colcon_core.shell:Creating package script '/home/flejv/bc_ws/install/leap_gesture_interface/share/leap_gesture_interface/package.sh'
[4.814s] INFO:colcon.colcon_core.shell:Creating package script '/home/flejv/bc_ws/install/leap_gesture_interface/share/leap_gesture_interface/package.bash'
[4.816s] INFO:colcon.colcon_core.shell:Creating package script '/home/flejv/bc_ws/install/leap_gesture_interface/share/leap_gesture_interface/package.zsh'
[4.817s] Level 1:colcon.colcon_core.environment:create_file_with_runtime_dependencies(/home/flejv/bc_ws/install/leap_gesture_interface/share/colcon-core/packages/leap_gesture_interface)
[5.249s] DEBUG:colcon.colcon_core.event_handler.log_command:Invoking command in '/home/flejv/bc_ws/src/parser_pkg': PYTHONPATH=/home/flejv/bc_ws/build/parser_pkg/prefix_override:/home/flejv/bc_ws/install/parser_pkg/lib/python3.10/site-packages:${PYTHONPATH} /usr/bin/python3 setup.py egg_info --egg-base ../../build/parser_pkg build --build-base /home/flejv/bc_ws/build/parser_pkg/build install --record /home/flejv/bc_ws/build/parser_pkg/install.log --single-version-externally-managed
[6.393s] DEBUG:colcon.colcon_core.event_handler.log_command:Invoked command in '/home/flejv/bc_ws/src/parser_pkg' returned '0': PYTHONPATH=/home/flejv/bc_ws/build/parser_pkg/prefix_override:/home/flejv/bc_ws/install/parser_pkg/lib/python3.10/site-packages:${PYTHONPATH} /usr/bin/python3 setup.py egg_info --egg-base ../../build/parser_pkg build --build-base /home/flejv/bc_ws/build/parser_pkg/build install --record /home/flejv/bc_ws/build/parser_pkg/install.log --single-version-externally-managed
[6.433s] Level 1:colcon.colcon_core.environment:checking '/home/flejv/bc_ws/install/parser_pkg' for CMake module files
[6.434s] Level 1:colcon.colcon_core.environment:checking '/home/flejv/bc_ws/install/parser_pkg' for CMake config files
[6.435s] Level 1:colcon.colcon_core.environment:checking '/home/flejv/bc_ws/install/parser_pkg/lib'
[6.435s] Level 1:colcon.colcon_core.environment:checking '/home/flejv/bc_ws/install/parser_pkg/bin'
[6.436s] Level 1:colcon.colcon_core.environment:checking '/home/flejv/bc_ws/install/parser_pkg/lib/pkgconfig/parser_pkg.pc'
[6.436s] Level 1:colcon.colcon_core.environment:checking '/home/flejv/bc_ws/install/parser_pkg/lib/python3.10/site-packages'
[6.436s] Level 1:colcon.colcon_core.shell:create_environment_hook('parser_pkg', 'pythonpath')
[6.468s] INFO:colcon.colcon_core.shell:Creating environment hook '/home/flejv/bc_ws/install/parser_pkg/share/parser_pkg/hook/pythonpath.ps1'
[6.469s] INFO:colcon.colcon_core.shell:Creating environment descriptor '/home/flejv/bc_ws/install/parser_pkg/share/parser_pkg/hook/pythonpath.dsv'
[6.470s] INFO:colcon.colcon_core.shell:Creating environment hook '/home/flejv/bc_ws/install/parser_pkg/share/parser_pkg/hook/pythonpath.sh'
[6.471s] Level 1:colcon.colcon_core.environment:checking '/home/flejv/bc_ws/install/parser_pkg/bin'
[6.472s] Level 1:colcon.colcon_core.environment:create_environment_scripts_only(parser_pkg)
[6.507s] INFO:colcon.colcon_core.shell:Creating package script '/home/flejv/bc_ws/install/parser_pkg/share/parser_pkg/package.ps1'
[6.509s] INFO:colcon.colcon_core.shell:Creating package descriptor '/home/flejv/bc_ws/install/parser_pkg/share/parser_pkg/package.dsv'
[6.511s] INFO:colcon.colcon_core.shell:Creating package script '/home/flejv/bc_ws/install/parser_pkg/share/parser_pkg/package.sh'
[6.512s] INFO:colcon.colcon_core.shell:Creating package script '/home/flejv/bc_ws/install/parser_pkg/share/parser_pkg/package.bash'
[6.513s] INFO:colcon.colcon_core.shell:Creating package script '/home/flejv/bc_ws/install/parser_pkg/share/parser_pkg/package.zsh'
[6.514s] Level 1:colcon.colcon_core.environment:create_file_with_runtime_dependencies(/home/flejv/bc_ws/install/parser_pkg/share/colcon-core/packages/parser_pkg)
[7.396s] DEBUG:colcon.colcon_core.event_handler.log_command:Invoked command in '/home/flejv/bc_ws/build/px4_msgs' returned '0': CMAKE_PREFIX_PATH=/opt/ros/humble /usr/bin/cmake --build /home/flejv/bc_ws/build/px4_msgs -- -j8 -l8
[18.157s] DEBUG:colcon.colcon_core.event_handler.log_command:Invoking command in '/home/flejv/bc_ws/build/px4_msgs': CMAKE_PREFIX_PATH=/opt/ros/humble /usr/bin/cmake --install /home/flejv/bc_ws/build/px4_msgs
[18.933s] Level 1:colcon.colcon_core.environment:create_environment_scripts_only(px4_msgs)
[19.000s] Level 1:colcon.colcon_core.environment:checking '/home/flejv/bc_ws/install/px4_msgs' for CMake module files
[19.004s] Level 1:colcon.colcon_core.environment:checking '/home/flejv/bc_ws/install/px4_msgs' for CMake config files
[19.033s] Level 1:colcon.colcon_core.shell:create_environment_hook('px4_msgs', 'cmake_prefix_path')
[19.091s] INFO:colcon.colcon_core.shell:Creating environment hook '/home/flejv/bc_ws/install/px4_msgs/share/px4_msgs/hook/cmake_prefix_path.ps1'
[19.092s] INFO:colcon.colcon_core.shell:Creating environment descriptor '/home/flejv/bc_ws/install/px4_msgs/share/px4_msgs/hook/cmake_prefix_path.dsv'
[19.094s] INFO:colcon.colcon_core.shell:Creating environment hook '/home/flejv/bc_ws/install/px4_msgs/share/px4_msgs/hook/cmake_prefix_path.sh'
[19.095s] Level 1:colcon.colcon_core.environment:checking '/home/flejv/bc_ws/install/px4_msgs/lib'
[19.096s] Level 1:colcon.colcon_core.shell:create_environment_hook('px4_msgs', 'ld_library_path_lib')
[19.175s] INFO:colcon.colcon_core.shell:Creating environment hook '/home/flejv/bc_ws/install/px4_msgs/share/px4_msgs/hook/ld_library_path_lib.ps1'
[19.180s] INFO:colcon.colcon_core.shell:Creating environment descriptor '/home/flejv/bc_ws/install/px4_msgs/share/px4_msgs/hook/ld_library_path_lib.dsv'
[19.181s] INFO:colcon.colcon_core.shell:Creating environment hook '/home/flejv/bc_ws/install/px4_msgs/share/px4_msgs/hook/ld_library_path_lib.sh'
[19.183s] Level 1:colcon.colcon_core.environment:checking '/home/flejv/bc_ws/install/px4_msgs/bin'
[19.183s] Level 1:colcon.colcon_core.environment:checking '/home/flejv/bc_ws/install/px4_msgs/lib/pkgconfig/px4_msgs.pc'
[19.183s] Level 1:colcon.colcon_core.environment:checking '/home/flejv/bc_ws/install/px4_msgs/lib/python3.10/site-packages'
[19.184s] Level 1:colcon.colcon_core.environment:checking '/home/flejv/bc_ws/install/px4_msgs/bin'
[19.251s] INFO:colcon.colcon_core.shell:Creating package script '/home/flejv/bc_ws/install/px4_msgs/share/px4_msgs/package.ps1'
[19.255s] INFO:colcon.colcon_core.shell:Creating package descriptor '/home/flejv/bc_ws/install/px4_msgs/share/px4_msgs/package.dsv'
[19.257s] INFO:colcon.colcon_core.shell:Creating package script '/home/flejv/bc_ws/install/px4_msgs/share/px4_msgs/package.sh'
[19.259s] INFO:colcon.colcon_core.shell:Creating package script '/home/flejv/bc_ws/install/px4_msgs/share/px4_msgs/package.bash'
[19.261s] INFO:colcon.colcon_core.shell:Creating package script '/home/flejv/bc_ws/install/px4_msgs/share/px4_msgs/package.zsh'
[19.262s] Level 1:colcon.colcon_core.environment:create_file_with_runtime_dependencies(/home/flejv/bc_ws/install/px4_msgs/share/colcon-core/packages/px4_msgs)
[19.267s] DEBUG:colcon.colcon_core.event_handler.log_command:Invoked command in '/home/flejv/bc_ws/build/px4_msgs' returned '0': CMAKE_PREFIX_PATH=/opt/ros/humble /usr/bin/cmake --install /home/flejv/bc_ws/build/px4_msgs
[30.132s] Level 1:colcon.colcon_core.environment:create_environment_scripts_only(px4_msgs)
[30.164s] Level 1:colcon.colcon_core.environment:checking '/home/flejv/bc_ws/install/px4_msgs' for CMake module files
[30.166s] Level 1:colcon.colcon_core.environment:checking '/home/flejv/bc_ws/install/px4_msgs' for CMake config files
[30.175s] Level 1:colcon.colcon_core.shell:create_environment_hook('px4_msgs', 'cmake_prefix_path')
[30.207s] INFO:colcon.colcon_core.shell:Creating environment hook '/home/flejv/bc_ws/install/px4_msgs/share/px4_msgs/hook/cmake_prefix_path.ps1'
[30.208s] INFO:colcon.colcon_core.shell:Creating environment descriptor '/home/flejv/bc_ws/install/px4_msgs/share/px4_msgs/hook/cmake_prefix_path.dsv'
[30.209s] INFO:colcon.colcon_core.shell:Creating environment hook '/home/flejv/bc_ws/install/px4_msgs/share/px4_msgs/hook/cmake_prefix_path.sh'
[30.212s] Level 1:colcon.colcon_core.environment:checking '/home/flejv/bc_ws/install/px4_msgs/lib'
[30.212s] Level 1:colcon.colcon_core.shell:create_environment_hook('px4_msgs', 'ld_library_path_lib')
[30.244s] INFO:colcon.colcon_core.shell:Creating environment hook '/home/flejv/bc_ws/install/px4_msgs/share/px4_msgs/hook/ld_library_path_lib.ps1'
[30.245s] INFO:colcon.colcon_core.shell:Creating environment descriptor '/home/flejv/bc_ws/install/px4_msgs/share/px4_msgs/hook/ld_library_path_lib.dsv'
[30.247s] INFO:colcon.colcon_core.shell:Creating environment hook '/home/flejv/bc_ws/install/px4_msgs/share/px4_msgs/hook/ld_library_path_lib.sh'
[30.249s] Level 1:colcon.colcon_core.environment:checking '/home/flejv/bc_ws/install/px4_msgs/bin'
[30.249s] Level 1:colcon.colcon_core.environment:checking '/home/flejv/bc_ws/install/px4_msgs/lib/pkgconfig/px4_msgs.pc'
[30.249s] Level 1:colcon.colcon_core.environment:checking '/home/flejv/bc_ws/install/px4_msgs/lib/python3.10/site-packages'
[30.250s] Level 1:colcon.colcon_core.environment:checking '/home/flejv/bc_ws/install/px4_msgs/bin'
[30.308s] INFO:colcon.colcon_core.shell:Creating package script '/home/flejv/bc_ws/install/px4_msgs/share/px4_msgs/package.ps1'
[30.309s] INFO:colcon.colcon_core.shell:Creating package descriptor '/home/flejv/bc_ws/install/px4_msgs/share/px4_msgs/package.dsv'
[30.311s] INFO:colcon.colcon_core.shell:Creating package script '/home/flejv/bc_ws/install/px4_msgs/share/px4_msgs/package.sh'
[30.312s] INFO:colcon.colcon_core.shell:Creating package script '/home/flejv/bc_ws/install/px4_msgs/share/px4_msgs/package.bash'
[30.313s] INFO:colcon.colcon_core.shell:Creating package script '/home/flejv/bc_ws/install/px4_msgs/share/px4_msgs/package.zsh'
[30.315s] Level 1:colcon.colcon_core.environment:create_file_with_runtime_dependencies(/home/flejv/bc_ws/install/px4_msgs/share/colcon-core/packages/px4_msgs)
[30.316s] INFO:colcon.colcon_ros.task.ament_cmake.build:Building ROS package in '/home/flejv/bc_ws/src/bc_pkg' with build type 'ament_cmake'
[30.316s] INFO:colcon.colcon_cmake.task.cmake.build:Building CMake package in '/home/flejv/bc_ws/src/bc_pkg'
[30.351s] INFO:colcon.colcon_core.shell:Skip shell extension 'powershell' for command environment: Not usable outside of PowerShell
[30.351s] DEBUG:colcon.colcon_core.shell:Skip shell extension 'dsv' for command environment
[30.436s] DEBUG:colcon.colcon_core.event_handler.log_command:Invoking command in '/home/flejv/bc_ws/build/bc_pkg': AMENT_PREFIX_PATH=/home/flejv/bc_ws/install/px4_msgs:${AMENT_PREFIX_PATH} CMAKE_PREFIX_PATH=/home/flejv/bc_ws/install/px4_msgs:/opt/ros/humble LD_LIBRARY_PATH=/home/flejv/bc_ws/install/px4_msgs/lib:${LD_LIBRARY_PATH} PYTHONPATH=/home/flejv/bc_ws/install/px4_msgs/local/lib/python3.10/dist-packages:${PYTHONPATH} /usr/bin/cmake --build /home/flejv/bc_ws/build/bc_pkg -- -j8 -l8
[90.940s] DEBUG:colcon.colcon_core.event_handler.log_command:Invoked command in '/home/flejv/bc_ws/build/bc_pkg' returned '0': AMENT_PREFIX_PATH=/home/flejv/bc_ws/install/px4_msgs:${AMENT_PREFIX_PATH} CMAKE_PREFIX_PATH=/home/flejv/bc_ws/install/px4_msgs:/opt/ros/humble LD_LIBRARY_PATH=/home/flejv/bc_ws/install/px4_msgs/lib:${LD_LIBRARY_PATH} PYTHONPATH=/home/flejv/bc_ws/install/px4_msgs/local/lib/python3.10/dist-packages:${PYTHONPATH} /usr/bin/cmake --build /home/flejv/bc_ws/build/bc_pkg -- -j8 -l8
[91.053s] DEBUG:colcon.colcon_core.event_handler.log_command:Invoking command in '/home/flejv/bc_ws/build/bc_pkg': AMENT_PREFIX_PATH=/home/flejv/bc_ws/install/px4_msgs:${AMENT_PREFIX_PATH} CMAKE_PREFIX_PATH=/home/flejv/bc_ws/install/px4_msgs:/opt/ros/humble LD_LIBRARY_PATH=/home/flejv/bc_ws/install/px4_msgs/lib:${LD_LIBRARY_PATH} PYTHONPATH=/home/flejv/bc_ws/install/px4_msgs/local/lib/python3.10/dist-packages:${PYTHONPATH} /usr/bin/cmake --install /home/flejv/bc_ws/build/bc_pkg
[91.121s] Level 1:colcon.colcon_core.environment:create_environment_scripts_only(bc_pkg)
[91.127s] DEBUG:colcon.colcon_core.event_handler.log_command:Invoked command in '/home/flejv/bc_ws/build/bc_pkg' returned '0': AMENT_PREFIX_PATH=/home/flejv/bc_ws/install/px4_msgs:${AMENT_PREFIX_PATH} CMAKE_PREFIX_PATH=/home/flejv/bc_ws/install/px4_msgs:/opt/ros/humble LD_LIBRARY_PATH=/home/flejv/bc_ws/install/px4_msgs/lib:${LD_LIBRARY_PATH} PYTHONPATH=/home/flejv/bc_ws/install/px4_msgs/local/lib/python3.10/dist-packages:${PYTHONPATH} /usr/bin/cmake --install /home/flejv/bc_ws/build/bc_pkg
[91.161s] Level 1:colcon.colcon_core.environment:checking '/home/flejv/bc_ws/install/bc_pkg' for CMake module files
[91.162s] Level 1:colcon.colcon_core.environment:checking '/home/flejv/bc_ws/install/bc_pkg' for CMake config files
[91.162s] Level 1:colcon.colcon_core.shell:create_environment_hook('bc_pkg', 'cmake_prefix_path')
[91.194s] INFO:colcon.colcon_core.shell:Creating environment hook '/home/flejv/bc_ws/install/bc_pkg/share/bc_pkg/hook/cmake_prefix_path.ps1'
[91.196s] INFO:colcon.colcon_core.shell:Creating environment descriptor '/home/flejv/bc_ws/install/bc_pkg/share/bc_pkg/hook/cmake_prefix_path.dsv'
[91.197s] INFO:colcon.colcon_core.shell:Creating environment hook '/home/flejv/bc_ws/install/bc_pkg/share/bc_pkg/hook/cmake_prefix_path.sh'
[91.198s] Level 1:colcon.colcon_core.environment:checking '/home/flejv/bc_ws/install/bc_pkg/lib'
[91.198s] Level 1:colcon.colcon_core.environment:checking '/home/flejv/bc_ws/install/bc_pkg/bin'
[91.198s] Level 1:colcon.colcon_core.environment:checking '/home/flejv/bc_ws/install/bc_pkg/lib/pkgconfig/bc_pkg.pc'
[91.199s] Level 1:colcon.colcon_core.environment:checking '/home/flejv/bc_ws/install/bc_pkg/lib/python3.10/site-packages'
[91.199s] Level 1:colcon.colcon_core.environment:checking '/home/flejv/bc_ws/install/bc_pkg/bin'
[91.232s] INFO:colcon.colcon_core.shell:Creating package script '/home/flejv/bc_ws/install/bc_pkg/share/bc_pkg/package.ps1'
[91.233s] INFO:colcon.colcon_core.shell:Creating package descriptor '/home/flejv/bc_ws/install/bc_pkg/share/bc_pkg/package.dsv'
[91.235s] INFO:colcon.colcon_core.shell:Creating package script '/home/flejv/bc_ws/install/bc_pkg/share/bc_pkg/package.sh'
[91.236s] INFO:colcon.colcon_core.shell:Creating package script '/home/flejv/bc_ws/install/bc_pkg/share/bc_pkg/package.bash'
[91.237s] INFO:colcon.colcon_core.shell:Creating package script '/home/flejv/bc_ws/install/bc_pkg/share/bc_pkg/package.zsh'
[91.238s] Level 1:colcon.colcon_core.environment:create_file_with_runtime_dependencies(/home/flejv/bc_ws/install/bc_pkg/share/colcon-core/packages/bc_pkg)
[91.391s] Level 1:colcon.colcon_core.environment:create_environment_scripts_only(bc_pkg)
[91.423s] Level 1:colcon.colcon_core.environment:checking '/home/flejv/bc_ws/install/bc_pkg' for CMake module files
[91.425s] Level 1:colcon.colcon_core.environment:checking '/home/flejv/bc_ws/install/bc_pkg' for CMake config files
[91.425s] Level 1:colcon.colcon_core.shell:create_environment_hook('bc_pkg', 'cmake_prefix_path')
[91.458s] INFO:colcon.colcon_core.shell:Creating environment hook '/home/flejv/bc_ws/install/bc_pkg/share/bc_pkg/hook/cmake_prefix_path.ps1'
[91.461s] INFO:colcon.colcon_core.shell:Creating environment descriptor '/home/flejv/bc_ws/install/bc_pkg/share/bc_pkg/hook/cmake_prefix_path.dsv'
[91.463s] INFO:colcon.colcon_core.shell:Creating environment hook '/home/flejv/bc_ws/install/bc_pkg/share/bc_pkg/hook/cmake_prefix_path.sh'
[91.465s] Level 1:colcon.colcon_core.environment:checking '/home/flejv/bc_ws/install/bc_pkg/lib'
[91.466s] Level 1:colcon.colcon_core.environment:checking '/home/flejv/bc_ws/install/bc_pkg/bin'
[91.466s] Level 1:colcon.colcon_core.environment:checking '/home/flejv/bc_ws/install/bc_pkg/lib/pkgconfig/bc_pkg.pc'
[91.466s] Level 1:colcon.colcon_core.environment:checking '/home/flejv/bc_ws/install/bc_pkg/lib/python3.10/site-packages'
[91.467s] Level 1:colcon.colcon_core.environment:checking '/home/flejv/bc_ws/install/bc_pkg/bin'
[91.504s] INFO:colcon.colcon_core.shell:Creating package script '/home/flejv/bc_ws/install/bc_pkg/share/bc_pkg/package.ps1'
[91.505s] INFO:colcon.colcon_core.shell:Creating package descriptor '/home/flejv/bc_ws/install/bc_pkg/share/bc_pkg/package.dsv'
[91.506s] INFO:colcon.colcon_core.shell:Creating package script '/home/flejv/bc_ws/install/bc_pkg/share/bc_pkg/package.sh'
[91.507s] INFO:colcon.colcon_core.shell:Creating package script '/home/flejv/bc_ws/install/bc_pkg/share/bc_pkg/package.bash'
[91.508s] INFO:colcon.colcon_core.shell:Creating package script '/home/flejv/bc_ws/install/bc_pkg/share/bc_pkg/package.zsh'
[91.509s] Level 1:colcon.colcon_core.environment:create_file_with_runtime_dependencies(/home/flejv/bc_ws/install/bc_pkg/share/colcon-core/packages/bc_pkg)
[91.509s] DEBUG:colcon.colcon_parallel_executor.executor.parallel:closing loop
[91.511s] DEBUG:colcon.colcon_parallel_executor.executor.parallel:loop closed
[91.511s] DEBUG:colcon.colcon_parallel_executor.executor.parallel:run_until_complete finished with '0'
[91.511s] DEBUG:colcon.colcon_core.event_reactor:joining thread
[91.578s] INFO:colcon.colcon_core.plugin_system:Skipping extension 'colcon_notification.desktop_notification.terminal_notifier': Not used on non-Darwin systems
[91.578s] INFO:colcon.colcon_core.plugin_system:Skipping extension 'colcon_notification.desktop_notification.win32': Not used on non-Windows systems
[91.578s] INFO:colcon.colcon_notification.desktop_notification:Sending desktop notification using 'notify2'
[91.615s] DEBUG:colcon.colcon_core.event_reactor:joined thread
[91.659s] INFO:colcon.colcon_core.shell:Creating prefix script '/home/flejv/bc_ws/install/local_setup.ps1'
[91.663s] INFO:colcon.colcon_core.shell:Creating prefix util module '/home/flejv/bc_ws/install/_local_setup_util_ps1.py'
[91.667s] INFO:colcon.colcon_core.shell:Creating prefix chain script '/home/flejv/bc_ws/install/setup.ps1'
[91.717s] INFO:colcon.colcon_core.shell:Creating prefix script '/home/flejv/bc_ws/install/local_setup.sh'
[91.719s] INFO:colcon.colcon_core.shell:Creating prefix util module '/home/flejv/bc_ws/install/_local_setup_util_sh.py'
[91.721s] INFO:colcon.colcon_core.shell:Creating prefix chain script '/home/flejv/bc_ws/install/setup.sh'
[91.768s] INFO:colcon.colcon_core.shell:Creating prefix script '/home/flejv/bc_ws/install/local_setup.bash'
[91.770s] INFO:colcon.colcon_core.shell:Creating prefix chain script '/home/flejv/bc_ws/install/setup.bash'
[91.822s] INFO:colcon.colcon_core.shell:Creating prefix script '/home/flejv/bc_ws/install/local_setup.zsh'
[91.823s] INFO:colcon.colcon_core.shell:Creating prefix chain script '/home/flejv/bc_ws/install/setup.zsh'
