[2.371s] Invoking command in '/home/flejv/bc_ws/src/parser_pkg': PYTHONPATH=/home/flejv/bc_ws/build/parser_pkg/prefix_override:/home/flejv/bc_ws/install/parser_pkg/lib/python3.10/site-packages:${PYTHONPATH} /usr/bin/python3 setup.py egg_info --egg-base ../../build/parser_pkg build --build-base /home/flejv/bc_ws/build/parser_pkg/build install --record /home/flejv/bc_ws/build/parser_pkg/install.log --single-version-externally-managed
[2.889s] running egg_info
[2.923s] writing ../../build/parser_pkg/parser_pkg.egg-info/PKG-INFO
[2.924s] writing dependency_links to ../../build/parser_pkg/parser_pkg.egg-info/dependency_links.txt
[2.925s] writing entry points to ../../build/parser_pkg/parser_pkg.egg-info/entry_points.txt
[2.926s] writing requirements to ../../build/parser_pkg/parser_pkg.egg-info/requires.txt
[2.926s] writing top-level names to ../../build/parser_pkg/parser_pkg.egg-info/top_level.txt
[2.993s] reading manifest file '../../build/parser_pkg/parser_pkg.egg-info/SOURCES.txt'
[2.993s] adding license file 'LICENSE'
[2.993s] writing manifest file '../../build/parser_pkg/parser_pkg.egg-info/SOURCES.txt'
[2.993s] running build
[2.994s] running build_py
[2.998s] copying parser_pkg/__init__.py -> /home/flejv/bc_ws/build/parser_pkg/build/lib/parser_pkg
[2.999s] copying parser_pkg/parser.py -> /home/flejv/bc_ws/build/parser_pkg/build/lib/parser_pkg
[2.999s] running install
[2.999s] /home/flejv/.local/lib/python3.10/site-packages/setuptools/_distutils/cmd.py:66: SetuptoolsDeprecationWarning: setup.py install is deprecated.
[2.999s] !!
[2.999s] 
[3.000s]         ********************************************************************************
[3.000s]         Please avoid running ``setup.py`` directly.
[3.000s]         Instead, use pypa/build, pypa/installer or other
[3.000s]         standards-based tools.
[3.000s] 
[3.000s]         See https://blog.ganssle.io/articles/2021/10/setup-py-deprecated.html for details.
[3.000s]         ********************************************************************************
[3.001s] 
[3.001s] !!
[3.001s]   self.initialize_options()
[3.020s] running install_lib
[3.043s] running install_data
[3.070s] copying resource/parser_pkg -> /home/flejv/bc_ws/install/parser_pkg/share/ament_index/resource_index/packages
[3.072s] copying package.xml -> /home/flejv/bc_ws/install/parser_pkg/share/parser_pkg
[3.072s] running install_egg_info
[3.104s] removing '/home/flejv/bc_ws/install/parser_pkg/lib/python3.10/site-packages/parser_pkg-0.0.0-py3.10.egg-info' (and everything under it)
[3.107s] Copying ../../build/parser_pkg/parser_pkg.egg-info to /home/flejv/bc_ws/install/parser_pkg/lib/python3.10/site-packages/parser_pkg-0.0.0-py3.10.egg-info
[3.147s] running install_scripts
[3.631s] Installing parser script to /home/flejv/bc_ws/install/parser_pkg/lib/parser_pkg
[3.633s] writing list of installed files to '/home/flejv/bc_ws/build/parser_pkg/install.log'
[3.730s] Invoked command in '/home/flejv/bc_ws/src/parser_pkg' returned '0': PYTHONPATH=/home/flejv/bc_ws/build/parser_pkg/prefix_override:/home/flejv/bc_ws/install/parser_pkg/lib/python3.10/site-packages:${PYTHONPATH} /usr/bin/python3 setup.py egg_info --egg-base ../../build/parser_pkg build --build-base /home/flejv/bc_ws/build/parser_pkg/build install --record /home/flejv/bc_ws/build/parser_pkg/install.log --single-version-externally-managed
