running egg_info
creating ../../build/parser_pkg/parser_pkg.egg-info
writing ../../build/parser_pkg/parser_pkg.egg-info/PKG-INFO
writing dependency_links to ../../build/parser_pkg/parser_pkg.egg-info/dependency_links.txt
writing entry points to ../../build/parser_pkg/parser_pkg.egg-info/entry_points.txt
writing requirements to ../../build/parser_pkg/parser_pkg.egg-info/requires.txt
writing top-level names to ../../build/parser_pkg/parser_pkg.egg-info/top_level.txt
writing manifest file '../../build/parser_pkg/parser_pkg.egg-info/SOURCES.txt'
reading manifest file '../../build/parser_pkg/parser_pkg.egg-info/SOURCES.txt'
adding license file 'LICENSE'
writing manifest file '../../build/parser_pkg/parser_pkg.egg-info/SOURCES.txt'
running build
running build_py
creating /home/flejv/bc_ws/build/parser_pkg/build
creating /home/flejv/bc_ws/build/parser_pkg/build/lib
creating /home/flejv/bc_ws/build/parser_pkg/build/lib/parser_pkg
copying parser_pkg/__init__.py -> /home/flejv/bc_ws/build/parser_pkg/build/lib/parser_pkg
copying parser_pkg/parser.py -> /home/flejv/bc_ws/build/parser_pkg/build/lib/parser_pkg
running install
running install_lib
creating /home/flejv/bc_ws/install/parser_pkg/lib/python3.10/site-packages/parser_pkg
copying /home/flejv/bc_ws/build/parser_pkg/build/lib/parser_pkg/__init__.py -> /home/flejv/bc_ws/install/parser_pkg/lib/python3.10/site-packages/parser_pkg
copying /home/flejv/bc_ws/build/parser_pkg/build/lib/parser_pkg/parser.py -> /home/flejv/bc_ws/install/parser_pkg/lib/python3.10/site-packages/parser_pkg
byte-compiling /home/flejv/bc_ws/install/parser_pkg/lib/python3.10/site-packages/parser_pkg/__init__.py to __init__.cpython-310.pyc
byte-compiling /home/flejv/bc_ws/install/parser_pkg/lib/python3.10/site-packages/parser_pkg/parser.py to parser.cpython-310.pyc
running install_data
creating /home/flejv/bc_ws/install/parser_pkg/share/ament_index
creating /home/flejv/bc_ws/install/parser_pkg/share/ament_index/resource_index
creating /home/flejv/bc_ws/install/parser_pkg/share/ament_index/resource_index/packages
copying resource/parser_pkg -> /home/flejv/bc_ws/install/parser_pkg/share/ament_index/resource_index/packages
copying package.xml -> /home/flejv/bc_ws/install/parser_pkg/share/parser_pkg
running install_egg_info
Copying ../../build/parser_pkg/parser_pkg.egg-info to /home/flejv/bc_ws/install/parser_pkg/lib/python3.10/site-packages/parser_pkg-0.0.0-py3.10.egg-info
running install_scripts
Installing parser script to /home/flejv/bc_ws/install/parser_pkg/lib/parser_pkg
writing list of installed files to '/home/flejv/bc_ws/build/parser_pkg/install.log'
