[2.106s] DEBUG:colcon:Command line arguments: ['/usr/bin/colcon', 'build']
[2.107s] DEBUG:colcon:Parsed command line arguments: Namespace(log_base=None, log_level=None, verb_name='build', build_base='build', install_base='install', merge_install=False, symlink_install=False, test_result_base=None, continue_on_error=False, executor='parallel', parallel_workers=8, event_handlers=None, ignore_user_meta=False, metas=['./colcon.meta'], base_paths=['.'], packages_ignore=None, packages_ignore_regex=None, paths=None, packages_up_to=None, packages_up_to_regex=None, packages_above=None, packages_above_and_dependencies=None, packages_above_depth=None, packages_select_by_dep=None, packages_skip_by_dep=None, packages_skip_up_to=None, packages_select_build_failed=False, packages_skip_build_finished=False, packages_select_test_failures=False, packages_skip_test_passed=False, packages_select=None, packages_skip=None, packages_select_regex=None, packages_skip_regex=None, packages_start=None, packages_end=None, allow_overriding=[], cmake_args=None, cmake_target=None, cmake_target_skip_unavailable=False, cmake_clean_cache=False, cmake_clean_first=False, cmake_force_configure=False, ament_cmake_args=None, catkin_cmake_args=None, catkin_skip_building_tests=False, verb_parser=<colcon_defaults.argument_parser.defaults.DefaultArgumentsDecorator object at 0x78bf91190370>, verb_extension=<colcon_core.verb.build.BuildVerb object at 0x78bf91185c30>, main=<bound method BuildVerb.main of <colcon_core.verb.build.BuildVerb object at 0x78bf91185c30>>)
[2.255s] Level 1:colcon.colcon_core.package_discovery:discover_packages(colcon_meta) check parameters
[2.255s] Level 1:colcon.colcon_core.package_discovery:discover_packages(recursive) check parameters
[2.255s] Level 1:colcon.colcon_core.package_discovery:discover_packages(ignore) check parameters
[2.255s] Level 1:colcon.colcon_core.package_discovery:discover_packages(path) check parameters
[2.255s] Level 1:colcon.colcon_core.package_discovery:discover_packages(colcon_meta) discover
[2.255s] Level 1:colcon.colcon_core.package_discovery:discover_packages(recursive) discover
[2.256s] INFO:colcon.colcon_core.package_discovery:Crawling recursively for packages in '/home/flejv/bc_ws'
[2.256s] Level 1:colcon.colcon_core.package_identification:_identify(.) by extensions ['ignore', 'ignore_ament_install']
[2.256s] Level 1:colcon.colcon_core.package_identification:_identify(.) by extension 'ignore'
[2.256s] Level 1:colcon.colcon_core.package_identification:_identify(.) by extension 'ignore_ament_install'
[2.256s] Level 1:colcon.colcon_core.package_identification:_identify(.) by extensions ['colcon_pkg']
[2.256s] Level 1:colcon.colcon_core.package_identification:_identify(.) by extension 'colcon_pkg'
[2.256s] Level 1:colcon.colcon_core.package_identification:_identify(.) by extensions ['colcon_meta']
[2.256s] Level 1:colcon.colcon_core.package_identification:_identify(.) by extension 'colcon_meta'
[2.256s] Level 1:colcon.colcon_core.package_identification:_identify(.) by extensions ['ros']
[2.256s] Level 1:colcon.colcon_core.package_identification:_identify(.) by extension 'ros'
[2.297s] Level 1:colcon.colcon_core.package_identification:_identify(.) by extensions ['cmake', 'python']
[2.298s] Level 1:colcon.colcon_core.package_identification:_identify(.) by extension 'cmake'
[2.298s] Level 1:colcon.colcon_core.package_identification:_identify(.) by extension 'python'
[2.298s] Level 1:colcon.colcon_core.package_identification:_identify(.) by extensions ['python_setup_py']
[2.298s] Level 1:colcon.colcon_core.package_identification:_identify(.) by extension 'python_setup_py'
[2.298s] Level 1:colcon.colcon_core.package_identification:_identify(build) by extensions ['ignore', 'ignore_ament_install']
[2.299s] Level 1:colcon.colcon_core.package_identification:_identify(build) by extension 'ignore'
[2.299s] Level 1:colcon.colcon_core.package_identification:_identify(build) ignored
[2.299s] Level 1:colcon.colcon_core.package_identification:_identify(install) by extensions ['ignore', 'ignore_ament_install']
[2.299s] Level 1:colcon.colcon_core.package_identification:_identify(install) by extension 'ignore'
[2.299s] Level 1:colcon.colcon_core.package_identification:_identify(install) ignored
[2.300s] Level 1:colcon.colcon_core.package_identification:_identify(log) by extensions ['ignore', 'ignore_ament_install']
[2.300s] Level 1:colcon.colcon_core.package_identification:_identify(log) by extension 'ignore'
[2.300s] Level 1:colcon.colcon_core.package_identification:_identify(log) ignored
[2.300s] Level 1:colcon.colcon_core.package_identification:_identify(src) by extensions ['ignore', 'ignore_ament_install']
[2.300s] Level 1:colcon.colcon_core.package_identification:_identify(src) by extension 'ignore'
[2.301s] Level 1:colcon.colcon_core.package_identification:_identify(src) by extension 'ignore_ament_install'
[2.301s] Level 1:colcon.colcon_core.package_identification:_identify(src) by extensions ['colcon_pkg']
[2.301s] Level 1:colcon.colcon_core.package_identification:_identify(src) by extension 'colcon_pkg'
[2.301s] Level 1:colcon.colcon_core.package_identification:_identify(src) by extensions ['colcon_meta']
[2.301s] Level 1:colcon.colcon_core.package_identification:_identify(src) by extension 'colcon_meta'
[2.301s] Level 1:colcon.colcon_core.package_identification:_identify(src) by extensions ['ros']
[2.301s] Level 1:colcon.colcon_core.package_identification:_identify(src) by extension 'ros'
[2.301s] Level 1:colcon.colcon_core.package_identification:_identify(src) by extensions ['cmake', 'python']
[2.301s] Level 1:colcon.colcon_core.package_identification:_identify(src) by extension 'cmake'
[2.301s] Level 1:colcon.colcon_core.package_identification:_identify(src) by extension 'python'
[2.302s] Level 1:colcon.colcon_core.package_identification:_identify(src) by extensions ['python_setup_py']
[2.302s] Level 1:colcon.colcon_core.package_identification:_identify(src) by extension 'python_setup_py'
[2.302s] Level 1:colcon.colcon_core.package_identification:_identify(src/bc_pkg) by extensions ['ignore', 'ignore_ament_install']
[2.302s] Level 1:colcon.colcon_core.package_identification:_identify(src/bc_pkg) by extension 'ignore'
[2.302s] Level 1:colcon.colcon_core.package_identification:_identify(src/bc_pkg) by extension 'ignore_ament_install'
[2.302s] Level 1:colcon.colcon_core.package_identification:_identify(src/bc_pkg) by extensions ['colcon_pkg']
[2.302s] Level 1:colcon.colcon_core.package_identification:_identify(src/bc_pkg) by extension 'colcon_pkg'
[2.302s] Level 1:colcon.colcon_core.package_identification:_identify(src/bc_pkg) by extensions ['colcon_meta']
[2.302s] Level 1:colcon.colcon_core.package_identification:_identify(src/bc_pkg) by extension 'colcon_meta'
[2.303s] Level 1:colcon.colcon_core.package_identification:_identify(src/bc_pkg) by extensions ['ros']
[2.303s] Level 1:colcon.colcon_core.package_identification:_identify(src/bc_pkg) by extension 'ros'
[2.309s] DEBUG:colcon.colcon_core.package_identification:Package 'src/bc_pkg' with type 'ros.ament_cmake' and name 'bc_pkg'
[2.310s] Level 1:colcon.colcon_core.package_identification:_identify(src/leap_gesture_interface) by extensions ['ignore', 'ignore_ament_install']
[2.310s] Level 1:colcon.colcon_core.package_identification:_identify(src/leap_gesture_interface) by extension 'ignore'
[2.310s] Level 1:colcon.colcon_core.package_identification:_identify(src/leap_gesture_interface) by extension 'ignore_ament_install'
[2.311s] Level 1:colcon.colcon_core.package_identification:_identify(src/leap_gesture_interface) by extensions ['colcon_pkg']
[2.311s] Level 1:colcon.colcon_core.package_identification:_identify(src/leap_gesture_interface) by extension 'colcon_pkg'
[2.311s] Level 1:colcon.colcon_core.package_identification:_identify(src/leap_gesture_interface) by extensions ['colcon_meta']
[2.311s] Level 1:colcon.colcon_core.package_identification:_identify(src/leap_gesture_interface) by extension 'colcon_meta'
[2.311s] Level 1:colcon.colcon_core.package_identification:_identify(src/leap_gesture_interface) by extensions ['ros']
[2.311s] Level 1:colcon.colcon_core.package_identification:_identify(src/leap_gesture_interface) by extension 'ros'
[2.313s] DEBUG:colcon.colcon_core.package_identification:Package 'src/leap_gesture_interface' with type 'ros.ament_cmake' and name 'leap_gesture_interface'
[2.314s] Level 1:colcon.colcon_core.package_identification:_identify(src/parser_pkg) by extensions ['ignore', 'ignore_ament_install']
[2.314s] Level 1:colcon.colcon_core.package_identification:_identify(src/parser_pkg) by extension 'ignore'
[2.314s] Level 1:colcon.colcon_core.package_identification:_identify(src/parser_pkg) by extension 'ignore_ament_install'
[2.314s] Level 1:colcon.colcon_core.package_identification:_identify(src/parser_pkg) by extensions ['colcon_pkg']
[2.314s] Level 1:colcon.colcon_core.package_identification:_identify(src/parser_pkg) by extension 'colcon_pkg'
[2.314s] Level 1:colcon.colcon_core.package_identification:_identify(src/parser_pkg) by extensions ['colcon_meta']
[2.315s] Level 1:colcon.colcon_core.package_identification:_identify(src/parser_pkg) by extension 'colcon_meta'
[2.315s] Level 1:colcon.colcon_core.package_identification:_identify(src/parser_pkg) by extensions ['ros']
[2.315s] Level 1:colcon.colcon_core.package_identification:_identify(src/parser_pkg) by extension 'ros'
[2.316s] DEBUG:colcon.colcon_core.package_identification:Package 'src/parser_pkg' with type 'ros.ament_python' and name 'parser_pkg'
[2.316s] Level 1:colcon.colcon_core.package_identification:_identify(src/px4_msgs) by extensions ['ignore', 'ignore_ament_install']
[2.317s] Level 1:colcon.colcon_core.package_identification:_identify(src/px4_msgs) by extension 'ignore'
[2.317s] Level 1:colcon.colcon_core.package_identification:_identify(src/px4_msgs) by extension 'ignore_ament_install'
[2.317s] Level 1:colcon.colcon_core.package_identification:_identify(src/px4_msgs) by extensions ['colcon_pkg']
[2.317s] Level 1:colcon.colcon_core.package_identification:_identify(src/px4_msgs) by extension 'colcon_pkg'
[2.317s] Level 1:colcon.colcon_core.package_identification:_identify(src/px4_msgs) by extensions ['colcon_meta']
[2.317s] Level 1:colcon.colcon_core.package_identification:_identify(src/px4_msgs) by extension 'colcon_meta'
[2.317s] Level 1:colcon.colcon_core.package_identification:_identify(src/px4_msgs) by extensions ['ros']
[2.317s] Level 1:colcon.colcon_core.package_identification:_identify(src/px4_msgs) by extension 'ros'
[2.319s] DEBUG:colcon.colcon_core.package_identification:Package 'src/px4_msgs' with type 'ros.ament_cmake' and name 'px4_msgs'
[2.319s] Level 1:colcon.colcon_core.package_discovery:discover_packages(recursive) using defaults
[2.320s] Level 1:colcon.colcon_core.package_discovery:discover_packages(ignore) discover
[2.320s] Level 1:colcon.colcon_core.package_discovery:discover_packages(ignore) using defaults
[2.320s] Level 1:colcon.colcon_core.package_discovery:discover_packages(path) discover
[2.320s] Level 1:colcon.colcon_core.package_discovery:discover_packages(path) using defaults
[2.539s] Level 1:colcon.colcon_core.package_discovery:discover_packages(prefix_path) check parameters
[2.539s] Level 1:colcon.colcon_core.package_discovery:discover_packages(prefix_path) discover
[2.621s] DEBUG:colcon.colcon_installed_package_information.package_discovery:Found 4 installed packages in /home/flejv/bc_ws/install
[2.667s] DEBUG:colcon.colcon_installed_package_information.package_discovery:Found 285 installed packages in /opt/ros/humble
[2.671s] Level 1:colcon.colcon_core.package_discovery:discover_packages(prefix_path) using defaults
[2.886s] Level 5:colcon.colcon_core.verb:set package 'leap_gesture_interface' build argument 'cmake_args' from command line to 'None'
[2.886s] Level 5:colcon.colcon_core.verb:set package 'leap_gesture_interface' build argument 'cmake_target' from command line to 'None'
[2.886s] Level 5:colcon.colcon_core.verb:set package 'leap_gesture_interface' build argument 'cmake_target_skip_unavailable' from command line to 'False'
[2.886s] Level 5:colcon.colcon_core.verb:set package 'leap_gesture_interface' build argument 'cmake_clean_cache' from command line to 'False'
[2.886s] Level 5:colcon.colcon_core.verb:set package 'leap_gesture_interface' build argument 'cmake_clean_first' from command line to 'False'
[2.886s] Level 5:colcon.colcon_core.verb:set package 'leap_gesture_interface' build argument 'cmake_force_configure' from command line to 'False'
[2.886s] Level 5:colcon.colcon_core.verb:set package 'leap_gesture_interface' build argument 'ament_cmake_args' from command line to 'None'
[2.886s] Level 5:colcon.colcon_core.verb:set package 'leap_gesture_interface' build argument 'catkin_cmake_args' from command line to 'None'
[2.886s] Level 5:colcon.colcon_core.verb:set package 'leap_gesture_interface' build argument 'catkin_skip_building_tests' from command line to 'False'
[2.886s] DEBUG:colcon.colcon_core.verb:Building package 'leap_gesture_interface' with the following arguments: {'ament_cmake_args': None, 'build_base': '/home/flejv/bc_ws/build/leap_gesture_interface', 'catkin_cmake_args': None, 'catkin_skip_building_tests': False, 'cmake_args': None, 'cmake_clean_cache': False, 'cmake_clean_first': False, 'cmake_force_configure': False, 'cmake_target': None, 'cmake_target_skip_unavailable': False, 'install_base': '/home/flejv/bc_ws/install/leap_gesture_interface', 'merge_install': False, 'path': '/home/flejv/bc_ws/src/leap_gesture_interface', 'symlink_install': False, 'test_result_base': None}
[2.927s] Level 5:colcon.colcon_core.verb:set package 'parser_pkg' build argument 'cmake_args' from command line to 'None'
[2.927s] Level 5:colcon.colcon_core.verb:set package 'parser_pkg' build argument 'cmake_target' from command line to 'None'
[2.927s] Level 5:colcon.colcon_core.verb:set package 'parser_pkg' build argument 'cmake_target_skip_unavailable' from command line to 'False'
[2.927s] Level 5:colcon.colcon_core.verb:set package 'parser_pkg' build argument 'cmake_clean_cache' from command line to 'False'
[2.927s] Level 5:colcon.colcon_core.verb:set package 'parser_pkg' build argument 'cmake_clean_first' from command line to 'False'
[2.927s] Level 5:colcon.colcon_core.verb:set package 'parser_pkg' build argument 'cmake_force_configure' from command line to 'False'
[2.927s] Level 5:colcon.colcon_core.verb:set package 'parser_pkg' build argument 'ament_cmake_args' from command line to 'None'
[2.927s] Level 5:colcon.colcon_core.verb:set package 'parser_pkg' build argument 'catkin_cmake_args' from command line to 'None'
[2.927s] Level 5:colcon.colcon_core.verb:set package 'parser_pkg' build argument 'catkin_skip_building_tests' from command line to 'False'
[2.928s] DEBUG:colcon.colcon_core.verb:Building package 'parser_pkg' with the following arguments: {'ament_cmake_args': None, 'build_base': '/home/flejv/bc_ws/build/parser_pkg', 'catkin_cmake_args': None, 'catkin_skip_building_tests': False, 'cmake_args': None, 'cmake_clean_cache': False, 'cmake_clean_first': False, 'cmake_force_configure': False, 'cmake_target': None, 'cmake_target_skip_unavailable': False, 'install_base': '/home/flejv/bc_ws/install/parser_pkg', 'merge_install': False, 'path': '/home/flejv/bc_ws/src/parser_pkg', 'symlink_install': False, 'test_result_base': None}
[2.971s] Level 5:colcon.colcon_core.verb:set package 'px4_msgs' build argument 'cmake_args' from command line to 'None'
[2.971s] Level 5:colcon.colcon_core.verb:set package 'px4_msgs' build argument 'cmake_target' from command line to 'None'
[2.971s] Level 5:colcon.colcon_core.verb:set package 'px4_msgs' build argument 'cmake_target_skip_unavailable' from command line to 'False'
[2.971s] Level 5:colcon.colcon_core.verb:set package 'px4_msgs' build argument 'cmake_clean_cache' from command line to 'False'
[2.971s] Level 5:colcon.colcon_core.verb:set package 'px4_msgs' build argument 'cmake_clean_first' from command line to 'False'
[2.971s] Level 5:colcon.colcon_core.verb:set package 'px4_msgs' build argument 'cmake_force_configure' from command line to 'False'
[2.971s] Level 5:colcon.colcon_core.verb:set package 'px4_msgs' build argument 'ament_cmake_args' from command line to 'None'
[2.971s] Level 5:colcon.colcon_core.verb:set package 'px4_msgs' build argument 'catkin_cmake_args' from command line to 'None'
[2.971s] Level 5:colcon.colcon_core.verb:set package 'px4_msgs' build argument 'catkin_skip_building_tests' from command line to 'False'
[2.972s] DEBUG:colcon.colcon_core.verb:Building package 'px4_msgs' with the following arguments: {'ament_cmake_args': None, 'build_base': '/home/flejv/bc_ws/build/px4_msgs', 'catkin_cmake_args': None, 'catkin_skip_building_tests': False, 'cmake_args': None, 'cmake_clean_cache': False, 'cmake_clean_first': False, 'cmake_force_configure': False, 'cmake_target': None, 'cmake_target_skip_unavailable': False, 'install_base': '/home/flejv/bc_ws/install/px4_msgs', 'merge_install': False, 'path': '/home/flejv/bc_ws/src/px4_msgs', 'symlink_install': False, 'test_result_base': None}
[3.011s] Level 5:colcon.colcon_core.verb:set package 'bc_pkg' build argument 'cmake_args' from command line to 'None'
[3.011s] Level 5:colcon.colcon_core.verb:set package 'bc_pkg' build argument 'cmake_target' from command line to 'None'
[3.011s] Level 5:colcon.colcon_core.verb:set package 'bc_pkg' build argument 'cmake_target_skip_unavailable' from command line to 'False'
[3.011s] Level 5:colcon.colcon_core.verb:set package 'bc_pkg' build argument 'cmake_clean_cache' from command line to 'False'
[3.011s] Level 5:colcon.colcon_core.verb:set package 'bc_pkg' build argument 'cmake_clean_first' from command line to 'False'
[3.011s] Level 5:colcon.colcon_core.verb:set package 'bc_pkg' build argument 'cmake_force_configure' from command line to 'False'
[3.011s] Level 5:colcon.colcon_core.verb:set package 'bc_pkg' build argument 'ament_cmake_args' from command line to 'None'
[3.011s] Level 5:colcon.colcon_core.verb:set package 'bc_pkg' build argument 'catkin_cmake_args' from command line to 'None'
[3.011s] Level 5:colcon.colcon_core.verb:set package 'bc_pkg' build argument 'catkin_skip_building_tests' from command line to 'False'
[3.012s] DEBUG:colcon.colcon_core.verb:Building package 'bc_pkg' with the following arguments: {'ament_cmake_args': None, 'build_base': '/home/flejv/bc_ws/build/bc_pkg', 'catkin_cmake_args': None, 'catkin_skip_building_tests': False, 'cmake_args': None, 'cmake_clean_cache': False, 'cmake_clean_first': False, 'cmake_force_configure': False, 'cmake_target': None, 'cmake_target_skip_unavailable': False, 'install_base': '/home/flejv/bc_ws/install/bc_pkg', 'merge_install': False, 'path': '/home/flejv/bc_ws/src/bc_pkg', 'symlink_install': False, 'test_result_base': None}
[3.052s] INFO:colcon.colcon_core.executor:Executing jobs using 'parallel' executor
[3.089s] DEBUG:colcon.colcon_parallel_executor.executor.parallel:run_until_complete
[3.089s] INFO:colcon.colcon_ros.task.ament_cmake.build:Building ROS package in '/home/flejv/bc_ws/src/px4_msgs' with build type 'ament_cmake'
[3.089s] INFO:colcon.colcon_cmake.task.cmake.build:Building CMake package in '/home/flejv/bc_ws/src/px4_msgs'
[3.148s] INFO:colcon.colcon_core.plugin_system:Skipping extension 'colcon_core.shell.bat': Not used on non-Windows systems
[3.149s] INFO:colcon.colcon_core.shell:Skip shell extension 'powershell' for command environment: Not usable outside of PowerShell
[3.149s] DEBUG:colcon.colcon_core.shell:Skip shell extension 'dsv' for command environment
[3.264s] INFO:colcon.colcon_ros.task.ament_cmake.build:Building ROS package in '/home/flejv/bc_ws/src/leap_gesture_interface' with build type 'ament_cmake'
[3.265s] INFO:colcon.colcon_cmake.task.cmake.build:Building CMake package in '/home/flejv/bc_ws/src/leap_gesture_interface'
[3.310s] INFO:colcon.colcon_core.shell:Skip shell extension 'powershell' for command environment: Not usable outside of PowerShell
[3.310s] DEBUG:colcon.colcon_core.shell:Skip shell extension 'dsv' for command environment
[3.415s] INFO:colcon.colcon_ros.task.ament_python.build:Building ROS package in '/home/flejv/bc_ws/src/parser_pkg' with build type 'ament_python'
[3.415s] Level 1:colcon.colcon_core.shell:create_environment_hook('parser_pkg', 'ament_prefix_path')
[3.451s] INFO:colcon.colcon_core.shell:Creating environment hook '/home/flejv/bc_ws/install/parser_pkg/share/parser_pkg/hook/ament_prefix_path.ps1'
[3.452s] INFO:colcon.colcon_core.shell:Creating environment descriptor '/home/flejv/bc_ws/install/parser_pkg/share/parser_pkg/hook/ament_prefix_path.dsv'
[3.452s] INFO:colcon.colcon_core.shell:Creating environment hook '/home/flejv/bc_ws/install/parser_pkg/share/parser_pkg/hook/ament_prefix_path.sh'
[3.483s] INFO:colcon.colcon_core.shell:Skip shell extension 'powershell' for command environment: Not usable outside of PowerShell
[3.483s] DEBUG:colcon.colcon_core.shell:Skip shell extension 'dsv' for command environment
[3.594s] DEBUG:colcon.colcon_core.event_handler.log_command:Invoking command in '/home/flejv/bc_ws/build/px4_msgs': CMAKE_PREFIX_PATH=${CMAKE_PREFIX_PATH}:/home/flejv/bc_ws/install/parser_pkg:/opt/ros/humble /usr/bin/cmake --build /home/flejv/bc_ws/build/px4_msgs -- -j8 -l8
[3.601s] DEBUG:colcon.colcon_core.event_handler.log_command:Invoking command in '/home/flejv/bc_ws/build/leap_gesture_interface': CMAKE_PREFIX_PATH=${CMAKE_PREFIX_PATH}:/home/flejv/bc_ws/install/parser_pkg:/opt/ros/humble /usr/bin/cmake --build /home/flejv/bc_ws/build/leap_gesture_interface -- -j8 -l8
[4.198s] INFO:colcon.colcon_core.task.python.build:Building Python package in '/home/flejv/bc_ws/src/parser_pkg'
[4.231s] INFO:colcon.colcon_core.shell:Skip shell extension 'powershell' for command environment: Not usable outside of PowerShell
[4.231s] DEBUG:colcon.colcon_core.shell:Skip shell extension 'dsv' for command environment
[4.350s] DEBUG:colcon.colcon_core.event_handler.log_command:Invoked command in '/home/flejv/bc_ws/build/leap_gesture_interface' returned '0': CMAKE_PREFIX_PATH=${CMAKE_PREFIX_PATH}:/home/flejv/bc_ws/install/parser_pkg:/opt/ros/humble /usr/bin/cmake --build /home/flejv/bc_ws/build/leap_gesture_interface -- -j8 -l8
[4.555s] DEBUG:colcon.colcon_core.event_handler.log_command:Invoking command in '/home/flejv/bc_ws/build/leap_gesture_interface': CMAKE_PREFIX_PATH=${CMAKE_PREFIX_PATH}:/home/flejv/bc_ws/install/parser_pkg:/opt/ros/humble /usr/bin/cmake --install /home/flejv/bc_ws/build/leap_gesture_interface
[4.589s] Level 1:colcon.colcon_core.environment:create_environment_scripts_only(leap_gesture_interface)
[4.594s] DEBUG:colcon.colcon_core.event_handler.log_command:Invoked command in '/home/flejv/bc_ws/build/leap_gesture_interface' returned '0': CMAKE_PREFIX_PATH=${CMAKE_PREFIX_PATH}:/home/flejv/bc_ws/install/parser_pkg:/opt/ros/humble /usr/bin/cmake --install /home/flejv/bc_ws/build/leap_gesture_interface
[4.632s] Level 1:colcon.colcon_core.environment:checking '/home/flejv/bc_ws/install/leap_gesture_interface' for CMake module files
[4.633s] Level 1:colcon.colcon_core.environment:checking '/home/flejv/bc_ws/install/leap_gesture_interface' for CMake config files
[4.633s] Level 1:colcon.colcon_core.shell:create_environment_hook('leap_gesture_interface', 'cmake_prefix_path')
[4.663s] INFO:colcon.colcon_core.shell:Creating environment hook '/home/flejv/bc_ws/install/leap_gesture_interface/share/leap_gesture_interface/hook/cmake_prefix_path.ps1'
[4.664s] INFO:colcon.colcon_core.shell:Creating environment descriptor '/home/flejv/bc_ws/install/leap_gesture_interface/share/leap_gesture_interface/hook/cmake_prefix_path.dsv'
[4.665s] INFO:colcon.colcon_core.shell:Creating environment hook '/home/flejv/bc_ws/install/leap_gesture_interface/share/leap_gesture_interface/hook/cmake_prefix_path.sh'
[4.667s] Level 1:colcon.colcon_core.environment:checking '/home/flejv/bc_ws/install/leap_gesture_interface/lib'
[4.668s] Level 1:colcon.colcon_core.environment:checking '/home/flejv/bc_ws/install/leap_gesture_interface/bin'
[4.668s] Level 1:colcon.colcon_core.environment:checking '/home/flejv/bc_ws/install/leap_gesture_interface/lib/pkgconfig/leap_gesture_interface.pc'
[4.668s] Level 1:colcon.colcon_core.environment:checking '/home/flejv/bc_ws/install/leap_gesture_interface/lib/python3.10/site-packages'
[4.669s] Level 1:colcon.colcon_core.environment:checking '/home/flejv/bc_ws/install/leap_gesture_interface/bin'
[4.698s] INFO:colcon.colcon_core.shell:Creating package script '/home/flejv/bc_ws/install/leap_gesture_interface/share/leap_gesture_interface/package.ps1'
[4.700s] INFO:colcon.colcon_core.shell:Creating package descriptor '/home/flejv/bc_ws/install/leap_gesture_interface/share/leap_gesture_interface/package.dsv'
[4.701s] INFO:colcon.colcon_core.shell:Creating package script '/home/flejv/bc_ws/install/leap_gesture_interface/share/leap_gesture_interface/package.sh'
[4.702s] INFO:colcon.colcon_core.shell:Creating package script '/home/flejv/bc_ws/install/leap_gesture_interface/share/leap_gesture_interface/package.bash'
[4.703s] INFO:colcon.colcon_core.shell:Creating package script '/home/flejv/bc_ws/install/leap_gesture_interface/share/leap_gesture_interface/package.zsh'
[4.704s] Level 1:colcon.colcon_core.environment:create_file_with_runtime_dependencies(/home/flejv/bc_ws/install/leap_gesture_interface/share/colcon-core/packages/leap_gesture_interface)
[4.895s] Level 1:colcon.colcon_core.environment:create_environment_scripts_only(leap_gesture_interface)
[4.948s] Level 1:colcon.colcon_core.environment:checking '/home/flejv/bc_ws/install/leap_gesture_interface' for CMake module files
[4.950s] Level 1:colcon.colcon_core.environment:checking '/home/flejv/bc_ws/install/leap_gesture_interface' for CMake config files
[4.950s] Level 1:colcon.colcon_core.shell:create_environment_hook('leap_gesture_interface', 'cmake_prefix_path')
[5.006s] INFO:colcon.colcon_core.shell:Creating environment hook '/home/flejv/bc_ws/install/leap_gesture_interface/share/leap_gesture_interface/hook/cmake_prefix_path.ps1'
[5.008s] INFO:colcon.colcon_core.shell:Creating environment descriptor '/home/flejv/bc_ws/install/leap_gesture_interface/share/leap_gesture_interface/hook/cmake_prefix_path.dsv'
[5.009s] INFO:colcon.colcon_core.shell:Creating environment hook '/home/flejv/bc_ws/install/leap_gesture_interface/share/leap_gesture_interface/hook/cmake_prefix_path.sh'
[5.011s] Level 1:colcon.colcon_core.environment:checking '/home/flejv/bc_ws/install/leap_gesture_interface/lib'
[5.011s] Level 1:colcon.colcon_core.environment:checking '/home/flejv/bc_ws/install/leap_gesture_interface/bin'
[5.011s] Level 1:colcon.colcon_core.environment:checking '/home/flejv/bc_ws/install/leap_gesture_interface/lib/pkgconfig/leap_gesture_interface.pc'
[5.012s] Level 1:colcon.colcon_core.environment:checking '/home/flejv/bc_ws/install/leap_gesture_interface/lib/python3.10/site-packages'
[5.013s] Level 1:colcon.colcon_core.environment:checking '/home/flejv/bc_ws/install/leap_gesture_interface/bin'
[5.063s] INFO:colcon.colcon_core.shell:Creating package script '/home/flejv/bc_ws/install/leap_gesture_interface/share/leap_gesture_interface/package.ps1'
[5.065s] INFO:colcon.colcon_core.shell:Creating package descriptor '/home/flejv/bc_ws/install/leap_gesture_interface/share/leap_gesture_interface/package.dsv'
[5.066s] INFO:colcon.colcon_core.shell:Creating package script '/home/flejv/bc_ws/install/leap_gesture_interface/share/leap_gesture_interface/package.sh'
[5.067s] INFO:colcon.colcon_core.shell:Creating package script '/home/flejv/bc_ws/install/leap_gesture_interface/share/leap_gesture_interface/package.bash'
[5.068s] INFO:colcon.colcon_core.shell:Creating package script '/home/flejv/bc_ws/install/leap_gesture_interface/share/leap_gesture_interface/package.zsh'
[5.070s] Level 1:colcon.colcon_core.environment:create_file_with_runtime_dependencies(/home/flejv/bc_ws/install/leap_gesture_interface/share/colcon-core/packages/leap_gesture_interface)
[5.870s] DEBUG:colcon.colcon_core.event_handler.log_command:Invoking command in '/home/flejv/bc_ws/src/parser_pkg': PYTHONPATH=/home/flejv/bc_ws/build/parser_pkg/prefix_override:/home/flejv/bc_ws/install/parser_pkg/lib/python3.10/site-packages:${PYTHONPATH} /usr/bin/python3 setup.py egg_info --egg-base ../../build/parser_pkg build --build-base /home/flejv/bc_ws/build/parser_pkg/build install --record /home/flejv/bc_ws/build/parser_pkg/install.log --single-version-externally-managed
[7.071s] DEBUG:colcon.colcon_core.event_handler.log_command:Invoked command in '/home/flejv/bc_ws/src/parser_pkg' returned '0': PYTHONPATH=/home/flejv/bc_ws/build/parser_pkg/prefix_override:/home/flejv/bc_ws/install/parser_pkg/lib/python3.10/site-packages:${PYTHONPATH} /usr/bin/python3 setup.py egg_info --egg-base ../../build/parser_pkg build --build-base /home/flejv/bc_ws/build/parser_pkg/build install --record /home/flejv/bc_ws/build/parser_pkg/install.log --single-version-externally-managed
[7.108s] Level 1:colcon.colcon_core.environment:checking '/home/flejv/bc_ws/install/parser_pkg' for CMake module files
[7.113s] Level 1:colcon.colcon_core.environment:checking '/home/flejv/bc_ws/install/parser_pkg' for CMake config files
[7.116s] Level 1:colcon.colcon_core.environment:checking '/home/flejv/bc_ws/install/parser_pkg/lib'
[7.116s] Level 1:colcon.colcon_core.environment:checking '/home/flejv/bc_ws/install/parser_pkg/bin'
[7.116s] Level 1:colcon.colcon_core.environment:checking '/home/flejv/bc_ws/install/parser_pkg/lib/pkgconfig/parser_pkg.pc'
[7.117s] Level 1:colcon.colcon_core.environment:checking '/home/flejv/bc_ws/install/parser_pkg/lib/python3.10/site-packages'
[7.117s] Level 1:colcon.colcon_core.shell:create_environment_hook('parser_pkg', 'pythonpath')
[7.157s] INFO:colcon.colcon_core.shell:Creating environment hook '/home/flejv/bc_ws/install/parser_pkg/share/parser_pkg/hook/pythonpath.ps1'
[7.158s] INFO:colcon.colcon_core.shell:Creating environment descriptor '/home/flejv/bc_ws/install/parser_pkg/share/parser_pkg/hook/pythonpath.dsv'
[7.159s] INFO:colcon.colcon_core.shell:Creating environment hook '/home/flejv/bc_ws/install/parser_pkg/share/parser_pkg/hook/pythonpath.sh'
[7.160s] Level 1:colcon.colcon_core.environment:checking '/home/flejv/bc_ws/install/parser_pkg/bin'
[7.160s] Level 1:colcon.colcon_core.environment:create_environment_scripts_only(parser_pkg)
[7.189s] INFO:colcon.colcon_core.shell:Creating package script '/home/flejv/bc_ws/install/parser_pkg/share/parser_pkg/package.ps1'
[7.191s] INFO:colcon.colcon_core.shell:Creating package descriptor '/home/flejv/bc_ws/install/parser_pkg/share/parser_pkg/package.dsv'
[7.193s] INFO:colcon.colcon_core.shell:Creating package script '/home/flejv/bc_ws/install/parser_pkg/share/parser_pkg/package.sh'
[7.194s] INFO:colcon.colcon_core.shell:Creating package script '/home/flejv/bc_ws/install/parser_pkg/share/parser_pkg/package.bash'
[7.195s] INFO:colcon.colcon_core.shell:Creating package script '/home/flejv/bc_ws/install/parser_pkg/share/parser_pkg/package.zsh'
[7.197s] Level 1:colcon.colcon_core.environment:create_file_with_runtime_dependencies(/home/flejv/bc_ws/install/parser_pkg/share/colcon-core/packages/parser_pkg)
[7.560s] DEBUG:colcon.colcon_core.event_handler.log_command:Invoked command in '/home/flejv/bc_ws/build/px4_msgs' returned '0': CMAKE_PREFIX_PATH=${CMAKE_PREFIX_PATH}:/home/flejv/bc_ws/install/parser_pkg:/opt/ros/humble /usr/bin/cmake --build /home/flejv/bc_ws/build/px4_msgs -- -j8 -l8
[18.680s] DEBUG:colcon.colcon_core.event_handler.log_command:Invoking command in '/home/flejv/bc_ws/build/px4_msgs': CMAKE_PREFIX_PATH=${CMAKE_PREFIX_PATH}:/home/flejv/bc_ws/install/parser_pkg:/opt/ros/humble /usr/bin/cmake --install /home/flejv/bc_ws/build/px4_msgs
[19.278s] Level 1:colcon.colcon_core.environment:create_environment_scripts_only(px4_msgs)
[19.339s] Level 1:colcon.colcon_core.environment:checking '/home/flejv/bc_ws/install/px4_msgs' for CMake module files
[19.343s] Level 1:colcon.colcon_core.environment:checking '/home/flejv/bc_ws/install/px4_msgs' for CMake config files
[19.373s] Level 1:colcon.colcon_core.shell:create_environment_hook('px4_msgs', 'cmake_prefix_path')
[19.431s] INFO:colcon.colcon_core.shell:Creating environment hook '/home/flejv/bc_ws/install/px4_msgs/share/px4_msgs/hook/cmake_prefix_path.ps1'
[19.432s] INFO:colcon.colcon_core.shell:Creating environment descriptor '/home/flejv/bc_ws/install/px4_msgs/share/px4_msgs/hook/cmake_prefix_path.dsv'
[19.433s] INFO:colcon.colcon_core.shell:Creating environment hook '/home/flejv/bc_ws/install/px4_msgs/share/px4_msgs/hook/cmake_prefix_path.sh'
[19.434s] Level 1:colcon.colcon_core.environment:checking '/home/flejv/bc_ws/install/px4_msgs/lib'
[19.435s] Level 1:colcon.colcon_core.shell:create_environment_hook('px4_msgs', 'ld_library_path_lib')
[19.497s] INFO:colcon.colcon_core.shell:Creating environment hook '/home/flejv/bc_ws/install/px4_msgs/share/px4_msgs/hook/ld_library_path_lib.ps1'
[19.498s] INFO:colcon.colcon_core.shell:Creating environment descriptor '/home/flejv/bc_ws/install/px4_msgs/share/px4_msgs/hook/ld_library_path_lib.dsv'
[19.499s] INFO:colcon.colcon_core.shell:Creating environment hook '/home/flejv/bc_ws/install/px4_msgs/share/px4_msgs/hook/ld_library_path_lib.sh'
[19.500s] Level 1:colcon.colcon_core.environment:checking '/home/flejv/bc_ws/install/px4_msgs/bin'
[19.500s] Level 1:colcon.colcon_core.environment:checking '/home/flejv/bc_ws/install/px4_msgs/lib/pkgconfig/px4_msgs.pc'
[19.501s] Level 1:colcon.colcon_core.environment:checking '/home/flejv/bc_ws/install/px4_msgs/lib/python3.10/site-packages'
[19.501s] Level 1:colcon.colcon_core.environment:checking '/home/flejv/bc_ws/install/px4_msgs/bin'
[19.578s] INFO:colcon.colcon_core.shell:Creating package script '/home/flejv/bc_ws/install/px4_msgs/share/px4_msgs/package.ps1'
[19.579s] INFO:colcon.colcon_core.shell:Creating package descriptor '/home/flejv/bc_ws/install/px4_msgs/share/px4_msgs/package.dsv'
[19.580s] INFO:colcon.colcon_core.shell:Creating package script '/home/flejv/bc_ws/install/px4_msgs/share/px4_msgs/package.sh'
[19.582s] INFO:colcon.colcon_core.shell:Creating package script '/home/flejv/bc_ws/install/px4_msgs/share/px4_msgs/package.bash'
[19.583s] INFO:colcon.colcon_core.shell:Creating package script '/home/flejv/bc_ws/install/px4_msgs/share/px4_msgs/package.zsh'
[19.584s] Level 1:colcon.colcon_core.environment:create_file_with_runtime_dependencies(/home/flejv/bc_ws/install/px4_msgs/share/colcon-core/packages/px4_msgs)
[19.597s] DEBUG:colcon.colcon_core.event_handler.log_command:Invoked command in '/home/flejv/bc_ws/build/px4_msgs' returned '0': CMAKE_PREFIX_PATH=${CMAKE_PREFIX_PATH}:/home/flejv/bc_ws/install/parser_pkg:/opt/ros/humble /usr/bin/cmake --install /home/flejv/bc_ws/build/px4_msgs
[27.801s] Level 1:colcon.colcon_core.environment:create_environment_scripts_only(px4_msgs)
[27.838s] Level 1:colcon.colcon_core.environment:checking '/home/flejv/bc_ws/install/px4_msgs' for CMake module files
[27.840s] Level 1:colcon.colcon_core.environment:checking '/home/flejv/bc_ws/install/px4_msgs' for CMake config files
[27.850s] Level 1:colcon.colcon_core.shell:create_environment_hook('px4_msgs', 'cmake_prefix_path')
[27.888s] INFO:colcon.colcon_core.shell:Creating environment hook '/home/flejv/bc_ws/install/px4_msgs/share/px4_msgs/hook/cmake_prefix_path.ps1'
[27.889s] INFO:colcon.colcon_core.shell:Creating environment descriptor '/home/flejv/bc_ws/install/px4_msgs/share/px4_msgs/hook/cmake_prefix_path.dsv'
[27.890s] INFO:colcon.colcon_core.shell:Creating environment hook '/home/flejv/bc_ws/install/px4_msgs/share/px4_msgs/hook/cmake_prefix_path.sh'
[27.892s] Level 1:colcon.colcon_core.environment:checking '/home/flejv/bc_ws/install/px4_msgs/lib'
[27.892s] Level 1:colcon.colcon_core.shell:create_environment_hook('px4_msgs', 'ld_library_path_lib')
[27.924s] INFO:colcon.colcon_core.shell:Creating environment hook '/home/flejv/bc_ws/install/px4_msgs/share/px4_msgs/hook/ld_library_path_lib.ps1'
[27.925s] INFO:colcon.colcon_core.shell:Creating environment descriptor '/home/flejv/bc_ws/install/px4_msgs/share/px4_msgs/hook/ld_library_path_lib.dsv'
[27.926s] INFO:colcon.colcon_core.shell:Creating environment hook '/home/flejv/bc_ws/install/px4_msgs/share/px4_msgs/hook/ld_library_path_lib.sh'
[27.927s] Level 1:colcon.colcon_core.environment:checking '/home/flejv/bc_ws/install/px4_msgs/bin'
[27.927s] Level 1:colcon.colcon_core.environment:checking '/home/flejv/bc_ws/install/px4_msgs/lib/pkgconfig/px4_msgs.pc'
[27.928s] Level 1:colcon.colcon_core.environment:checking '/home/flejv/bc_ws/install/px4_msgs/lib/python3.10/site-packages'
[27.928s] Level 1:colcon.colcon_core.environment:checking '/home/flejv/bc_ws/install/px4_msgs/bin'
[27.963s] INFO:colcon.colcon_core.shell:Creating package script '/home/flejv/bc_ws/install/px4_msgs/share/px4_msgs/package.ps1'
[27.964s] INFO:colcon.colcon_core.shell:Creating package descriptor '/home/flejv/bc_ws/install/px4_msgs/share/px4_msgs/package.dsv'
[27.965s] INFO:colcon.colcon_core.shell:Creating package script '/home/flejv/bc_ws/install/px4_msgs/share/px4_msgs/package.sh'
[27.966s] INFO:colcon.colcon_core.shell:Creating package script '/home/flejv/bc_ws/install/px4_msgs/share/px4_msgs/package.bash'
[27.967s] INFO:colcon.colcon_core.shell:Creating package script '/home/flejv/bc_ws/install/px4_msgs/share/px4_msgs/package.zsh'
[27.969s] Level 1:colcon.colcon_core.environment:create_file_with_runtime_dependencies(/home/flejv/bc_ws/install/px4_msgs/share/colcon-core/packages/px4_msgs)
[27.969s] INFO:colcon.colcon_ros.task.ament_cmake.build:Building ROS package in '/home/flejv/bc_ws/src/bc_pkg' with build type 'ament_cmake'
[27.969s] INFO:colcon.colcon_cmake.task.cmake.build:Building CMake package in '/home/flejv/bc_ws/src/bc_pkg'
[27.999s] INFO:colcon.colcon_core.shell:Skip shell extension 'powershell' for command environment: Not usable outside of PowerShell
[27.999s] DEBUG:colcon.colcon_core.shell:Skip shell extension 'dsv' for command environment
[28.123s] DEBUG:colcon.colcon_core.event_handler.log_command:Invoking command in '/home/flejv/bc_ws/build/bc_pkg': CMAKE_PREFIX_PATH=/home/flejv/bc_ws/install/px4_msgs:/home/flejv/bc_ws/install/bc_pkg:/home/flejv/bc_ws/install/leap_gesture_interface:/home/flejv/bc_ws/install/parser_pkg:/opt/ros/humble /usr/bin/cmake --build /home/flejv/bc_ws/build/bc_pkg -- -j8 -l8
[92.112s] DEBUG:colcon.colcon_core.event_handler.log_command:Invoked command in '/home/flejv/bc_ws/build/bc_pkg' returned '0': CMAKE_PREFIX_PATH=/home/flejv/bc_ws/install/px4_msgs:/home/flejv/bc_ws/install/bc_pkg:/home/flejv/bc_ws/install/leap_gesture_interface:/home/flejv/bc_ws/install/parser_pkg:/opt/ros/humble /usr/bin/cmake --build /home/flejv/bc_ws/build/bc_pkg -- -j8 -l8
[92.240s] DEBUG:colcon.colcon_core.event_handler.log_command:Invoking command in '/home/flejv/bc_ws/build/bc_pkg': CMAKE_PREFIX_PATH=/home/flejv/bc_ws/install/px4_msgs:/home/flejv/bc_ws/install/bc_pkg:/home/flejv/bc_ws/install/leap_gesture_interface:/home/flejv/bc_ws/install/parser_pkg:/opt/ros/humble /usr/bin/cmake --install /home/flejv/bc_ws/build/bc_pkg
[92.309s] Level 1:colcon.colcon_core.environment:create_environment_scripts_only(bc_pkg)
[92.311s] DEBUG:colcon.colcon_core.event_handler.log_command:Invoked command in '/home/flejv/bc_ws/build/bc_pkg' returned '0': CMAKE_PREFIX_PATH=/home/flejv/bc_ws/install/px4_msgs:/home/flejv/bc_ws/install/bc_pkg:/home/flejv/bc_ws/install/leap_gesture_interface:/home/flejv/bc_ws/install/parser_pkg:/opt/ros/humble /usr/bin/cmake --install /home/flejv/bc_ws/build/bc_pkg
[92.342s] Level 1:colcon.colcon_core.environment:checking '/home/flejv/bc_ws/install/bc_pkg' for CMake module files
[92.343s] Level 1:colcon.colcon_core.environment:checking '/home/flejv/bc_ws/install/bc_pkg' for CMake config files
[92.344s] Level 1:colcon.colcon_core.shell:create_environment_hook('bc_pkg', 'cmake_prefix_path')
[92.378s] INFO:colcon.colcon_core.shell:Creating environment hook '/home/flejv/bc_ws/install/bc_pkg/share/bc_pkg/hook/cmake_prefix_path.ps1'
[92.380s] INFO:colcon.colcon_core.shell:Creating environment descriptor '/home/flejv/bc_ws/install/bc_pkg/share/bc_pkg/hook/cmake_prefix_path.dsv'
[92.381s] INFO:colcon.colcon_core.shell:Creating environment hook '/home/flejv/bc_ws/install/bc_pkg/share/bc_pkg/hook/cmake_prefix_path.sh'
[92.383s] Level 1:colcon.colcon_core.environment:checking '/home/flejv/bc_ws/install/bc_pkg/lib'
[92.384s] Level 1:colcon.colcon_core.environment:checking '/home/flejv/bc_ws/install/bc_pkg/bin'
[92.384s] Level 1:colcon.colcon_core.environment:checking '/home/flejv/bc_ws/install/bc_pkg/lib/pkgconfig/bc_pkg.pc'
[92.385s] Level 1:colcon.colcon_core.environment:checking '/home/flejv/bc_ws/install/bc_pkg/lib/python3.10/site-packages'
[92.386s] Level 1:colcon.colcon_core.environment:checking '/home/flejv/bc_ws/install/bc_pkg/bin'
[92.424s] INFO:colcon.colcon_core.shell:Creating package script '/home/flejv/bc_ws/install/bc_pkg/share/bc_pkg/package.ps1'
[92.426s] INFO:colcon.colcon_core.shell:Creating package descriptor '/home/flejv/bc_ws/install/bc_pkg/share/bc_pkg/package.dsv'
[92.428s] INFO:colcon.colcon_core.shell:Creating package script '/home/flejv/bc_ws/install/bc_pkg/share/bc_pkg/package.sh'
[92.429s] INFO:colcon.colcon_core.shell:Creating package script '/home/flejv/bc_ws/install/bc_pkg/share/bc_pkg/package.bash'
[92.430s] INFO:colcon.colcon_core.shell:Creating package script '/home/flejv/bc_ws/install/bc_pkg/share/bc_pkg/package.zsh'
[92.432s] Level 1:colcon.colcon_core.environment:create_file_with_runtime_dependencies(/home/flejv/bc_ws/install/bc_pkg/share/colcon-core/packages/bc_pkg)
[92.659s] Level 1:colcon.colcon_core.environment:create_environment_scripts_only(bc_pkg)
[92.698s] Level 1:colcon.colcon_core.environment:checking '/home/flejv/bc_ws/install/bc_pkg' for CMake module files
[92.700s] Level 1:colcon.colcon_core.environment:checking '/home/flejv/bc_ws/install/bc_pkg' for CMake config files
[92.700s] Level 1:colcon.colcon_core.shell:create_environment_hook('bc_pkg', 'cmake_prefix_path')
[92.744s] INFO:colcon.colcon_core.shell:Creating environment hook '/home/flejv/bc_ws/install/bc_pkg/share/bc_pkg/hook/cmake_prefix_path.ps1'
[92.746s] INFO:colcon.colcon_core.shell:Creating environment descriptor '/home/flejv/bc_ws/install/bc_pkg/share/bc_pkg/hook/cmake_prefix_path.dsv'
[92.747s] INFO:colcon.colcon_core.shell:Creating environment hook '/home/flejv/bc_ws/install/bc_pkg/share/bc_pkg/hook/cmake_prefix_path.sh'
[92.750s] Level 1:colcon.colcon_core.environment:checking '/home/flejv/bc_ws/install/bc_pkg/lib'
[92.751s] Level 1:colcon.colcon_core.environment:checking '/home/flejv/bc_ws/install/bc_pkg/bin'
[92.751s] Level 1:colcon.colcon_core.environment:checking '/home/flejv/bc_ws/install/bc_pkg/lib/pkgconfig/bc_pkg.pc'
[92.752s] Level 1:colcon.colcon_core.environment:checking '/home/flejv/bc_ws/install/bc_pkg/lib/python3.10/site-packages'
[92.752s] Level 1:colcon.colcon_core.environment:checking '/home/flejv/bc_ws/install/bc_pkg/bin'
[92.794s] INFO:colcon.colcon_core.shell:Creating package script '/home/flejv/bc_ws/install/bc_pkg/share/bc_pkg/package.ps1'
[92.795s] INFO:colcon.colcon_core.shell:Creating package descriptor '/home/flejv/bc_ws/install/bc_pkg/share/bc_pkg/package.dsv'
[92.798s] INFO:colcon.colcon_core.shell:Creating package script '/home/flejv/bc_ws/install/bc_pkg/share/bc_pkg/package.sh'
[92.800s] INFO:colcon.colcon_core.shell:Creating package script '/home/flejv/bc_ws/install/bc_pkg/share/bc_pkg/package.bash'
[92.803s] INFO:colcon.colcon_core.shell:Creating package script '/home/flejv/bc_ws/install/bc_pkg/share/bc_pkg/package.zsh'
[92.804s] Level 1:colcon.colcon_core.environment:create_file_with_runtime_dependencies(/home/flejv/bc_ws/install/bc_pkg/share/colcon-core/packages/bc_pkg)
[92.806s] DEBUG:colcon.colcon_parallel_executor.executor.parallel:closing loop
[92.806s] DEBUG:colcon.colcon_parallel_executor.executor.parallel:loop closed
[92.806s] DEBUG:colcon.colcon_parallel_executor.executor.parallel:run_until_complete finished with '0'
[92.806s] DEBUG:colcon.colcon_core.event_reactor:joining thread
[92.868s] INFO:colcon.colcon_core.plugin_system:Skipping extension 'colcon_notification.desktop_notification.terminal_notifier': Not used on non-Darwin systems
[92.869s] INFO:colcon.colcon_core.plugin_system:Skipping extension 'colcon_notification.desktop_notification.win32': Not used on non-Windows systems
[92.869s] INFO:colcon.colcon_notification.desktop_notification:Sending desktop notification using 'notify2'
[92.927s] DEBUG:colcon.colcon_core.event_reactor:joined thread
[92.964s] INFO:colcon.colcon_core.shell:Creating prefix script '/home/flejv/bc_ws/install/local_setup.ps1'
[92.965s] INFO:colcon.colcon_core.shell:Creating prefix util module '/home/flejv/bc_ws/install/_local_setup_util_ps1.py'
[92.968s] INFO:colcon.colcon_core.shell:Creating prefix chain script '/home/flejv/bc_ws/install/setup.ps1'
[92.995s] INFO:colcon.colcon_core.shell:Creating prefix script '/home/flejv/bc_ws/install/local_setup.sh'
[92.996s] INFO:colcon.colcon_core.shell:Creating prefix util module '/home/flejv/bc_ws/install/_local_setup_util_sh.py'
[92.997s] INFO:colcon.colcon_core.shell:Creating prefix chain script '/home/flejv/bc_ws/install/setup.sh'
[93.023s] INFO:colcon.colcon_core.shell:Creating prefix script '/home/flejv/bc_ws/install/local_setup.bash'
[93.024s] INFO:colcon.colcon_core.shell:Creating prefix chain script '/home/flejv/bc_ws/install/setup.bash'
[93.051s] INFO:colcon.colcon_core.shell:Creating prefix script '/home/flejv/bc_ws/install/local_setup.zsh'
[93.053s] INFO:colcon.colcon_core.shell:Creating prefix chain script '/home/flejv/bc_ws/install/setup.zsh'
