[1.311s] DEBUG:colcon:Command line arguments: ['/usr/bin/colcon', 'build']
[1.311s] DEBUG:colcon:Parsed command line arguments: Namespace(log_base=None, log_level=None, verb_name='build', build_base='build', install_base='install', merge_install=False, symlink_install=False, test_result_base=None, continue_on_error=False, executor='parallel', parallel_workers=8, event_handlers=None, ignore_user_meta=False, metas=['./colcon.meta'], base_paths=['.'], packages_ignore=None, packages_ignore_regex=None, paths=None, packages_up_to=None, packages_up_to_regex=None, packages_above=None, packages_above_and_dependencies=None, packages_above_depth=None, packages_select_by_dep=None, packages_skip_by_dep=None, packages_skip_up_to=None, packages_select_build_failed=False, packages_skip_build_finished=False, packages_select_test_failures=False, packages_skip_test_passed=False, packages_select=None, packages_skip=None, packages_select_regex=None, packages_skip_regex=None, packages_start=None, packages_end=None, allow_overriding=[], cmake_args=None, cmake_target=None, cmake_target_skip_unavailable=False, cmake_clean_cache=False, cmake_clean_first=False, cmake_force_configure=False, ament_cmake_args=None, catkin_cmake_args=None, catkin_skip_building_tests=False, verb_parser=<colcon_defaults.argument_parser.defaults.DefaultArgumentsDecorator object at 0x7b66c46187c0>, verb_extension=<colcon_core.verb.build.BuildVerb object at 0x7b66c460df30>, main=<bound method BuildVerb.main of <colcon_core.verb.build.BuildVerb object at 0x7b66c460df30>>)
[1.384s] Level 1:colcon.colcon_core.package_discovery:discover_packages(colcon_meta) check parameters
[1.384s] Level 1:colcon.colcon_core.package_discovery:discover_packages(recursive) check parameters
[1.384s] Level 1:colcon.colcon_core.package_discovery:discover_packages(ignore) check parameters
[1.384s] Level 1:colcon.colcon_core.package_discovery:discover_packages(path) check parameters
[1.384s] Level 1:colcon.colcon_core.package_discovery:discover_packages(colcon_meta) discover
[1.384s] Level 1:colcon.colcon_core.package_discovery:discover_packages(recursive) discover
[1.384s] INFO:colcon.colcon_core.package_discovery:Crawling recursively for packages in '/home/flejv/bc_ws'
[1.384s] Level 1:colcon.colcon_core.package_identification:_identify(.) by extensions ['ignore', 'ignore_ament_install']
[1.385s] Level 1:colcon.colcon_core.package_identification:_identify(.) by extension 'ignore'
[1.385s] Level 1:colcon.colcon_core.package_identification:_identify(.) by extension 'ignore_ament_install'
[1.385s] Level 1:colcon.colcon_core.package_identification:_identify(.) by extensions ['colcon_pkg']
[1.385s] Level 1:colcon.colcon_core.package_identification:_identify(.) by extension 'colcon_pkg'
[1.385s] Level 1:colcon.colcon_core.package_identification:_identify(.) by extensions ['colcon_meta']
[1.385s] Level 1:colcon.colcon_core.package_identification:_identify(.) by extension 'colcon_meta'
[1.385s] Level 1:colcon.colcon_core.package_identification:_identify(.) by extensions ['ros']
[1.385s] Level 1:colcon.colcon_core.package_identification:_identify(.) by extension 'ros'
[1.402s] Level 1:colcon.colcon_core.package_identification:_identify(.) by extensions ['cmake', 'python']
[1.403s] Level 1:colcon.colcon_core.package_identification:_identify(.) by extension 'cmake'
[1.403s] Level 1:colcon.colcon_core.package_identification:_identify(.) by extension 'python'
[1.403s] Level 1:colcon.colcon_core.package_identification:_identify(.) by extensions ['python_setup_py']
[1.403s] Level 1:colcon.colcon_core.package_identification:_identify(.) by extension 'python_setup_py'
[1.403s] Level 1:colcon.colcon_core.package_identification:_identify(build) by extensions ['ignore', 'ignore_ament_install']
[1.403s] Level 1:colcon.colcon_core.package_identification:_identify(build) by extension 'ignore'
[1.403s] Level 1:colcon.colcon_core.package_identification:_identify(build) ignored
[1.403s] Level 1:colcon.colcon_core.package_identification:_identify(install) by extensions ['ignore', 'ignore_ament_install']
[1.403s] Level 1:colcon.colcon_core.package_identification:_identify(install) by extension 'ignore'
[1.404s] Level 1:colcon.colcon_core.package_identification:_identify(install) ignored
[1.404s] Level 1:colcon.colcon_core.package_identification:_identify(log) by extensions ['ignore', 'ignore_ament_install']
[1.404s] Level 1:colcon.colcon_core.package_identification:_identify(log) by extension 'ignore'
[1.404s] Level 1:colcon.colcon_core.package_identification:_identify(log) ignored
[1.404s] Level 1:colcon.colcon_core.package_identification:_identify(src) by extensions ['ignore', 'ignore_ament_install']
[1.404s] Level 1:colcon.colcon_core.package_identification:_identify(src) by extension 'ignore'
[1.404s] Level 1:colcon.colcon_core.package_identification:_identify(src) by extension 'ignore_ament_install'
[1.404s] Level 1:colcon.colcon_core.package_identification:_identify(src) by extensions ['colcon_pkg']
[1.405s] Level 1:colcon.colcon_core.package_identification:_identify(src) by extension 'colcon_pkg'
[1.405s] Level 1:colcon.colcon_core.package_identification:_identify(src) by extensions ['colcon_meta']
[1.405s] Level 1:colcon.colcon_core.package_identification:_identify(src) by extension 'colcon_meta'
[1.405s] Level 1:colcon.colcon_core.package_identification:_identify(src) by extensions ['ros']
[1.405s] Level 1:colcon.colcon_core.package_identification:_identify(src) by extension 'ros'
[1.405s] Level 1:colcon.colcon_core.package_identification:_identify(src) by extensions ['cmake', 'python']
[1.405s] Level 1:colcon.colcon_core.package_identification:_identify(src) by extension 'cmake'
[1.405s] Level 1:colcon.colcon_core.package_identification:_identify(src) by extension 'python'
[1.405s] Level 1:colcon.colcon_core.package_identification:_identify(src) by extensions ['python_setup_py']
[1.405s] Level 1:colcon.colcon_core.package_identification:_identify(src) by extension 'python_setup_py'
[1.405s] Level 1:colcon.colcon_core.package_identification:_identify(src/bc_pkg) by extensions ['ignore', 'ignore_ament_install']
[1.405s] Level 1:colcon.colcon_core.package_identification:_identify(src/bc_pkg) by extension 'ignore'
[1.405s] Level 1:colcon.colcon_core.package_identification:_identify(src/bc_pkg) by extension 'ignore_ament_install'
[1.406s] Level 1:colcon.colcon_core.package_identification:_identify(src/bc_pkg) by extensions ['colcon_pkg']
[1.406s] Level 1:colcon.colcon_core.package_identification:_identify(src/bc_pkg) by extension 'colcon_pkg'
[1.406s] Level 1:colcon.colcon_core.package_identification:_identify(src/bc_pkg) by extensions ['colcon_meta']
[1.406s] Level 1:colcon.colcon_core.package_identification:_identify(src/bc_pkg) by extension 'colcon_meta'
[1.406s] Level 1:colcon.colcon_core.package_identification:_identify(src/bc_pkg) by extensions ['ros']
[1.406s] Level 1:colcon.colcon_core.package_identification:_identify(src/bc_pkg) by extension 'ros'
[1.409s] DEBUG:colcon.colcon_core.package_identification:Package 'src/bc_pkg' with type 'ros.ament_cmake' and name 'bc_pkg'
[1.409s] Level 1:colcon.colcon_core.package_identification:_identify(src/leap_gesture_interface) by extensions ['ignore', 'ignore_ament_install']
[1.410s] Level 1:colcon.colcon_core.package_identification:_identify(src/leap_gesture_interface) by extension 'ignore'
[1.410s] Level 1:colcon.colcon_core.package_identification:_identify(src/leap_gesture_interface) by extension 'ignore_ament_install'
[1.410s] Level 1:colcon.colcon_core.package_identification:_identify(src/leap_gesture_interface) by extensions ['colcon_pkg']
[1.410s] Level 1:colcon.colcon_core.package_identification:_identify(src/leap_gesture_interface) by extension 'colcon_pkg'
[1.410s] Level 1:colcon.colcon_core.package_identification:_identify(src/leap_gesture_interface) by extensions ['colcon_meta']
[1.410s] Level 1:colcon.colcon_core.package_identification:_identify(src/leap_gesture_interface) by extension 'colcon_meta'
[1.410s] Level 1:colcon.colcon_core.package_identification:_identify(src/leap_gesture_interface) by extensions ['ros']
[1.410s] Level 1:colcon.colcon_core.package_identification:_identify(src/leap_gesture_interface) by extension 'ros'
[1.411s] DEBUG:colcon.colcon_core.package_identification:Package 'src/leap_gesture_interface' with type 'ros.ament_cmake' and name 'leap_gesture_interface'
[1.412s] Level 1:colcon.colcon_core.package_identification:_identify(src/px4_msgs) by extensions ['ignore', 'ignore_ament_install']
[1.412s] Level 1:colcon.colcon_core.package_identification:_identify(src/px4_msgs) by extension 'ignore'
[1.412s] Level 1:colcon.colcon_core.package_identification:_identify(src/px4_msgs) by extension 'ignore_ament_install'
[1.412s] Level 1:colcon.colcon_core.package_identification:_identify(src/px4_msgs) by extensions ['colcon_pkg']
[1.412s] Level 1:colcon.colcon_core.package_identification:_identify(src/px4_msgs) by extension 'colcon_pkg'
[1.412s] Level 1:colcon.colcon_core.package_identification:_identify(src/px4_msgs) by extensions ['colcon_meta']
[1.412s] Level 1:colcon.colcon_core.package_identification:_identify(src/px4_msgs) by extension 'colcon_meta'
[1.412s] Level 1:colcon.colcon_core.package_identification:_identify(src/px4_msgs) by extensions ['ros']
[1.412s] Level 1:colcon.colcon_core.package_identification:_identify(src/px4_msgs) by extension 'ros'
[1.413s] DEBUG:colcon.colcon_core.package_identification:Package 'src/px4_msgs' with type 'ros.ament_cmake' and name 'px4_msgs'
[1.413s] Level 1:colcon.colcon_core.package_discovery:discover_packages(recursive) using defaults
[1.413s] Level 1:colcon.colcon_core.package_discovery:discover_packages(ignore) discover
[1.413s] Level 1:colcon.colcon_core.package_discovery:discover_packages(ignore) using defaults
[1.413s] Level 1:colcon.colcon_core.package_discovery:discover_packages(path) discover
[1.413s] Level 1:colcon.colcon_core.package_discovery:discover_packages(path) using defaults
[1.531s] Level 1:colcon.colcon_core.package_discovery:discover_packages(prefix_path) check parameters
[1.531s] Level 1:colcon.colcon_core.package_discovery:discover_packages(prefix_path) discover
[1.572s] DEBUG:colcon.colcon_installed_package_information.package_discovery:Found 285 installed packages in /opt/ros/humble
[1.574s] Level 1:colcon.colcon_core.package_discovery:discover_packages(prefix_path) using defaults
[1.667s] Level 5:colcon.colcon_core.verb:set package 'leap_gesture_interface' build argument 'cmake_args' from command line to 'None'
[1.668s] Level 5:colcon.colcon_core.verb:set package 'leap_gesture_interface' build argument 'cmake_target' from command line to 'None'
[1.668s] Level 5:colcon.colcon_core.verb:set package 'leap_gesture_interface' build argument 'cmake_target_skip_unavailable' from command line to 'False'
[1.668s] Level 5:colcon.colcon_core.verb:set package 'leap_gesture_interface' build argument 'cmake_clean_cache' from command line to 'False'
[1.668s] Level 5:colcon.colcon_core.verb:set package 'leap_gesture_interface' build argument 'cmake_clean_first' from command line to 'False'
[1.668s] Level 5:colcon.colcon_core.verb:set package 'leap_gesture_interface' build argument 'cmake_force_configure' from command line to 'False'
[1.668s] Level 5:colcon.colcon_core.verb:set package 'leap_gesture_interface' build argument 'ament_cmake_args' from command line to 'None'
[1.668s] Level 5:colcon.colcon_core.verb:set package 'leap_gesture_interface' build argument 'catkin_cmake_args' from command line to 'None'
[1.668s] Level 5:colcon.colcon_core.verb:set package 'leap_gesture_interface' build argument 'catkin_skip_building_tests' from command line to 'False'
[1.668s] DEBUG:colcon.colcon_core.verb:Building package 'leap_gesture_interface' with the following arguments: {'ament_cmake_args': None, 'build_base': '/home/flejv/bc_ws/build/leap_gesture_interface', 'catkin_cmake_args': None, 'catkin_skip_building_tests': False, 'cmake_args': None, 'cmake_clean_cache': False, 'cmake_clean_first': False, 'cmake_force_configure': False, 'cmake_target': None, 'cmake_target_skip_unavailable': False, 'install_base': '/home/flejv/bc_ws/install/leap_gesture_interface', 'merge_install': False, 'path': '/home/flejv/bc_ws/src/leap_gesture_interface', 'symlink_install': False, 'test_result_base': None}
[1.687s] Level 5:colcon.colcon_core.verb:set package 'px4_msgs' build argument 'cmake_args' from command line to 'None'
[1.687s] Level 5:colcon.colcon_core.verb:set package 'px4_msgs' build argument 'cmake_target' from command line to 'None'
[1.687s] Level 5:colcon.colcon_core.verb:set package 'px4_msgs' build argument 'cmake_target_skip_unavailable' from command line to 'False'
[1.687s] Level 5:colcon.colcon_core.verb:set package 'px4_msgs' build argument 'cmake_clean_cache' from command line to 'False'
[1.687s] Level 5:colcon.colcon_core.verb:set package 'px4_msgs' build argument 'cmake_clean_first' from command line to 'False'
[1.687s] Level 5:colcon.colcon_core.verb:set package 'px4_msgs' build argument 'cmake_force_configure' from command line to 'False'
[1.687s] Level 5:colcon.colcon_core.verb:set package 'px4_msgs' build argument 'ament_cmake_args' from command line to 'None'
[1.687s] Level 5:colcon.colcon_core.verb:set package 'px4_msgs' build argument 'catkin_cmake_args' from command line to 'None'
[1.687s] Level 5:colcon.colcon_core.verb:set package 'px4_msgs' build argument 'catkin_skip_building_tests' from command line to 'False'
[1.687s] DEBUG:colcon.colcon_core.verb:Building package 'px4_msgs' with the following arguments: {'ament_cmake_args': None, 'build_base': '/home/flejv/bc_ws/build/px4_msgs', 'catkin_cmake_args': None, 'catkin_skip_building_tests': False, 'cmake_args': None, 'cmake_clean_cache': False, 'cmake_clean_first': False, 'cmake_force_configure': False, 'cmake_target': None, 'cmake_target_skip_unavailable': False, 'install_base': '/home/flejv/bc_ws/install/px4_msgs', 'merge_install': False, 'path': '/home/flejv/bc_ws/src/px4_msgs', 'symlink_install': False, 'test_result_base': None}
[1.707s] Level 5:colcon.colcon_core.verb:set package 'bc_pkg' build argument 'cmake_args' from command line to 'None'
[1.707s] Level 5:colcon.colcon_core.verb:set package 'bc_pkg' build argument 'cmake_target' from command line to 'None'
[1.707s] Level 5:colcon.colcon_core.verb:set package 'bc_pkg' build argument 'cmake_target_skip_unavailable' from command line to 'False'
[1.707s] Level 5:colcon.colcon_core.verb:set package 'bc_pkg' build argument 'cmake_clean_cache' from command line to 'False'
[1.707s] Level 5:colcon.colcon_core.verb:set package 'bc_pkg' build argument 'cmake_clean_first' from command line to 'False'
[1.707s] Level 5:colcon.colcon_core.verb:set package 'bc_pkg' build argument 'cmake_force_configure' from command line to 'False'
[1.707s] Level 5:colcon.colcon_core.verb:set package 'bc_pkg' build argument 'ament_cmake_args' from command line to 'None'
[1.707s] Level 5:colcon.colcon_core.verb:set package 'bc_pkg' build argument 'catkin_cmake_args' from command line to 'None'
[1.707s] Level 5:colcon.colcon_core.verb:set package 'bc_pkg' build argument 'catkin_skip_building_tests' from command line to 'False'
[1.707s] DEBUG:colcon.colcon_core.verb:Building package 'bc_pkg' with the following arguments: {'ament_cmake_args': None, 'build_base': '/home/flejv/bc_ws/build/bc_pkg', 'catkin_cmake_args': None, 'catkin_skip_building_tests': False, 'cmake_args': None, 'cmake_clean_cache': False, 'cmake_clean_first': False, 'cmake_force_configure': False, 'cmake_target': None, 'cmake_target_skip_unavailable': False, 'install_base': '/home/flejv/bc_ws/install/bc_pkg', 'merge_install': False, 'path': '/home/flejv/bc_ws/src/bc_pkg', 'symlink_install': False, 'test_result_base': None}
[1.726s] INFO:colcon.colcon_core.executor:Executing jobs using 'parallel' executor
[1.746s] DEBUG:colcon.colcon_parallel_executor.executor.parallel:run_until_complete
[1.746s] INFO:colcon.colcon_ros.task.ament_cmake.build:Building ROS package in '/home/flejv/bc_ws/src/px4_msgs' with build type 'ament_cmake'
[1.746s] INFO:colcon.colcon_cmake.task.cmake.build:Building CMake package in '/home/flejv/bc_ws/src/px4_msgs'
[1.769s] INFO:colcon.colcon_core.plugin_system:Skipping extension 'colcon_core.shell.bat': Not used on non-Windows systems
[1.769s] INFO:colcon.colcon_core.shell:Skip shell extension 'powershell' for command environment: Not usable outside of PowerShell
[1.769s] DEBUG:colcon.colcon_core.shell:Skip shell extension 'dsv' for command environment
[1.811s] INFO:colcon.colcon_ros.task.ament_cmake.build:Building ROS package in '/home/flejv/bc_ws/src/leap_gesture_interface' with build type 'ament_cmake'
[1.812s] INFO:colcon.colcon_cmake.task.cmake.build:Building CMake package in '/home/flejv/bc_ws/src/leap_gesture_interface'
[1.833s] INFO:colcon.colcon_core.shell:Skip shell extension 'powershell' for command environment: Not usable outside of PowerShell
[1.833s] DEBUG:colcon.colcon_core.shell:Skip shell extension 'dsv' for command environment
[1.885s] DEBUG:colcon.colcon_core.event_handler.log_command:Invoking command in '/home/flejv/bc_ws/build/px4_msgs': CMAKE_PREFIX_PATH=/opt/ros/humble /usr/bin/cmake --build /home/flejv/bc_ws/build/px4_msgs -- -j8 -l8
[1.897s] DEBUG:colcon.colcon_core.event_handler.log_command:Invoking command in '/home/flejv/bc_ws/build/leap_gesture_interface': CMAKE_PREFIX_PATH=/opt/ros/humble /usr/bin/cmake --build /home/flejv/bc_ws/build/leap_gesture_interface -- -j8 -l8
[3.289s] DEBUG:colcon.colcon_core.event_handler.log_command:Invoked command in '/home/flejv/bc_ws/build/px4_msgs' returned '0': CMAKE_PREFIX_PATH=/opt/ros/humble /usr/bin/cmake --build /home/flejv/bc_ws/build/px4_msgs -- -j8 -l8
[13.078s] DEBUG:colcon.colcon_core.event_handler.log_command:Invoking command in '/home/flejv/bc_ws/build/px4_msgs': CMAKE_PREFIX_PATH=/opt/ros/humble /usr/bin/cmake --install /home/flejv/bc_ws/build/px4_msgs
[14.269s] Level 1:colcon.colcon_core.environment:create_environment_scripts_only(px4_msgs)
[14.413s] Level 1:colcon.colcon_core.environment:checking '/home/flejv/bc_ws/install/px4_msgs' for CMake module files
[14.420s] Level 1:colcon.colcon_core.environment:checking '/home/flejv/bc_ws/install/px4_msgs' for CMake config files
[14.474s] Level 1:colcon.colcon_core.shell:create_environment_hook('px4_msgs', 'cmake_prefix_path')
[14.607s] INFO:colcon.colcon_core.shell:Creating environment hook '/home/flejv/bc_ws/install/px4_msgs/share/px4_msgs/hook/cmake_prefix_path.ps1'
[14.610s] INFO:colcon.colcon_core.shell:Creating environment descriptor '/home/flejv/bc_ws/install/px4_msgs/share/px4_msgs/hook/cmake_prefix_path.dsv'
[14.612s] INFO:colcon.colcon_core.shell:Creating environment hook '/home/flejv/bc_ws/install/px4_msgs/share/px4_msgs/hook/cmake_prefix_path.sh'
[14.617s] Level 1:colcon.colcon_core.environment:checking '/home/flejv/bc_ws/install/px4_msgs/lib'
[14.618s] Level 1:colcon.colcon_core.shell:create_environment_hook('px4_msgs', 'ld_library_path_lib')
[14.712s] DEBUG:colcon.colcon_core.event_handler.log_command:Invoked command in '/home/flejv/bc_ws/build/px4_msgs' returned '0': CMAKE_PREFIX_PATH=/opt/ros/humble /usr/bin/cmake --install /home/flejv/bc_ws/build/px4_msgs
[14.722s] INFO:colcon.colcon_core.shell:Creating environment hook '/home/flejv/bc_ws/install/px4_msgs/share/px4_msgs/hook/ld_library_path_lib.ps1'
[14.723s] INFO:colcon.colcon_core.shell:Creating environment descriptor '/home/flejv/bc_ws/install/px4_msgs/share/px4_msgs/hook/ld_library_path_lib.dsv'
[14.724s] INFO:colcon.colcon_core.shell:Creating environment hook '/home/flejv/bc_ws/install/px4_msgs/share/px4_msgs/hook/ld_library_path_lib.sh'
[14.726s] Level 1:colcon.colcon_core.environment:checking '/home/flejv/bc_ws/install/px4_msgs/bin'
[14.726s] Level 1:colcon.colcon_core.environment:checking '/home/flejv/bc_ws/install/px4_msgs/lib/pkgconfig/px4_msgs.pc'
[14.726s] Level 1:colcon.colcon_core.environment:checking '/home/flejv/bc_ws/install/px4_msgs/lib/python3.10/site-packages'
[14.727s] Level 1:colcon.colcon_core.environment:checking '/home/flejv/bc_ws/install/px4_msgs/bin'
[14.776s] INFO:colcon.colcon_core.shell:Creating package script '/home/flejv/bc_ws/install/px4_msgs/share/px4_msgs/package.ps1'
[14.779s] INFO:colcon.colcon_core.shell:Creating package descriptor '/home/flejv/bc_ws/install/px4_msgs/share/px4_msgs/package.dsv'
[14.780s] INFO:colcon.colcon_core.shell:Creating package script '/home/flejv/bc_ws/install/px4_msgs/share/px4_msgs/package.sh'
[14.783s] INFO:colcon.colcon_core.shell:Creating package script '/home/flejv/bc_ws/install/px4_msgs/share/px4_msgs/package.bash'
[14.785s] INFO:colcon.colcon_core.shell:Creating package script '/home/flejv/bc_ws/install/px4_msgs/share/px4_msgs/package.zsh'
[14.787s] Level 1:colcon.colcon_core.environment:create_file_with_runtime_dependencies(/home/flejv/bc_ws/install/px4_msgs/share/colcon-core/packages/px4_msgs)
[24.208s] Level 1:colcon.colcon_core.environment:create_environment_scripts_only(px4_msgs)
[24.240s] Level 1:colcon.colcon_core.environment:checking '/home/flejv/bc_ws/install/px4_msgs' for CMake module files
[24.241s] Level 1:colcon.colcon_core.environment:checking '/home/flejv/bc_ws/install/px4_msgs' for CMake config files
[24.250s] Level 1:colcon.colcon_core.shell:create_environment_hook('px4_msgs', 'cmake_prefix_path')
[24.278s] INFO:colcon.colcon_core.shell:Creating environment hook '/home/flejv/bc_ws/install/px4_msgs/share/px4_msgs/hook/cmake_prefix_path.ps1'
[24.279s] INFO:colcon.colcon_core.shell:Creating environment descriptor '/home/flejv/bc_ws/install/px4_msgs/share/px4_msgs/hook/cmake_prefix_path.dsv'
[24.279s] INFO:colcon.colcon_core.shell:Creating environment hook '/home/flejv/bc_ws/install/px4_msgs/share/px4_msgs/hook/cmake_prefix_path.sh'
[24.280s] Level 1:colcon.colcon_core.environment:checking '/home/flejv/bc_ws/install/px4_msgs/lib'
[24.280s] Level 1:colcon.colcon_core.shell:create_environment_hook('px4_msgs', 'ld_library_path_lib')
[24.307s] INFO:colcon.colcon_core.shell:Creating environment hook '/home/flejv/bc_ws/install/px4_msgs/share/px4_msgs/hook/ld_library_path_lib.ps1'
[24.308s] INFO:colcon.colcon_core.shell:Creating environment descriptor '/home/flejv/bc_ws/install/px4_msgs/share/px4_msgs/hook/ld_library_path_lib.dsv'
[24.308s] INFO:colcon.colcon_core.shell:Creating environment hook '/home/flejv/bc_ws/install/px4_msgs/share/px4_msgs/hook/ld_library_path_lib.sh'
[24.309s] Level 1:colcon.colcon_core.environment:checking '/home/flejv/bc_ws/install/px4_msgs/bin'
[24.309s] Level 1:colcon.colcon_core.environment:checking '/home/flejv/bc_ws/install/px4_msgs/lib/pkgconfig/px4_msgs.pc'
[24.310s] Level 1:colcon.colcon_core.environment:checking '/home/flejv/bc_ws/install/px4_msgs/lib/python3.10/site-packages'
[24.310s] Level 1:colcon.colcon_core.environment:checking '/home/flejv/bc_ws/install/px4_msgs/bin'
[24.338s] INFO:colcon.colcon_core.shell:Creating package script '/home/flejv/bc_ws/install/px4_msgs/share/px4_msgs/package.ps1'
[24.339s] INFO:colcon.colcon_core.shell:Creating package descriptor '/home/flejv/bc_ws/install/px4_msgs/share/px4_msgs/package.dsv'
[24.340s] INFO:colcon.colcon_core.shell:Creating package script '/home/flejv/bc_ws/install/px4_msgs/share/px4_msgs/package.sh'
[24.341s] INFO:colcon.colcon_core.shell:Creating package script '/home/flejv/bc_ws/install/px4_msgs/share/px4_msgs/package.bash'
[24.342s] INFO:colcon.colcon_core.shell:Creating package script '/home/flejv/bc_ws/install/px4_msgs/share/px4_msgs/package.zsh'
[24.342s] Level 1:colcon.colcon_core.environment:create_file_with_runtime_dependencies(/home/flejv/bc_ws/install/px4_msgs/share/colcon-core/packages/px4_msgs)
[24.343s] INFO:colcon.colcon_ros.task.ament_cmake.build:Building ROS package in '/home/flejv/bc_ws/src/bc_pkg' with build type 'ament_cmake'
[24.343s] INFO:colcon.colcon_cmake.task.cmake.build:Building CMake package in '/home/flejv/bc_ws/src/bc_pkg'
[24.376s] INFO:colcon.colcon_core.shell:Skip shell extension 'powershell' for command environment: Not usable outside of PowerShell
[24.376s] DEBUG:colcon.colcon_core.shell:Skip shell extension 'dsv' for command environment
[24.451s] DEBUG:colcon.colcon_core.event_handler.log_command:Invoking command in '/home/flejv/bc_ws/build/bc_pkg': AMENT_PREFIX_PATH=/home/flejv/bc_ws/install/px4_msgs:${AMENT_PREFIX_PATH} CMAKE_PREFIX_PATH=/home/flejv/bc_ws/install/px4_msgs:/opt/ros/humble LD_LIBRARY_PATH=/home/flejv/bc_ws/install/px4_msgs/lib:${LD_LIBRARY_PATH} PYTHONPATH=/home/flejv/bc_ws/install/px4_msgs/local/lib/python3.10/dist-packages:${PYTHONPATH} /usr/bin/cmake --build /home/flejv/bc_ws/build/bc_pkg -- -j8 -l8
[24.496s] DEBUG:colcon.colcon_core.event_handler.log_command:Invoked command in '/home/flejv/bc_ws/build/bc_pkg' returned '2': AMENT_PREFIX_PATH=/home/flejv/bc_ws/install/px4_msgs:${AMENT_PREFIX_PATH} CMAKE_PREFIX_PATH=/home/flejv/bc_ws/install/px4_msgs:/opt/ros/humble LD_LIBRARY_PATH=/home/flejv/bc_ws/install/px4_msgs/lib:${LD_LIBRARY_PATH} PYTHONPATH=/home/flejv/bc_ws/install/px4_msgs/local/lib/python3.10/dist-packages:${PYTHONPATH} /usr/bin/cmake --build /home/flejv/bc_ws/build/bc_pkg -- -j8 -l8
[24.604s] Level 1:colcon.colcon_core.environment:create_environment_scripts_only(bc_pkg)
[24.640s] Level 1:colcon.colcon_core.environment:checking '/home/flejv/bc_ws/install/bc_pkg' for CMake module files
[24.641s] Level 1:colcon.colcon_core.environment:checking '/home/flejv/bc_ws/install/bc_pkg' for CMake config files
[24.642s] Level 1:colcon.colcon_core.shell:create_environment_hook('bc_pkg', 'cmake_prefix_path')
[24.685s] INFO:colcon.colcon_core.shell:Creating environment hook '/home/flejv/bc_ws/install/bc_pkg/share/bc_pkg/hook/cmake_prefix_path.ps1'
[24.687s] INFO:colcon.colcon_core.shell:Creating environment descriptor '/home/flejv/bc_ws/install/bc_pkg/share/bc_pkg/hook/cmake_prefix_path.dsv'
[24.688s] INFO:colcon.colcon_core.shell:Creating environment hook '/home/flejv/bc_ws/install/bc_pkg/share/bc_pkg/hook/cmake_prefix_path.sh'
[24.689s] Level 1:colcon.colcon_core.environment:checking '/home/flejv/bc_ws/install/bc_pkg/lib'
[24.689s] Level 1:colcon.colcon_core.environment:checking '/home/flejv/bc_ws/install/bc_pkg/bin'
[24.690s] Level 1:colcon.colcon_core.environment:checking '/home/flejv/bc_ws/install/bc_pkg/lib/pkgconfig/bc_pkg.pc'
[24.690s] Level 1:colcon.colcon_core.environment:checking '/home/flejv/bc_ws/install/bc_pkg/lib/python3.10/site-packages'
[24.691s] Level 1:colcon.colcon_core.environment:checking '/home/flejv/bc_ws/install/bc_pkg/bin'
[24.735s] INFO:colcon.colcon_core.shell:Creating package script '/home/flejv/bc_ws/install/bc_pkg/share/bc_pkg/package.ps1'
[24.736s] INFO:colcon.colcon_core.shell:Creating package descriptor '/home/flejv/bc_ws/install/bc_pkg/share/bc_pkg/package.dsv'
[24.737s] INFO:colcon.colcon_core.shell:Creating package script '/home/flejv/bc_ws/install/bc_pkg/share/bc_pkg/package.sh'
[24.739s] INFO:colcon.colcon_core.shell:Creating package script '/home/flejv/bc_ws/install/bc_pkg/share/bc_pkg/package.bash'
[24.740s] INFO:colcon.colcon_core.shell:Creating package script '/home/flejv/bc_ws/install/bc_pkg/share/bc_pkg/package.zsh'
[24.741s] Level 1:colcon.colcon_core.environment:create_file_with_runtime_dependencies(/home/flejv/bc_ws/install/bc_pkg/share/colcon-core/packages/bc_pkg)
[30.474s] DEBUG:colcon.colcon_parallel_executor.executor.parallel:closing loop
[30.475s] DEBUG:colcon.colcon_parallel_executor.executor.parallel:loop closed
[30.475s] DEBUG:colcon.colcon_parallel_executor.executor.parallel:run_until_complete finished with '2'
[30.475s] DEBUG:colcon.colcon_core.event_reactor:joining thread
[30.530s] INFO:colcon.colcon_core.plugin_system:Skipping extension 'colcon_notification.desktop_notification.terminal_notifier': Not used on non-Darwin systems
[30.530s] INFO:colcon.colcon_core.plugin_system:Skipping extension 'colcon_notification.desktop_notification.win32': Not used on non-Windows systems
[30.530s] INFO:colcon.colcon_notification.desktop_notification:Sending desktop notification using 'notify2'
[30.552s] DEBUG:colcon.colcon_core.event_reactor:joined thread
[30.598s] INFO:colcon.colcon_core.shell:Creating prefix script '/home/flejv/bc_ws/install/local_setup.ps1'
[30.600s] INFO:colcon.colcon_core.shell:Creating prefix util module '/home/flejv/bc_ws/install/_local_setup_util_ps1.py'
[30.605s] INFO:colcon.colcon_core.shell:Creating prefix chain script '/home/flejv/bc_ws/install/setup.ps1'
[30.643s] INFO:colcon.colcon_core.shell:Creating prefix script '/home/flejv/bc_ws/install/local_setup.sh'
[30.644s] INFO:colcon.colcon_core.shell:Creating prefix util module '/home/flejv/bc_ws/install/_local_setup_util_sh.py'
[30.645s] INFO:colcon.colcon_core.shell:Creating prefix chain script '/home/flejv/bc_ws/install/setup.sh'
[30.667s] INFO:colcon.colcon_core.shell:Creating prefix script '/home/flejv/bc_ws/install/local_setup.bash'
[30.668s] INFO:colcon.colcon_core.shell:Creating prefix chain script '/home/flejv/bc_ws/install/setup.bash'
[30.688s] INFO:colcon.colcon_core.shell:Creating prefix script '/home/flejv/bc_ws/install/local_setup.zsh'
[30.689s] INFO:colcon.colcon_core.shell:Creating prefix chain script '/home/flejv/bc_ws/install/setup.zsh'
