[0.257s] Invoking command in '/home/flejv/bc_ws/build/leap_gesture_interface': CMAKE_PREFIX_PATH=${CMAKE_PREFIX_PATH}:/opt/ros/humble /usr/bin/cmake --build /home/flejv/bc_ws/build/leap_gesture_interface -- -j8 -l8
[0.743s] [ 11%] Built target libExampleConnection
[0.882s] [ 33%] Built target gesture_interface_node
[0.900s] [ 55%] Built target leap_example_node
[0.910s] [ 77%] Built target carth
[1.031s] [100%] Built target rpy
[1.057s] Invoked command in '/home/flejv/bc_ws/build/leap_gesture_interface' returned '0': CMAKE_PREFIX_PATH=${CMAKE_PREFIX_PATH}:/opt/ros/humble /usr/bin/cmake --build /home/flejv/bc_ws/build/leap_gesture_interface -- -j8 -l8
[1.129s] Invoking command in '/home/flejv/bc_ws/build/leap_gesture_interface': CMAKE_PREFIX_PATH=${CMAKE_PREFIX_PATH}:/opt/ros/humble /usr/bin/cmake --install /home/flejv/bc_ws/build/leap_gesture_interface
[1.215s] -- Install configuration: ""
[1.541s] -- Up-to-date: /home/flejv/bc_ws/install/leap_gesture_interface/lib/leap_gesture_interface/gesture_interface_node
[1.682s] -- Up-to-date: /home/flejv/bc_ws/install/leap_gesture_interface/lib/leap_gesture_interface/leap_example_node
[2.608s] -- Up-to-date: /home/flejv/bc_ws/install/leap_gesture_interface/lib/leap_gesture_interface/carth
[2.723s] -- Up-to-date: /home/flejv/bc_ws/install/leap_gesture_interface/lib/leap_gesture_interface/rpy
[2.724s] -- Up-to-date: /home/flejv/bc_ws/install/leap_gesture_interface/share/ament_index/resource_index/package_run_dependencies/leap_gesture_interface
[2.724s] -- Up-to-date: /home/flejv/bc_ws/install/leap_gesture_interface/share/ament_index/resource_index/parent_prefix_path/leap_gesture_interface
[2.724s] -- Up-to-date: /home/flejv/bc_ws/install/leap_gesture_interface/share/leap_gesture_interface/environment/ament_prefix_path.sh
[2.724s] -- Up-to-date: /home/flejv/bc_ws/install/leap_gesture_interface/share/leap_gesture_interface/environment/ament_prefix_path.dsv
[2.724s] -- Up-to-date: /home/flejv/bc_ws/install/leap_gesture_interface/share/leap_gesture_interface/environment/path.sh
[2.724s] -- Up-to-date: /home/flejv/bc_ws/install/leap_gesture_interface/share/leap_gesture_interface/environment/path.dsv
[2.724s] -- Up-to-date: /home/flejv/bc_ws/install/leap_gesture_interface/share/leap_gesture_interface/local_setup.bash
[2.725s] -- Up-to-date: /home/flejv/bc_ws/install/leap_gesture_interface/share/leap_gesture_interface/local_setup.sh
[2.725s] -- Up-to-date: /home/flejv/bc_ws/install/leap_gesture_interface/share/leap_gesture_interface/local_setup.zsh
[2.725s] -- Up-to-date: /home/flejv/bc_ws/install/leap_gesture_interface/share/leap_gesture_interface/local_setup.dsv
[2.725s] -- Installing: /home/flejv/bc_ws/install/leap_gesture_interface/share/leap_gesture_interface/package.dsv
[2.745s] -- Up-to-date: /home/flejv/bc_ws/install/leap_gesture_interface/share/ament_index/resource_index/packages/leap_gesture_interface
[2.745s] -- Up-to-date: /home/flejv/bc_ws/install/leap_gesture_interface/share/leap_gesture_interface/cmake/leap_gesture_interfaceConfig.cmake
[2.745s] -- Up-to-date: /home/flejv/bc_ws/install/leap_gesture_interface/share/leap_gesture_interface/cmake/leap_gesture_interfaceConfig-version.cmake
[2.746s] -- Up-to-date: /home/flejv/bc_ws/install/leap_gesture_interface/share/leap_gesture_interface/package.xml
[2.748s] Invoked command in '/home/flejv/bc_ws/build/leap_gesture_interface' returned '0': CMAKE_PREFIX_PATH=${CMAKE_PREFIX_PATH}:/opt/ros/humble /usr/bin/cmake --install /home/flejv/bc_ws/build/leap_gesture_interface
