[0.306s] Invoking command in '/home/flejv/bc_ws/build/leap_gesture_interface': CMAKE_PREFIX_PATH=${CMAKE_PREFIX_PATH}:/home/flejv/bc_ws/install/parser_pkg:/opt/ros/humble /usr/bin/cmake --build /home/flejv/bc_ws/build/leap_gesture_interface -- -j8 -l8
[1.391s] [ 11%] Built target libExampleConnection
[1.530s] [ 22%] [32mBuilding CXX object CMakeFiles/rpy.dir/src/rpy_pub.cpp.o[0m
[1.572s] [ 33%] [32mBuilding CXX object CMakeFiles/gesture_interface_node.dir/src/gesture_interface_node.cpp.o[0m
[1.602s] [ 44%] [32mBuilding CXX object CMakeFiles/leap_example_node.dir/src/leap_interface_example.cpp.o[0m
[2.111s] [ 55%] [32mBuilding CXX object CMakeFiles/carth.dir/src/carth_pub.cpp.o[0m
[9.317s] [01m[K/home/flejv/bc_ws/src/leap_gesture_interface/src/gesture_interface_node.cpp:[m[K In constructor ‘[01m[KGestureInterfaceNode::GestureInterfaceNode()[m[K’:
[9.317s] [01m[K/home/flejv/bc_ws/src/leap_gesture_interface/src/gesture_interface_node.cpp:63:16:[m[K [01;35m[Kwarning: [m[Kunused variable ‘[01m[Kpublish_rate[m[K’ [[01;35m[K]8;;https://gcc.gnu.org/onlinedocs/gcc/Warning-Options.html#index-Wunused-variable-Wunused-variable]8;;[m[K]
[9.317s]    63 |         double [01;35m[Kpublish_rate[m[K = this->declare_parameter<double>("publish_rate", 10.0);
[9.317s]       |                [01;35m[K^~~~~~~~~~~~[m[K
[16.569s] [ 66%] [32m[1mLinking CXX executable leap_example_node[0m
[18.179s] [ 66%] Built target leap_example_node
[20.484s] [ 77%] [32m[1mLinking CXX executable gesture_interface_node[0m
[20.974s] [ 88%] [32m[1mLinking CXX executable carth[0m
[21.522s] [ 88%] Built target gesture_interface_node
[22.169s] [ 88%] Built target carth
[36.858s] [100%] [32m[1mLinking CXX executable rpy[0m
[38.811s] [100%] Built target rpy
[38.984s] Invoked command in '/home/flejv/bc_ws/build/leap_gesture_interface' returned '0': CMAKE_PREFIX_PATH=${CMAKE_PREFIX_PATH}:/home/flejv/bc_ws/install/parser_pkg:/opt/ros/humble /usr/bin/cmake --build /home/flejv/bc_ws/build/leap_gesture_interface -- -j8 -l8
[39.377s] Invoking command in '/home/flejv/bc_ws/build/leap_gesture_interface': CMAKE_PREFIX_PATH=${CMAKE_PREFIX_PATH}:/home/flejv/bc_ws/install/parser_pkg:/opt/ros/humble /usr/bin/cmake --install /home/flejv/bc_ws/build/leap_gesture_interface
[39.446s] -- Install configuration: ""
[39.543s] -- Installing: /home/flejv/bc_ws/install/leap_gesture_interface/lib/leap_gesture_interface/gesture_interface_node
[39.550s] -- Set runtime path of "/home/flejv/bc_ws/install/leap_gesture_interface/lib/leap_gesture_interface/gesture_interface_node" to ""
[39.574s] -- Installing: /home/flejv/bc_ws/install/leap_gesture_interface/lib/leap_gesture_interface/leap_example_node
[39.577s] -- Set runtime path of "/home/flejv/bc_ws/install/leap_gesture_interface/lib/leap_gesture_interface/leap_example_node" to ""
[39.665s] -- Installing: /home/flejv/bc_ws/install/leap_gesture_interface/lib/leap_gesture_interface/carth
[39.678s] -- Set runtime path of "/home/flejv/bc_ws/install/leap_gesture_interface/lib/leap_gesture_interface/carth" to ""
[39.704s] -- Installing: /home/flejv/bc_ws/install/leap_gesture_interface/lib/leap_gesture_interface/rpy
[39.736s] -- Set runtime path of "/home/flejv/bc_ws/install/leap_gesture_interface/lib/leap_gesture_interface/rpy" to ""
[39.736s] -- Up-to-date: /home/flejv/bc_ws/install/leap_gesture_interface/share/ament_index/resource_index/package_run_dependencies/leap_gesture_interface
[39.741s] -- Up-to-date: /home/flejv/bc_ws/install/leap_gesture_interface/share/ament_index/resource_index/parent_prefix_path/leap_gesture_interface
[39.741s] -- Up-to-date: /home/flejv/bc_ws/install/leap_gesture_interface/share/leap_gesture_interface/environment/ament_prefix_path.sh
[39.741s] -- Up-to-date: /home/flejv/bc_ws/install/leap_gesture_interface/share/leap_gesture_interface/environment/ament_prefix_path.dsv
[39.742s] -- Up-to-date: /home/flejv/bc_ws/install/leap_gesture_interface/share/leap_gesture_interface/environment/path.sh
[39.742s] -- Up-to-date: /home/flejv/bc_ws/install/leap_gesture_interface/share/leap_gesture_interface/environment/path.dsv
[39.742s] -- Up-to-date: /home/flejv/bc_ws/install/leap_gesture_interface/share/leap_gesture_interface/local_setup.bash
[39.742s] -- Up-to-date: /home/flejv/bc_ws/install/leap_gesture_interface/share/leap_gesture_interface/local_setup.sh
[39.742s] -- Up-to-date: /home/flejv/bc_ws/install/leap_gesture_interface/share/leap_gesture_interface/local_setup.zsh
[39.744s] -- Up-to-date: /home/flejv/bc_ws/install/leap_gesture_interface/share/leap_gesture_interface/local_setup.dsv
[39.744s] -- Installing: /home/flejv/bc_ws/install/leap_gesture_interface/share/leap_gesture_interface/package.dsv
[39.761s] -- Up-to-date: /home/flejv/bc_ws/install/leap_gesture_interface/share/ament_index/resource_index/packages/leap_gesture_interface
[39.762s] -- Up-to-date: /home/flejv/bc_ws/install/leap_gesture_interface/share/leap_gesture_interface/cmake/leap_gesture_interfaceConfig.cmake
[39.763s] -- Up-to-date: /home/flejv/bc_ws/install/leap_gesture_interface/share/leap_gesture_interface/cmake/leap_gesture_interfaceConfig-version.cmake
[39.764s] -- Up-to-date: /home/flejv/bc_ws/install/leap_gesture_interface/share/leap_gesture_interface/package.xml
[39.795s] Invoked command in '/home/flejv/bc_ws/build/leap_gesture_interface' returned '0': CMAKE_PREFIX_PATH=${CMAKE_PREFIX_PATH}:/home/flejv/bc_ws/install/parser_pkg:/opt/ros/humble /usr/bin/cmake --install /home/flejv/bc_ws/build/leap_gesture_interface
