[4.601s] Invoking command in '/home/flejv/bc_ws/src/parser_pkg': PYTHONPATH=/home/flejv/bc_ws/build/parser_pkg/prefix_override:/home/flejv/bc_ws/install/parser_pkg/lib/python3.10/site-packages:${PYTHONPATH} /usr/bin/python3 setup.py egg_info --egg-base ../../build/parser_pkg build --build-base /home/flejv/bc_ws/build/parser_pkg/build install --record /home/flejv/bc_ws/build/parser_pkg/install.log --single-version-externally-managed
[4.920s] running egg_info
[4.941s] writing ../../build/parser_pkg/parser_pkg.egg-info/PKG-INFO
[4.942s] writing dependency_links to ../../build/parser_pkg/parser_pkg.egg-info/dependency_links.txt
[4.942s] writing entry points to ../../build/parser_pkg/parser_pkg.egg-info/entry_points.txt
[4.942s] writing requirements to ../../build/parser_pkg/parser_pkg.egg-info/requires.txt
[4.943s] writing top-level names to ../../build/parser_pkg/parser_pkg.egg-info/top_level.txt
[4.985s] reading manifest file '../../build/parser_pkg/parser_pkg.egg-info/SOURCES.txt'
[5.013s] adding license file 'LICENSE'
[5.014s] writing manifest file '../../build/parser_pkg/parser_pkg.egg-info/SOURCES.txt'
[5.014s] running build
[5.014s] running build_py
[5.015s] copying parser_pkg/__init__.py -> /home/flejv/bc_ws/build/parser_pkg/build/lib/parser_pkg
[5.015s] copying parser_pkg/parser.py -> /home/flejv/bc_ws/build/parser_pkg/build/lib/parser_pkg
[5.015s] running install
[5.164s] /home/flejv/.local/lib/python3.10/site-packages/setuptools/_distutils/cmd.py:66: SetuptoolsDeprecationWarning: setup.py install is deprecated.
[5.164s] !!
[5.164s] 
[5.164s]         ********************************************************************************
[5.164s]         Please avoid running ``setup.py`` directly.
[5.164s]         Instead, use pypa/build, pypa/installer or other
[5.164s]         standards-based tools.
[5.165s] 
[5.165s]         See https://blog.ganssle.io/articles/2021/10/setup-py-deprecated.html for details.
[5.165s]         ********************************************************************************
[5.165s] 
[5.165s] !!
[5.165s]   self.initialize_options()
[5.171s] running install_lib
[5.190s] running install_data
[5.208s] copying resource/parser_pkg -> /home/flejv/bc_ws/install/parser_pkg/share/ament_index/resource_index/packages
[5.208s] copying package.xml -> /home/flejv/bc_ws/install/parser_pkg/share/parser_pkg
[5.208s] running install_egg_info
[5.228s] removing '/home/flejv/bc_ws/install/parser_pkg/lib/python3.10/site-packages/parser_pkg-0.0.0-py3.10.egg-info' (and everything under it)
[5.229s] Copying ../../build/parser_pkg/parser_pkg.egg-info to /home/flejv/bc_ws/install/parser_pkg/lib/python3.10/site-packages/parser_pkg-0.0.0-py3.10.egg-info
[5.257s] running install_scripts
[5.432s] Installing parser script to /home/flejv/bc_ws/install/parser_pkg/lib/parser_pkg
[5.433s] writing list of installed files to '/home/flejv/bc_ws/build/parser_pkg/install.log'
[5.477s] Invoked command in '/home/flejv/bc_ws/src/parser_pkg' returned '0': PYTHONPATH=/home/flejv/bc_ws/build/parser_pkg/prefix_override:/home/flejv/bc_ws/install/parser_pkg/lib/python3.10/site-packages:${PYTHONPATH} /usr/bin/python3 setup.py egg_info --egg-base ../../build/parser_pkg build --build-base /home/flejv/bc_ws/build/parser_pkg/build install --record /home/flejv/bc_ws/build/parser_pkg/install.log --single-version-externally-managed
