[0.080s] Invoking command in '/home/flejv/bc_ws/build/bc_pkg': CMAKE_PREFIX_PATH=/home/flejv/bc_ws/install/px4_msgs:/home/flejv/bc_ws/install/bc_pkg:/home/flejv/bc_ws/install/leap_gesture_interface:/opt/ros/humble /usr/bin/cmake --build /home/flejv/bc_ws/build/bc_pkg -- -j8 -l8
[0.156s] [35m[1mConsolidate compiler generated dependencies of target gest[0m
[0.165s] [ 50%] Built target connect
[0.165s] [ 50%] Built target hand
[0.170s] [ 75%] Built target control
[0.182s] [ 87%] [32mBuilding CXX object CMakeFiles/gest.dir/src/gesture.cpp.o[0m
[3.460s] [01m[K/home/flejv/bc_ws/src/bc_pkg/src/gesture.cpp:[m[K In constructor ‘[01m[KGesture::Gesture()[m[K’:
[3.460s] [01m[K/home/flejv/bc_ws/src/bc_pkg/src/gesture.cpp:77:40:[m[K [01;35m[Kwarning: [m[Kparameter declaration before lambda trailing return type only optional with ‘[01m[K-std=c++2b[m[K’ or ‘[01m[K-std=gnu++2b[m[K’
[3.461s]    77 |         auto gesture_callback = [this] [01;35m[K->[m[K void
[3.461s]       |                                        [01;35m[K^~[m[K
[3.462s] [01m[K/home/flejv/bc_ws/src/bc_pkg/src/gesture.cpp:[m[K In lambda function:
[3.462s] [01m[K/home/flejv/bc_ws/src/bc_pkg/src/gesture.cpp:163:42:[m[K [01;31m[Kerror: [m[Kinvalid use of member function ‘[01m[Kstd_msgs::msg::Bool_<ContainerAllocator>::Type& std_msgs::msg::Bool_<ContainerAllocator>::set__data(const bool&) [with ContainerAllocator = std::allocator<void>; std_msgs::msg::Bool_<ContainerAllocator>::Type = std_msgs::msg::Bool_<std::allocator<void> >][m[K’ (did you forget the ‘[01m[K()[m[K’ ?)
[3.463s]   163 |                             [01;31m[Kcalibrated_r.set__data[m[K = true;
[3.463s]       |                             [01;31m[K~~~~~~~~~~~~~^~~~~~~~~[m[K
[3.463s] [01m[K/home/flejv/bc_ws/src/bc_pkg/src/gesture.cpp:184:42:[m[K [01;31m[Kerror: [m[Kinvalid use of member function ‘[01m[Kstd_msgs::msg::Bool_<ContainerAllocator>::Type& std_msgs::msg::Bool_<ContainerAllocator>::set__data(const bool&) [with ContainerAllocator = std::allocator<void>; std_msgs::msg::Bool_<ContainerAllocator>::Type = std_msgs::msg::Bool_<std::allocator<void> >][m[K’ (did you forget the ‘[01m[K()[m[K’ ?)
[3.463s]   184 |                             [01;31m[Kcalibrated_l.set__data[m[K = true;
[3.463s]       |                             [01;31m[K~~~~~~~~~~~~~^~~~~~~~~[m[K
[3.478s] [01m[K/home/flejv/bc_ws/src/bc_pkg/src/gesture.cpp:[m[K In member function ‘[01m[Kvoid Gesture::create_base_hand(const std::vector<geometry_msgs::msg::PoseArray_<std::allocator<void> > >&, std::vector<float>&, hand_type&)[m[K’:
[3.478s] [01m[K/home/flejv/bc_ws/src/bc_pkg/src/gesture.cpp:502:26:[m[K [01;35m[Kwarning: [m[Kcomparison of integer expressions of different signedness: ‘[01m[Kint[m[K’ and ‘[01m[Kstd::vector<geometry_msgs::msg::PoseArray_<std::allocator<void> > >::size_type[m[K’ {aka ‘[01m[Klong unsigned int[m[K’} [[01;35m[K]8;;https://gcc.gnu.org/onlinedocs/gcc/Warning-Options.html#index-Wsign-compare-Wsign-compare]8;;[m[K]
[3.478s]   502 |         for(int i = 0; [01;35m[Ki < msg.size()[m[K; i++)
[3.478s]       |                        [01;35m[K~~^~~~~~~~~~~~[m[K
[3.488s] [01m[K/home/flejv/bc_ws/src/bc_pkg/src/gesture.cpp:[m[K In member function ‘[01m[Kbool Gesture::prepare_calibration_array(std::vector<geometry_msgs::msg::PoseArray_<std::allocator<void> > >&, hand_type&)[m[K’:
[3.488s] [01m[K/home/flejv/bc_ws/src/bc_pkg/src/gesture.cpp:795:26:[m[K [01;35m[Kwarning: [m[Kcomparison of integer expressions of different signedness: ‘[01m[Kint[m[K’ and ‘[01m[Kstd::vector<geometry_msgs::msg::PoseArray_<std::allocator<void> > >::size_type[m[K’ {aka ‘[01m[Klong unsigned int[m[K’} [[01;35m[K]8;;https://gcc.gnu.org/onlinedocs/gcc/Warning-Options.html#index-Wsign-compare-Wsign-compare]8;;[m[K]
[3.488s]   795 |         for(int i = 0; [01;35m[Ki < pose_data.size()-1[m[K; i++)
[3.488s]       |                        [01;35m[K~~^~~~~~~~~~~~~~~~~~~~[m[K
[6.686s] gmake[2]: *** [CMakeFiles/gest.dir/build.make:76: CMakeFiles/gest.dir/src/gesture.cpp.o] Error 1
[6.686s] gmake[1]: *** [CMakeFiles/Makefile2:221: CMakeFiles/gest.dir/all] Error 2
[6.687s] gmake: *** [Makefile:146: all] Error 2
[6.692s] Invoked command in '/home/flejv/bc_ws/build/bc_pkg' returned '2': CMAKE_PREFIX_PATH=/home/flejv/bc_ws/install/px4_msgs:/home/flejv/bc_ws/install/bc_pkg:/home/flejv/bc_ws/install/leap_gesture_interface:/opt/ros/humble /usr/bin/cmake --build /home/flejv/bc_ws/build/bc_pkg -- -j8 -l8
